Device(id="192.168.4.183:5555", name="Motorola XT1058", type='tether')
Base address of libNianticLabsPlugin.so : 0x8742d000
Corrected RVA for 0x546C8 (xxHash64): 0x874816c9
Corrected RVA for 0x87444 (encrypt): 0x874b4445
0x546C8 called
INPUT:
           0  1  2  3  4  5  6  7  8  9  A  B  C  D  E  F  0123456789ABCDEF
00000000  0a 03 70 74 63 12 51 0a 4d 54 47 54 2d xx xx xx  ..ptc.Q.MTGT-***
00000010  xx xx xx xx xx xx xx xx xx xx xx xx xx xx xx xx  ****************
00000020  xx xx xx xx xx xx xx xx xx xx xx xx xx xx xx xx  ****************
00000030  xx xx xx xx xx xx xx xx xx xx xx xx xx xx xx xx  ****************
00000040  xx xx xx xx xx xx 2d 73 73 6f 2e 70 6f 6b 65 6d  ******-sso.pokem
00000050  6f 6e 2e 63 6f 6d 10 3b                          on.com.;
0x546C8 returned
RETURN VALUE: 0xfbe6ea1d
0x546C8 called
INPUT:
           0  1  2  3  4  5  6  7  8  9  A  B  C  D  E  F  0123456789ABCDEF
00000000  08 02 12 08 0a 06 30 2e 33 31 2e 30              ......0.31.0
0x546C8 returned
RETURN VALUE: 0x7dfa8383
0x546C8 called
INPUT:
           0  1  2  3  4  5  6  7  8  9  A  B  C  D  E  F  0123456789ABCDEF
00000000  08 7e                                            .~
0x546C8 returned
RETURN VALUE: 0xd8182148
0x546C8 called
INPUT:
           0  1  2  3  4  5  6  7  8  9  A  B  C  D  E  F  0123456789ABCDEF
00000000  08 04 12 07 08 b3 fc e7 e2 e6 2a                 ..........*
0x546C8 returned
RETURN VALUE: 0x9dc5c5c0
0x546C8 called
INPUT:
           0  1  2  3  4  5  6  7  8  9  A  B  C  D  E  F  0123456789ABCDEF
00000000  08 81 01                                         ...
0x546C8 returned
RETURN VALUE: 0x5e29955a
0x546C8 called
INPUT:
           0  1  2  3  4  5  6  7  8  9  A  B  C  D  E  F  0123456789ABCDEF
00000000  08 05 12 2a 0a 28 xx xx xx xx xx xx xx xx xx xx  ...*.(**********
00000010  30 32 35 62 37 63 64 37 36 65 31 63 34 38 34 65  025b7cd76e1c484e
00000020  32 61 32 34 34 31 31 63 35 30 66 30 36 31        2a24411c50f061
0x546C8 returned
RETURN VALUE: 0xed87a237
0x87444 called
INPUT (2032 BYTES):
           0  1  2  3  4  5  6  7  8  9  A  B  C  D  E  F  0123456789ABCDEF
00000000  10 e0 b9 16 22 23 0a 07 6e 65 74 77 6f 72 6b 10  ...."#..network.
00000010  85 99 09 6d 8a c1 1c 42 75 09 2c c1 c2 ad 01 d5  ...m...Bu.,.....
00000020  78 9b 41 d0 01 03 e0 01 01 22 24 0a 03 67 70 73  x.A......"$..gps
00000030  10 e6 a1 09 25 00 00 98 43 6d 00 00 b4 43 75 00  ....%...Cm...Cu.
00000040  00 b4 c3 ad 01 00 00 c0 41 d0 01 03 e0 01 01 22  ........A......"
00000050  24 0a 03 67 70 73 10 fb a1 04 25 00 00 98 43 6d  $..gps....%...Cm
00000060  00 00 b4 43 75 00 00 b4 c3 ad 01 00 00 c0 41 d0  ...Cu.........A.
00000070  01 03 e0 01 01 22 23 0a 07 6e 65 74 77 6f 72 6b  ....."#..network
00000080  10 d4 e3 04 6d 00 00 b4 43 75 00 00 b4 c3 ad 01  ....m...Cu......
00000090  cb a1 9b 41 d0 01 03 e0 01 01 22 23 0a 07 6e 65  ...A......"#..ne
000000a0  74 77 6f 72 6b 10 f8 85 14 6d 00 00 b4 43 75 00  twork....m...Cu.
000000b0  00 b4 c3 ad 01 c7 4b 9b 41 d0 01 03 e0 01 01 22  ......K.A......"
000000c0  23 0a 07 6e 65 74 77 6f 72 6b 10 bd cc 14 6d 8a  #..network....m.
000000d0  c1 1c 42 75 09 2c c1 c2 ad 01 b2 9d 9b 41 d0 01  ..Bu.,.......A..
000000e0  03 e0 01 01 22 24 0a 03 67 70 73 10 92 ee 14 25  ...."$..gps....%
000000f0  00 80 92 43 6d 00 00 b4 43 75 00 00 b4 c3 ad 01  ...Cm...Cu......
00000100  00 00 00 41 d0 01 03 e0 01 01 22 23 0a 07 6e 65  ...A......"#..ne
00000110  74 77 6f 72 6b 10 c6 f3 14 6d 00 00 b4 43 75 00  twork....m...Cu.
00000120  00 b4 c3 ad 01 a6 9b 9b 41 d0 01 03 e0 01 01 22  ........A......"
00000130  24 0a 03 67 70 73 10 fc f5 14 25 00 00 81 43 6d  $..gps....%...Cm
00000140  00 00 b4 43 75 01 00 b4 c3 ad 01 00 00 e0 40 d0  ...Cu.........@.
00000150  01 03 e0 01 01 22 24 0a 03 67 70 73 10 e1 fd 14  ....."$..gps....
00000160  25 00 00 95 43 6d 00 00 b4 43 75 00 00 b4 c3 ad  %...Cm...Cu.....
00000170  01 00 00 a0 40 d0 01 03 e0 01 01 22 24 0a 03 67  ....@......"$..g
00000180  70 73 10 cb 85 15 25 00 00 98 43 6d 8a c1 1c 42  ps....%...Cm...B
00000190  75 09 2c c1 c2 ad 01 00 00 90 41 d0 01 03 e0 01  u.,.......A.....
000001a0  01 22 24 0a 03 67 70 73 10 cc 8e 15 25 00 00 98  ."$..gps....%...
000001b0  43 6d 00 00 b4 43 75 00 00 b4 c3 ad 01 00 00 30  Cm...Cu........0
000001c0  41 d0 01 03 e0 01 01 22 24 0a 03 67 70 73 10 c7  A......"$..gps..
000001d0  96 15 25 00 00 98 43 6d 00 00 b4 43 75 00 00 b4  ..%...Cm...Cu...
000001e0  c3 ad 01 00 00 80 41 d0 01 03 e0 01 01 22 24 0a  ......A......"$.
000001f0  03 67 70 73 10 93 9e 15 25 00 00 98 43 6d 00 00  .gps....%...Cm..
00000200  b4 43 75 00 00 b4 c3 ad 01 00 00 90 41 d0 01 03  .Cu.........A...
00000210  e0 01 01 22 24 0a 03 67 70 73 10 de a5 15 25 00  ..."$..gps....%.
00000220  00 98 43 6d 00 00 b4 43 75 00 00 b4 c3 ad 01 00  ..Cm...Cu.......
00000230  00 80 41 d0 01 03 e0 01 01 22 24 0a 03 67 70 73  ..A......"$..gps
00000240  10 b5 ad 15 25 00 00 98 43 6d 8a c1 1c 42 75 09  ....%...Cm...Bu.
00000250  2c c1 c2 ad 01 00 00 70 41 d0 01 03 e0 01 01 22  ,......pA......"
00000260  24 0a 03 67 70 73 10 b7 b5 15 25 00 00 98 43 6d  $..gps....%...Cm
00000270  00 00 b4 43 75 00 00 b4 c3 ad 01 00 00 50 41 d0  ...Cu........PA.
00000280  01 03 e0 01 01 22 24 0a 03 67 70 73 10 a1 bd 15  ....."$..gps....
00000290  25 00 00 98 43 6d 00 00 b4 43 75 00 00 b4 c3 ad  %...Cm...Cu.....
000002a0  01 00 00 60 41 d0 01 03 e0 01 01 22 24 0a 03 67  ...`A......"$..g
000002b0  70 73 10 f0 c4 15 25 00 00 98 43 6d 00 00 b4 43  ps....%...Cm...C
000002c0  75 00 00 b4 c3 ad 01 00 00 70 41 d0 01 03 e0 01  u........pA.....
000002d0  01 22 24 0a 03 67 70 73 10 e1 cc 15 25 00 00 98  ."$..gps....%...
000002e0  43 6d 00 00 b4 43 75 00 00 b4 c3 ad 01 00 00 50  Cm...Cu........P
000002f0  41 d0 01 03 e0 01 01 22 24 0a 03 67 70 73 10 d0  A......"$..gps..
00000300  d4 15 25 00 80 98 43 6d 8a c1 1c 42 75 09 2c c1  ..%...Cm...Bu.,.
00000310  c2 ad 01 00 00 60 41 d0 01 03 e0 01 01 22 24 0a  .....`A......"$.
00000320  03 67 70 73 10 c5 dc 15 25 00 80 98 43 6d 00 00  .gps....%...Cm..
00000330  b4 43 75 00 00 b4 c3 ad 01 00 00 40 41 d0 01 03  .Cu........@A...
00000340  e0 01 01 22 24 0a 03 67 70 73 10 b2 e4 15 25 00  ..."$..gps....%.
00000350  80 98 43 6d 00 00 b4 43 75 00 00 b4 c3 ad 01 00  ..Cm...Cu.......
00000360  00 30 41 d0 01 03 e0 01 01 22 24 0a 03 67 70 73  .0A......"$..gps
00000370  10 ab ec 15 25 00 80 98 43 6d 00 00 b4 43 75 00  ....%...Cm...Cu.
00000380  00 b4 c3 ad 01 00 00 30 41 d0 01 03 e0 01 01 22  .......0A......"
00000390  24 0a 03 67 70 73 10 de f3 15 25 00 80 98 43 6d  $..gps....%...Cm
000003a0  00 00 b4 43 75 00 00 b4 c3 ad 01 00 00 10 41 d0  ...Cu.........A.
000003b0  01 03 e0 01 01 22 24 0a 03 67 70 73 10 fe fb 15  ....."$..gps....
000003c0  25 00 80 98 43 6d 8a c1 1c 42 75 09 2c c1 c2 ad  %...Cm...Bu.,...
000003d0  01 00 00 e0 40 d0 01 03 e0 01 01 22 24 0a 03 67  ....@......"$..g
000003e0  70 73 10 df 83 16 25 00 80 98 43 6d 00 00 b4 43  ps....%...Cm...C
000003f0  75 00 00 b4 c3 ad 01 00 00 e0 40 d0 01 03 e0 01  u.........@.....
00000400  01 22 24 0a 03 67 70 73 10 ba 8b 16 25 00 80 98  ."$..gps....%...
00000410  43 6d 00 00 b4 43 75 00 00 b4 c3 ad 01 00 00 c0  Cm...Cu.........
00000420  40 d0 01 03 e0 01 01 22 24 0a 03 67 70 73 10 a2  @......"$..gps..
00000430  93 16 25 00 80 98 43 6d 00 00 b4 43 75 00 00 b4  ..%...Cm...Cu...
00000440  c3 ad 01 00 00 a0 40 d0 01 03 e0 01 01 22 24 0a  ......@......"$.
00000450  03 67 70 73 10 91 9b 16 25 00 80 98 43 6d 00 00  .gps....%...Cm..
00000460  b4 43 75 00 00 b4 c3 ad 01 00 00 a0 40 d0 01 03  .Cu.........@...
00000470  e0 01 01 22 24 0a 03 67 70 73 10 f5 a2 16 25 00  ..."$..gps....%.
00000480  80 98 43 6d 8a c1 1c 42 75 09 2c c1 c2 ad 01 00  ..Cm...Bu.,.....
00000490  00 80 40 d0 01 03 e0 01 01 22 24 0a 03 67 70 73  ..@......"$..gps
000004a0  10 80 ab 16 25 00 80 98 43 6d 39 c1 1c 42 75 ef  ....%...Cm9..Bu.
000004b0  2b c1 c2 ad 01 00 00 a0 40 d0 01 03 e0 01 01 22  +.......@......"
000004c0  24 0a 03 67 70 73 10 d6 b2 16 25 00 80 98 43 6d  $..gps....%...Cm
000004d0  39 c1 1c 42 75 ef 2b c1 c2 ad 01 00 00 a0 40 d0  9..Bu.+.......@.
000004e0  01 03 e0 01 01 2a d1 02 08 d7 57 12 14 02 05 0c  .....*....W.....
000004f0  0d 0f 12 14 15 19 1a 1d 44 45 46 47 4b 53 54 55  ........DEFGKSTU
00000500  56 1a 50 00 00 9a 42 00 00 48 42 00 00 44 43 00  V.P...B..HB..DC.
00000510  00 02 43 00 00 27 43 00 00 63 43 00 00 65 43 00  ..C..'C..cC..eC.
00000520  00 8d 43 00 00 68 43 00 00 a3 43 00 00 9b 43 00  ..C..hC...C...C.
00000530  00 e0 41 00 00 1c 42 00 00 36 43 00 00 49 43 00  ..A...B..6C..IC.
00000540  80 82 43 00 00 ee 42 00 00 b8 42 00 80 ab 43 00  ..C...B...B...C.
00000550  80 9c 43 22 50 00 00 08 42 00 00 82 42 00 00 60  ..C"P...B...B..`
00000560  41 00 00 d8 41 00 00 90 41 00 00 40 40 00 00 58  A...A...A..@@..X
00000570  42 00 00 98 41 00 00 f0 41 00 00 40 40 00 00 86  B...A...A..@@...
00000580  42 00 00 00 40 00 00 44 42 00 00 7c 42 00 00 60  B...@..DB..|B..`
00000590  41 00 00 00 40 00 00 80 40 00 00 50 42 00 00 60  A...@...@..PB..`
000005a0  42 00 00 00 41 2a 50 cd cc b4 41 66 66 b2 41 00  B...A*P...Aff.A.
000005b0  00 80 41 00 00 9c 41 00 00 00 00 00 00 00 00 33  ..A...A........3
000005c0  33 93 41 00 00 58 41 9a 99 a9 41 00 00 00 00 cd  3.A..XA...A.....
000005d0  cc c0 41 00 00 00 00 9a 99 21 41 66 66 26 41 00  ..A......!Aff&A.
000005e0  00 00 00 00 00 00 00 00 00 00 00 00 00 9c 41 9a  ..............A.
000005f0  99 c1 41 9a 99 95 41 32 14 01 01 01 01 01 01 01  ..A...A2........
00000600  01 01 01 01 00 01 00 00 00 00 01 01 00 3a 14 01  .............:..
00000610  01 01 01 01 01 01 01 01 01 01 00 01 00 00 00 00  ................
00000620  01 01 00 42 14 01 01 01 01 00 00 01 01 01 00 01  ...B............
00000630  00 01 00 00 00 00 01 01 00 3a 91 01 08 ef a6 16  .........:......
00000640  19 00 00 00 00 56 7f bd bf 21 00 00 00 00 f0 15  .....V...!......
00000650  cf 3f 29 00 00 00 00 40 1c 9f bf 31 00 00 00 00  .?)....@...1....
00000660  00 00 14 c0 39 00 00 00 00 00 c0 46 c0 41 00 00  ....9......F.A..
00000670  00 00 00 c0 34 c0 51 00 00 00 20 11 89 c9 3f 59  ....4.Q... ...?Y
00000680  00 00 00 80 83 90 d2 bf 61 00 00 00 c0 55 ae ec  ........a....U..
00000690  bf 69 00 00 00 60 aa f6 be bf 71 00 00 00 40 9f  .i...`....q...@.
000006a0  1d ca bf 79 00 00 00 60 40 65 a8 bf 81 01 00 00  ...y...`@e......
000006b0  00 e0 70 8f ff bf 89 01 00 00 00 20 28 9e 18 40  ..p........ (..@
000006c0  91 01 00 00 00 a0 cf 80 1d 40 98 01 03 42 c0 01  .........@...B..
000006d0  0a 10 65 65 34 62 64 66 39 65 32 65 61 30 34 37  ..ee4bdf9e2ea047
000006e0  35 31 12 07 4d 53 4d 38 39 36 30 1a 06 30 78 33  51..MSM8960..0x3
000006f0  30 42 45 22 08 6d 6f 74 6f 72 6f 6c 61 2a 05 67  0BE".motorola*.g
00000700  68 6f 73 74 32 10 4c 50 41 53 32 33 2e 31 32 2d  host2.LPAS23.12-
00000710  32 31 2e 37 2d 31 3a 04 71 63 6f 6d 42 08 6d 6f  21.7-1:.qcomB.mo
00000720  74 6f 72 6f 6c 61 4a 06 58 54 31 30 35 38 52 09  torolaJ.XT1058R.
00000730  67 68 6f 73 74 5f 61 74 74 62 0c 72 65 6c 65 61  ghost_attb.relea
00000740  73 65 2d 6b 65 79 73 6a 04 75 73 65 72 72 41 6d  se-keysj.userrAm
00000750  6f 74 6f 72 6f 6c 61 2f 67 68 6f 73 74 5f 61 74  otorola/ghost_at
00000760  74 2f 67 68 6f 73 74 3a 35 2e 31 2f 4c 50 41 53  t/ghost:5.1/LPAS
00000770  32 33 2e 31 32 2d 32 31 2e 37 2d 31 2f 31 3a 75  23.12-21.7-1/1:u
00000780  73 65 72 2f 72 65 6c 65 61 73 65 2d 6b 65 79 73  ser/release-keys
00000790  4a 00 50 e6 e6 c6 ee 07 a0 01 bb ea c5 f9 fc ff  J.P.............
000007a0  ff ff ff 01 b2 01 10 42 46 77 7d 80 6b cc 9f d6  .......BFw}.k...
000007b0  5e e7 b9 48 ff 23 a7 b8 01 d5 e4 fc e2 e6 2a c2  ^..H.#........*.
000007c0  01 2e 83 87 ea ef c7 d0 f9 8b a1 01 c8 c2 e0 c0  ................
000007d0  9d 81 8d ab 20 c0 8b 97 ee d9 9e e0 e4 08 da aa  .... ...........
000007e0  a6 f1 f5 da d3 bf 77 b7 c4 9e ec ae a3 c4 e5 1f  ......w.........
0x87444 returned
RETURN VALUE: 0x94e91d20
RESULT (2064 BYTES):
           0  1  2  3  4  5  6  7  8  9  A  B  C  D  E  F  0123456789ABCDEF
00000000  74 85 b5 29 bf 7f 3c 4f 11 88 c2 64 4a f8 8c 96  t..)..<O...dJ...
00000010  2a 65 13 cd e0 66 9c 3e 31 72 75 1d 41 e6 cd 6f  *e...f.>1ru.A..o
00000020  38 03 49 ac 73 69 49 17 23 fe ce 1c b1 27 97 99  8.I.siI.#....'..
00000030  28 d1 ab 3c 73 10 63 2f ea 3d 8f 52 6f cb c1 4f  (..<s.c/.=.Ro..O
00000040  24 c7 95 16 b2 c3 70 98 ff 2c 3b 33 df fc b2 f3  $.....p..,;3....
00000050  2a 3b 07 fd bb 3e 5f 18 53 d3 08 8a 16 47 0e c4  *;...>_.S....G..
00000060  17 83 05 c3 18 53 67 40 87 63 d3 8e 4c be f9 bb  .....Sg@.c..L...
00000070  ef 9d 5b b8 b9 b1 3e 55 1e 57 85 b7 bf 02 48 cc  ..[...>U.W....H.
00000080  7d 5d b4 e2 2f dc 69 e8 b3 f1 39 38 57 fd d3 3b  }]../.i...98W..;
00000090  2f ef 9c 09 e8 bd ae 84 7e 0d 38 73 9f f2 37 b1  /.......~.8s..7.
000000a0  4b fa c5 ef 3e 5c 6a bb c3 db 23 76 6a 27 2b e8  K...>\j...#vj'+.
000000b0  70 59 5c 8d 46 95 c3 b5 5f 56 ce 63 c9 a1 f7 21  pY\.F..._V.c...!
000000c0  81 20 88 bf 2b 0b 7c 92 de 76 33 e3 47 1f 08 0c  . ..+.|..v3.G...
000000d0  2c f3 c6 ea 79 c3 45 a2 b2 38 da 82 94 55 6b 21  ,...y.E..8...Uk!
000000e0  d6 5d ec 54 cf 32 41 2f 00 01 29 5f 25 53 b9 75  .].T.2A/..)_%S.u
000000f0  70 df 1e dd 9b 59 f0 99 73 d7 52 49 94 fd 70 ca  p....Y..s.RI..p.
00000100  0e dc 8e 0e 1a b8 05 53 60 4c ee 61 50 7d 03 75  .......S`L.aP}.u
00000110  8c 57 8a a7 b1 25 89 27 4f 29 88 bc 17 47 73 2a  .W...%.'O)...Gs*
00000120  8e cc a2 ba 6c c3 e9 33 14 a8 16 43 f9 f2 4a 91  ....l..3...C..J.
00000130  d7 5f 64 db 3b e8 14 bb fc c7 bf 16 44 01 88 12  ._d.;.......D...
00000140  a7 e4 a3 7a 4d 85 2e fa bb 7d 68 14 5e 8f e0 4b  ...zM....}h.^..K
00000150  28 cd b1 cd 9b f6 31 0e 70 31 3b aa 8e 22 82 1b  (.....1.p1;.."..
00000160  5d 39 c4 5c ea 88 61 fe cd 7c a2 a0 54 d5 07 c9  ]9.\..a..|..T...
00000170  b1 72 de 75 d7 e1 12 e1 5a 42 7a 4b 6a 63 3e 76  .r.u....ZBzKjc>v
00000180  f7 ad 6b 7a 31 fe 82 bd ca 39 77 46 44 f6 d9 53  ..kz1....9wFD..S
00000190  68 76 3b a2 88 70 cc 63 9e e3 9f e3 a4 15 b6 5a  hv;..p.c.......Z
000001a0  8d 5d 25 15 84 36 de a8 92 5d 8f bf db 79 20 ce  .]%..6...]...y .
000001b0  4f 4e 7c b4 f4 e2 9a f3 e4 ca 90 f5 82 18 24 d9  ON|...........$.
000001c0  7e 7b 8f 8e 7c 2e af 5c 88 3a 29 24 4f cf a6 61  ~{..|..\.:)$O..a
000001d0  85 00 60 10 7f 98 61 d7 2e 9c a2 de 2e 42 20 20  ..`...a......B
000001e0  a6 cf 2a 91 52 ce 17 32 f1 1b e9 d0 f7 70 17 f1  ..*.R..2.....p..
000001f0  79 af c4 bd 3c 9a 3a 2d 09 e9 8a d4 50 dd 4f 21  y...<.:-....P.O!
00000200  77 08 d3 da 16 c2 85 c4 6b 05 fa 24 a0 30 74 ce  w.......k..$.0t.
00000210  6a da b0 48 53 16 92 82 b8 57 1a 0b a3 60 14 c4  j..HS....W...`..
00000220  cd 5d c7 77 6d 43 47 9b d0 c2 27 6d ce 3d 7a 65  .].wmCG...'m.=ze
00000230  f7 42 37 1f 41 41 8c 93 47 37 61 08 48 44 b1 85  .B7.AA..G7a.HD..
00000240  c1 8f 8d 0c 75 7d 5b 9f 1f ee a0 99 0b af 42 ef  ....u}[.......B.
00000250  db ef ce 39 79 dd f3 30 6b ca 72 8b 61 49 36 92  ...9y..0k.r.aI6.
00000260  b5 1c eb 11 ac a0 e8 44 80 04 ea 6a e0 3d 0a e7  .......D...j.=..
00000270  65 5b 20 d1 65 e3 f0 40 ac b8 58 9a ca c8 27 e4  e[ .e..@..X...'.
00000280  66 92 33 af f2 7f c9 4b 23 2a 70 62 72 6b ba 81  f.3....K#*pbrk..
00000290  67 b0 79 f7 b4 10 25 d3 eb f2 21 65 4f b0 3c 69  g.y...%...!eO.<i
000002a0  be ed b2 9e 9f 70 fd 36 10 bd 42 34 13 7e c9 21  .....p.6..B4.~.!
000002b0  cb 6e 65 4f 1f 41 bb dd ee 87 07 63 12 77 41 de  .neO.A.....c.wA.
000002c0  ba 74 80 5c cd 10 78 6e 3d 8f da 4c bb 81 cb e2  .t.\..xn=..L....
000002d0  a1 53 92 43 48 85 99 17 3a 38 2f d6 a5 6b 52 95  .S.CH...:8/..kR.
000002e0  36 38 cd 9a a2 e8 17 4a 9f 30 22 ba 45 af fd 07  68.....J.0".E...
000002f0  14 85 db 05 c4 1e 30 ef b2 90 2c d2 00 81 dd 02  ......0...,.....
00000300  72 2f e4 45 87 27 ec 67 2c 0a 90 0c c8 7d 06 ef  r/.E.'.g,....}..
00000310  30 1f 83 17 d3 7a e1 76 ec 2d 81 3f 36 c6 0c 5f  0....z.v.-.?6.._
00000320  c9 bd fd c4 06 78 78 32 6c 4f ee da 2f 48 c0 0c  .....xx2lO../H..
00000330  25 31 bc 60 3b 20 4e e7 4c 68 cd a4 13 b2 87 89  %1.`; N.Lh......
00000340  b7 c1 bd c8 a6 86 0d 25 da 38 8d 49 89 c1 98 c2  .......%.8.I....
00000350  3f 13 b8 16 cb d8 f2 1a 42 8c 7e 53 1d 21 5f 58  ?.......B.~S.!_X
00000360  07 e4 a1 21 fa ea 89 8f b8 33 5e 41 02 e4 72 69  ...!.....3^A..ri
00000370  64 b3 0e e8 5e 20 a2 5d f7 ef 20 20 99 6c bb 91  d...^ .]..  .l..
00000380  ee 82 44 79 51 5e 65 34 5f 0c e8 5a 9f 11 db d9  ..DyQ^e4_..Z....
00000390  c0 59 02 4c 94 8b 93 9d 80 ce 3c d0 62 88 1b b1  .Y.L......<.b...
000003a0  31 ea 44 4d 94 04 d3 c3 d8 82 a2 47 51 83 da 9b  1.DM.......GQ...
000003b0  05 a3 e7 ba 10 27 0f d0 2b 6c 9b 65 9b c1 54 17  .....'..+l.e..T.
000003c0  84 1c 74 8e 33 be 35 b7 88 67 ab 8a 44 77 8a 0c  ..t.3.5..g..Dw..
000003d0  26 a2 22 83 05 71 18 7c dd 44 42 67 76 c1 ee 5a  &."..q.|.DBgv..Z
000003e0  b1 17 ce 15 42 65 e8 5f 96 86 be 54 56 6e 21 69  ....Be._...TVn!i
000003f0  48 43 76 5e 3b 4d d2 17 a5 a2 8a ce db b4 4e 05  HCv^;M........N.
00000400  72 43 53 fd f4 79 ef 03 83 88 33 14 73 ef e2 d2  rCS..y....3.s...
00000410  99 e6 e6 dc a9 d1 77 41 17 c6 90 5e 5c d4 1c 4b  ......wA...^\..K
00000420  30 4e 12 33 a6 03 73 7d 3c 4c e3 51 b3 31 04 ab  0N.3..s}<L.Q.1..
00000430  6f 2d 67 69 64 56 34 d2 9c 34 cc 8b 96 65 00 02  o-gidV4..4...e..
00000440  48 74 02 26 b6 12 ee 15 fe f3 1e 89 e6 1c dc a0  Ht.&............
00000450  b8 f6 a4 03 78 a9 6e 21 b6 b2 34 98 56 35 82 75  ....x.n!..4.V5.u
00000460  80 14 7b 1a 2d 31 45 c9 ed 2c d8 7e 7f 98 f1 47  ..{.-1E..,.~...G
00000470  b2 39 d2 1b a4 1b a7 9f 92 20 74 1d 0c ae c8 6c  .9....... t....l
00000480  93 9f a9 93 40 ee 7d 72 dd d0 6c 61 84 c2 08 91  ....@.}r..la....
00000490  67 45 7a 79 36 03 5b ea 21 a4 cd e8 9e 0d b2 99  gEzy6.[.!.......
000004a0  5f 8c 04 a2 f4 66 82 0c dc 78 0d ec c8 1e 8f f0  _....f...x......
000004b0  03 6b d7 f1 44 3f 3f 8b ba e9 e2 aa f7 17 7e 7e  .k..D??.......~~
000004c0  03 4a b6 ee 86 84 0c fd e3 29 1e 2b f7 a2 cd 5a  .J.......).+...Z
000004d0  0b d3 b3 e2 f2 6e 27 68 6a 84 db 58 cf 97 8e f5  .....n'hj..X....
000004e0  1e c1 50 17 a6 a1 2a 2b 77 97 8c c0 54 0d 80 87  ..P...*+w...T...
000004f0  0c 6b 9d 31 a5 dd 56 6b ec 94 23 c3 64 61 11 20  .k.1..Vk..#.da.
00000500  62 3b 2a 8d 19 cc 24 4c 6f ec 79 fa 8b 5f 17 5b  b;*...$Lo.y.._.[
00000510  a5 ad 7a 8a 3a ba b0 50 ff 8c 37 64 76 89 c0 f1  ..z.:..P..7dv...
00000520  4d 68 31 4e 38 5b 45 aa a5 b3 72 88 ec 58 0a f7  Mh1N8[E...r..X..
00000530  48 6e f9 00 00 de 6f aa 21 b7 8f df e1 c3 93 e8  Hn....o.!.......
00000540  36 bc 5a a0 ab 63 8d 4e 8b a1 0b 1e 5f 27 71 ee  6.Z..c.N...._'q.
00000550  cf ca 28 e3 39 97 d1 b9 ff 1a 6d 80 3a 58 51 a4  ..(.9.....m.:XQ.
00000560  5e 46 09 b9 bf 23 64 51 e6 38 f0 9e 22 0f c2 fd  ^F...#dQ.8.."...
00000570  4a d9 5f 7d d6 44 56 2c c4 17 a1 0e 7f d5 a8 b3  J._}.DV,........
00000580  89 ca 9b f3 3b 06 a0 d4 a7 db 4b 55 7c c4 07 a1  ....;.....KU|...
00000590  9b ca 13 0f a4 3a 57 cc c9 93 4b b1 c0 36 b4 38  .....:W...K..6.8
000005a0  84 5d 4f 53 24 1d 89 ce 17 53 23 11 77 4f 91 a2  .]OS$....S#.wO..
000005b0  b0 7d 0c 9d 03 79 1e 5f 46 de 57 1a 96 79 03 3b  .}...y._F.W..y.;
000005c0  18 c3 d9 a2 29 05 52 69 71 55 b4 ce 0a 6a 7a 26  ....).RiqU...jz&
000005d0  92 45 2e 35 4f 21 7c a3 61 4d ca b1 d4 ea 15 dd  .E.5O!|.aM......
000005e0  a4 34 29 53 a0 2c a8 aa 42 b9 00 ab d9 e1 3c 1c  .4)S.,..B.....<.
000005f0  40 f0 9a 6e d8 97 69 e3 c9 f8 dc 51 b8 bb 34 d1  @..n..i....Q..4.
00000600  52 c3 42 7a f3 f6 10 96 ed e9 37 6e fc 7d d9 0f  R.Bz......7n.}..
00000610  8c 5c a1 7c 0b a2 4c ba 7e b8 76 ec 7c 0c 62 7e  .\.|..L.~.v.|.b~
00000620  87 03 96 cf d2 90 18 26 6e ca ea df d1 7f 81 1d  .......&n.......
00000630  32 26 0f 88 2f 19 7a 83 8b cb bf a7 dd 19 66 09  2&../.z.......f.
00000640  52 44 6f 0c 51 4d 8a 35 4a a5 a4 cd 76 33 a5 53  RDo.QM.5J...v3.S
00000650  d7 ee d5 4f 7d c8 ee d9 91 56 59 11 ec 3d a6 3d  ...O}....VY..=.=
00000660  72 cf 50 b2 e6 be 26 86 a8 a0 53 c0 d5 80 e4 c3  r.P...&...S.....
00000670  f0 33 10 39 43 cc de 9e cb a5 1f 7d 53 a1 e4 d9  .3.9C......}S...
00000680  d5 f7 d6 6e 24 a2 82 60 25 89 d0 80 1a 42 56 6e  ...n$..`%....BVn
00000690  93 86 b6 72 83 2b 44 2b 7c 64 d5 bf 15 d7 01 62  ...r.+D+|d.....b
000006a0  52 e5 e4 29 09 d0 c6 6c e0 52 8c 88 0d 0c 5b 3b  R..)...l.R....[;
000006b0  8d ec c7 7a fc 05 b6 7a 01 3a 74 9d 4a 88 23 1d  ...z...z.:t.J.#.
000006c0  70 55 a1 c7 cd 4e f7 3b 4e f8 88 e8 71 2e ce 41  pU...N.;N...q..A
000006d0  fe c4 2f 61 a3 57 d5 79 33 7e 17 1a da f0 26 85  ../a.W.y3~....&.
000006e0  c7 85 ef f7 c4 72 ba 84 e2 7e 48 d7 05 c2 e6 f1  .....r...~H.....
000006f0  0c b0 37 76 b6 c9 21 41 63 d1 d4 d9 18 7e 8a 3d  ..7v..!Ac....~.=
00000700  c2 d2 14 d7 ba 60 0c e7 3f ab 8b 28 92 43 25 66  .....`..?..(.C%f
00000710  e3 f2 2f ee 87 cd 35 4c 8e 55 6a a1 ef 2c 4c 09  ../...5L.Uj..,L.
00000720  42 e3 89 ec 90 ee 33 b6 32 31 0c ed 3b fc b2 3f  B.....3.21..;..?
00000730  3e 70 06 43 78 97 88 17 2d 42 f0 5b 4b 77 68 7d  >p.Cx...-B.[Kwh}
00000740  3b 0c 0f 2c 72 91 bb 74 2b ba e0 84 df 12 05 98  ;..,r..t+.......
00000750  a0 82 2e 4d 61 6b 99 29 8f 4a 03 92 f8 bf e4 c9  ...Mak.).J......
00000760  d0 ae bb 0c 40 ef b5 f7 04 25 f7 31 ca c5 42 e4  ....@....%.1..B.
00000770  3f 6b de 8f 12 fc bb 6c d7 bd 05 a5 e4 19 d8 86  ?k.....l........
00000780  de 77 f8 60 7f aa 2a 09 c5 cb 58 c0 20 a1 33 ec  .w.`..*...X. .3.
00000790  e3 10 01 fe bf 72 2c 55 ae 7c 13 48 d7 5b 9a 0d  .....r,U.|.H.[..
000007a0  91 08 d6 54 87 9e 02 70 6c d1 00 ce 8c 67 71 45  ...T...pl....gqE
000007b0  d8 4a b3 b3 08 28 71 42 bd 1b 89 63 f8 3a c3 b9  .J...(qB...c.:..
000007c0  d1 95 2f 7b e1 99 47 cd 73 dd cf d8 12 5a 8d eb  ../{..G.s....Z..
000007d0  8f f4 c5 3b 23 26 63 60 37 9e 27 6c bf 0a bf 34  ...;#&c`7.'l...4
000007e0  52 57 fb 24 d2 d1 90 28 1a c7 20 99 0f c1 39 ec  RW.$...(.. ...9.
000007f0  04 f8 f4 e7 46 6e 77 4a de 17 3f c1 a0 5c 2d 4f  ....FnwJ..?..\-O
00000800  5b 11 cf 18 4f f6 b5 c1 d0 8c c5 87 50 22 d4 54  [...O.......P".T
0x546C8 called
INPUT:
           0  1  2  3  4  5  6  7  8  9  A  B  C  D  E  F  0123456789ABCDEF
00000000  0a 03 70 74 63 12 51 0a 4d 54 47 54 2d xx xx xx  ..ptc.Q.MTGT-***
00000010  xx xx xx xx xx xx xx xx xx xx xx xx xx xx xx xx  ****************
00000020  xx xx xx xx xx xx xx xx xx xx xx xx xx xx xx xx  ****************
00000030  xx xx xx xx xx xx xx xx xx xx xx xx xx xx xx xx  ****************
00000040  xx xx xx xx xx xx 2d 73 73 6f 2e 70 6f 6b 65 6d  ******-sso.pokem
00000050  6f 6e 2e 63 6f 6d 10 3b                          on.com.;
0x546C8 returned
RETURN VALUE: 0xfbe6ea1d
0x546C8 called
INPUT:
           0  1  2  3  4  5  6  7  8  9  A  B  C  D  E  F  0123456789ABCDEF
00000000  08 02 12 08 0a 06 30 2e 33 31 2e 30              ......0.31.0
0x546C8 returned
RETURN VALUE: 0x7dfa8383
0x546C8 called
INPUT:
           0  1  2  3  4  5  6  7  8  9  A  B  C  D  E  F  0123456789ABCDEF
00000000  08 7e                                            .~
0x546C8 returned
RETURN VALUE: 0xd8182148
0x546C8 called
INPUT:
           0  1  2  3  4  5  6  7  8  9  A  B  C  D  E  F  0123456789ABCDEF
00000000  08 04 12 07 08 b3 fc e7 e2 e6 2a                 ..........*
0x546C8 returned
RETURN VALUE: 0x9dc5c5c0
0x546C8 called
INPUT:
           0  1  2  3  4  5  6  7  8  9  A  B  C  D  E  F  0123456789ABCDEF
00000000  08 81 01                                         ...
0x546C8 returned
RETURN VALUE: 0x5e29955a
0x546C8 called
INPUT:
           0  1  2  3  4  5  6  7  8  9  A  B  C  D  E  F  0123456789ABCDEF
00000000  08 05 12 2a 0a 28 xx xx xx xx xx xx xx xx xx xx  ...*.(**********
00000010  30 32 35 62 37 63 64 37 36 65 31 63 34 38 34 65  025b7cd76e1c484e
00000020  32 61 32 34 34 31 31 63 35 30 66 30 36 31        2a24411c50f061
0x546C8 returned
RETURN VALUE: 0xed87a237
0x87444 called
INPUT (1309 BYTES):
           0  1  2  3  4  5  6  7  8  9  A  B  C  D  E  F  0123456789ABCDEF
00000000  10 91 99 17 22 24 0a 03 67 70 73 10 a0 ba 16 25  ...."$..gps....%
00000010  00 80 98 43 6d 8a c1 1c 42 75 09 2c c1 c2 ad 01  ...Cm...Bu.,....
00000020  00 00 c0 40 d0 01 03 e0 01 01 22 23 0a 07 6e 65  ...@......"#..ne
00000030  74 77 6f 72 6b 10 f1 bd 16 6d 00 00 b4 43 75 00  twork....m...Cu.
00000040  00 b4 c3 ad 01 9a 99 9b 41 d0 01 03 e0 01 01 22  ........A......"
00000050  24 0a 03 67 70 73 10 90 c2 16 25 00 80 98 43 6d  $..gps....%...Cm
00000060  00 00 b4 43 75 00 00 b4 c3 ad 01 00 00 c0 40 d0  ...Cu.........@.
00000070  01 03 e0 01 01 22 24 0a 03 67 70 73 10 85 ca 16  ....."$..gps....
00000080  25 00 80 98 43 6d 00 00 b4 43 75 00 00 b4 c3 ad  %...Cm...Cu.....
00000090  01 00 00 c0 40 d0 01 03 e0 01 01 22 24 0a 03 67  ....@......"$..g
000000a0  70 73 10 f8 d1 16 25 00 80 98 43 6d 00 00 b4 43  ps....%...Cm...C
000000b0  75 00 00 b4 c3 ad 01 00 00 c0 40 d0 01 03 e0 01  u.........@.....
000000c0  01 22 24 0a 03 67 70 73 10 e8 d9 16 25 00 80 98  ."$..gps....%...
000000d0  43 6d 8a c1 1c 42 75 09 2c c1 c2 ad 01 00 00 a0  Cm...Bu.,.......
000000e0  40 d0 01 03 e0 01 01 22 24 0a 03 67 70 73 10 a4  @......"$..gps..
000000f0  e1 16 25 00 80 98 43 6d 00 00 b4 43 75 00 00 b4  ..%...Cm...Cu...
00000100  c3 ad 01 00 00 a0 40 d0 01 03 e0 01 01 22 24 0a  ......@......"$.
00000110  03 67 70 73 10 a3 e9 16 25 00 80 98 43 6d 00 00  .gps....%...Cm..
00000120  b4 43 75 00 00 b4 c3 ad 01 00 00 a0 40 d0 01 03  .Cu.........@...
00000130  e0 01 01 22 24 0a 03 67 70 73 10 8a f1 16 25 00  ..."$..gps....%.
00000140  80 98 43 6d 00 00 b4 43 75 00 00 b4 c3 ad 01 00  ..Cm...Cu.......
00000150  00 a0 40 d0 01 03 e0 01 01 22 24 0a 03 67 70 73  ..@......"$..gps
00000160  10 fc f8 16 25 00 80 98 43 6d 00 00 b4 43 75 00  ....%...Cm...Cu.
00000170  00 b4 c3 ad 01 00 00 a0 40 d0 01 03 e0 01 01 22  ........@......"
00000180  24 0a 03 67 70 73 10 dc 80 17 25 00 80 98 43 6d  $..gps....%...Cm
00000190  8a c1 1c 42 75 09 2c c1 c2 ad 01 00 00 a0 40 d0  ...Bu.,.......@.
000001a0  01 03 e0 01 01 22 24 0a 03 67 70 73 10 b2 88 17  ....."$..gps....
000001b0  25 00 80 98 43 6d 00 00 b4 43 75 00 00 b4 c3 ad  %...Cm...Cu.....
000001c0  01 00 00 a0 40 d0 01 03 e0 01 01 22 24 0a 03 67  ....@......"$..g
000001d0  70 73 10 bd 90 17 25 00 80 98 43 6d 3a c1 1c 42  ps....%...Cm:..B
000001e0  75 ef 2b c1 c2 ad 01 00 00 80 40 d0 01 03 e0 01  u.+.......@.....
000001f0  01 22 24 0a 03 67 70 73 10 8c 98 17 25 00 80 98  ."$..gps....%...
00000200  43 6d 3a c1 1c 42 75 ef 2b c1 c2 ad 01 00 00 80  Cm:..Bu.+.......
00000210  40 d0 01 03 e0 01 01 2a d1 02 08 d7 57 12 14 02  @......*....W...
00000220  05 0c 0d 0f 12 14 15 19 1a 1d 44 45 46 47 4b 53  ..........DEFGKS
00000230  54 55 56 1a 50 00 00 9a 42 00 00 48 42 00 00 44  TUV.P...B..HB..D
00000240  43 00 00 02 43 00 00 27 43 00 00 63 43 00 00 65  C...C..'C..cC..e
00000250  43 00 00 8d 43 00 00 68 43 00 00 a3 43 00 00 9b  C...C..hC...C...
00000260  43 00 00 e0 41 00 00 1c 42 00 00 36 43 00 00 49  C...A...B..6C..I
00000270  43 00 80 82 43 00 00 ee 42 00 00 b8 42 00 80 ab  C...C...B...B...
00000280  43 00 80 9c 43 22 50 00 00 08 42 00 00 82 42 00  C...C"P...B...B.
00000290  00 60 41 00 00 d8 41 00 00 90 41 00 00 40 40 00  .`A...A...A..@@.
000002a0  00 58 42 00 00 98 41 00 00 f0 41 00 00 40 40 00  .XB...A...A..@@.
000002b0  00 86 42 00 00 00 40 00 00 44 42 00 00 7c 42 00  ..B...@..DB..|B.
000002c0  00 60 41 00 00 00 40 00 00 80 40 00 00 50 42 00  .`A...@...@..PB.
000002d0  00 60 42 00 00 00 41 2a 50 66 66 be 41 00 00 78  .`B...A*Pff.A..x
000002e0  41 cd cc a4 41 66 66 82 41 66 66 3e 41 00 00 00  A...Aff.Aff>A...
000002f0  00 9a 99 b1 41 9a 99 a1 41 9a 99 a9 41 00 00 00  ....A...A...A...
00000300  00 00 00 f0 41 00 00 00 00 33 33 af 41 00 00 a4  ....A....33.A...
00000310  41 00 00 00 00 00 00 00 00 00 00 00 00 33 33 9f  A............33.
00000320  41 66 66 f2 41 66 66 66 41 32 14 01 01 01 01 01  Aff.AfffA2......
00000330  01 01 01 01 01 01 00 01 00 00 00 00 01 01 00 3a  ...............:
00000340  14 01 01 01 01 01 01 01 01 01 01 01 00 01 00 00  ................
00000350  00 00 01 01 00 42 14 01 01 01 01 01 00 01 01 01  .....B..........
00000360  00 01 00 01 00 00 00 00 01 01 00 3a 91 01 08 82  ...........:....
00000370  f5 16 19 00 00 00 00 02 0a 9c 3f 21 00 00 00 00  ..........?!....
00000380  8a 19 9d bf 29 00 00 00 00 2c 13 d0 3f 31 00 00  ....)....,..?1..
00000390  00 00 00 c0 21 c0 39 00 00 00 00 00 68 40 c0 41  ....!.9.....h@.A
000003a0  00 00 00 00 00 30 47 c0 51 00 00 00 20 81 b9 90  .....0G.Q... ...
000003b0  3f 59 00 00 00 40 c1 aa 92 bf 61 00 00 00 c0 ae  ?Y...@....a.....
000003c0  c5 ef bf 69 00 00 00 20 4f 04 54 3f 71 00 00 00  ...i... O.T?q...
000003d0  20 4f 04 64 3f 79 00 00 00 c0 76 06 6e bf 81 01   O.d?y....v.n...
000003e0  00 00 00 80 49 b6 d1 bf 89 01 00 00 00 80 9c 0d  ....I...........
000003f0  d9 3f 91 01 00 00 00 80 00 97 23 40 98 01 03 42  .?........#@...B
00000400  c0 01 0a 10 65 65 34 62 64 66 39 65 32 65 61 30  ....ee4bdf9e2ea0
00000410  34 37 35 31 12 07 4d 53 4d 38 39 36 30 1a 06 30  4751..MSM8960..0
00000420  78 33 30 42 45 22 08 6d 6f 74 6f 72 6f 6c 61 2a  x30BE".motorola*
00000430  05 67 68 6f 73 74 32 10 4c 50 41 53 32 33 2e 31  .ghost2.LPAS23.1
00000440  32 2d 32 31 2e 37 2d 31 3a 04 71 63 6f 6d 42 08  2-21.7-1:.qcomB.
00000450  6d 6f 74 6f 72 6f 6c 61 4a 06 58 54 31 30 35 38  motorolaJ.XT1058
00000460  52 09 67 68 6f 73 74 5f 61 74 74 62 0c 72 65 6c  R.ghost_attb.rel
00000470  65 61 73 65 2d 6b 65 79 73 6a 04 75 73 65 72 72  ease-keysj.userr
00000480  41 6d 6f 74 6f 72 6f 6c 61 2f 67 68 6f 73 74 5f  Amotorola/ghost_
00000490  61 74 74 2f 67 68 6f 73 74 3a 35 2e 31 2f 4c 50  att/ghost:5.1/LP
000004a0  41 53 32 33 2e 31 32 2d 32 31 2e 37 2d 31 2f 31  AS23.12-21.7-1/1
000004b0  3a 75 73 65 72 2f 72 65 6c 65 61 73 65 2d 6b 65  :user/release-ke
000004c0  79 73 4a 00 50 8f f9 d9 c0 04 a0 01 a9 c6 fc bf  ysJ.P...........
000004d0  03 b2 01 10 42 46 77 7d 80 6b cc 9f d6 5e e7 b9  ....BFw}.k...^..
000004e0  48 ff 23 a7 b8 01 df c3 fd e2 e6 2a c2 01 2e 83  H.#........*....
000004f0  87 ea ef c7 d0 f9 8b a1 01 c8 c2 e0 c0 9d 81 8d  ................
00000500  ab 20 c0 8b 97 ee d9 9e e0 e4 08 da aa a6 f1 f5  . ..............
00000510  da d3 bf 77 b7 c4 9e ec ae a3 c4 e5 1f           ...w.........
0x87444 returned
RETURN VALUE: 0x94e6b520
RESULT (1341 BYTES):
           0  1  2  3  4  5  6  7  8  9  A  B  C  D  E  F  0123456789ABCDEF
00000000  02 fb f3 8f 2d 55 5a 15 5f be c0 8a 78 8e 6a 1c  ....-UZ._...x.j.
00000010  38 5b d1 b3 ce bc 3a 84 ff 28 f3 c3 ef fc 2b 75  8[....:..(....+u
00000020  31 71 a9 3e fc 3d ba 31 f5 90 09 05 92 53 27 d4  1q.>.=.1.....S'.
00000030  b0 8e 54 57 b5 75 63 b1 79 19 f3 1a ca 56 f4 e8  ..TW.uc.y....V..
00000040  a2 29 b5 27 7a a0 4f 78 0d 97 7c 4f a8 6d f4 12  .).'z.Ox..|O.m..
00000050  d9 18 c8 33 11 54 54 bb 15 2b 56 dc 56 64 ae ec  ...3.TT..+V.Vd..
00000060  a4 04 e9 61 73 d1 58 a2 d0 79 80 61 d6 7d 6b 5c  ...as.X..y.a.}k\
00000070  2a 5f 74 fb ae 59 0f b9 05 dd 9a 11 ed a2 55 fb  *_t..Y........U.
00000080  d7 b0 7c 1c 2d 7d e2 a7 cc 15 19 3c b8 fc c6 2a  ..|.-}.....<...*
00000090  64 20 ab 0d 72 11 10 d9 a2 43 8a 98 18 4d 49 2a  d ..r....C...MI*
000000a0  10 8b d9 d1 65 f1 4a 29 9f b0 9a c2 f5 c4 15 29  ....e.J).......)
000000b0  73 65 ba 86 09 fa 81 5d 2d d3 57 bd 7e de 4e 84  se.....]-.W.~.N.
000000c0  d4 9a 72 37 49 66 bb d9 ce b7 ae 84 a0 da 98 74  ..r7If.........t
000000d0  f5 ab f3 73 0a c4 c3 64 6b 6e 50 7e 59 f2 e5 d9  ...s...dknP~Y...
000000e0  4d 56 c6 33 6e 35 34 e8 fb 1a 63 43 1b 2a 5f c8  MV.3n54...cC.*_.
000000f0  59 aa 00 2d be 1d 0c 19 1a 78 01 92 57 f9 b8 a0  Y..-.....x..W...
00000100  27 50 a7 9e 72 99 0c b4 fb 2f b7 6b 7b 14 dc 03  'P..r..../.k{...
00000110  db 47 f8 f9 cc 3b 9e 9d 1e 0f 72 e6 7b 7e 30 21  .G...;....r.{~0!
00000120  73 10 a3 50 ca a2 fe ee e8 86 f7 1a d9 24 dd 62  s..P.........$.b
00000130  15 10 a1 86 8a fc 3a 7b c3 39 e7 02 c8 63 c1 d0  ......:{.9...c..
00000140  af 17 9c d2 38 c8 b0 a2 e0 cd af 43 1b 12 03 c0  ....8......C....
00000150  89 c5 54 08 2d e6 df 38 ad 42 b5 17 4a 15 3b 54  ..T.-..8.B..J.;T
00000160  da 51 d2 ba 07 f5 96 ba 44 a2 33 7f 21 3a 56 bf  .Q......D.3.!:V.
00000170  d6 75 0d 8d bc 48 4d 6e 74 d0 39 ca b0 65 97 49  .u...HMnt.9..e.I
00000180  4e 35 c5 10 89 6c 5e 57 71 0d 4e 73 18 ca d9 85  N5...l^Wq.Ns....
00000190  0a 12 bf c3 5b fd 01 14 ca 01 e1 25 0d 28 28 8f  ....[......%.((.
000001a0  be 6b 5a e1 4f be 23 07 26 29 39 a8 dc 09 80 5e  .kZ.O.#.&)9....^
000001b0  04 bf 18 88 bd 99 81 20 ab c1 49 26 e0 f9 41 b2  ....... ..I&..A.
000001c0  6f ed e3 ea 8d 27 5d 04 25 19 01 25 c8 e2 05 d5  o....'].%..%....
000001d0  c3 d0 c7 3e 08 6b e1 b5 a2 d7 ad cb ac 79 af a9  ...>.k.......y..
000001e0  58 45 25 45 10 17 09 e3 5b b2 34 a7 91 60 8d 61  XE%E....[.4..`.a
000001f0  a3 04 3b eb 1b 92 70 6c c2 61 b1 55 48 b1 e4 2b  ..;...pl.a.UH..+
00000200  a8 71 2a 24 66 24 fd 66 b0 42 03 d6 e6 e4 8e da  .q*$f$.f.B......
00000210  1e 1e 4e fb a9 39 28 88 f3 9e 26 ad 8b 33 44 80  ..N..9(...&..3D.
00000220  17 55 41 6f b5 9b e2 67 65 27 b1 33 1e 80 cd 19  .UAo...ge'.3....
00000230  dc 7d 0c cc d1 d1 6e fa c9 00 25 a0 19 b6 ea e0  .}....n...%.....
00000240  a0 4f bd f9 56 56 79 fb ad 5d c9 3b 96 f7 45 87  .O..VVy..].;..E.
00000250  49 f6 d0 26 0c b5 79 52 c7 af 84 86 d8 cd 42 e4  I..&..yR......B.
00000260  56 62 11 01 d6 fd 1b 8a 09 c6 09 95 80 09 18 0c  Vb..............
00000270  4d bf 6a c8 b1 a9 0d 96 79 be b8 17 a8 1f 03 e4  M.j.....y.......
00000280  c9 f9 db 74 d1 b0 33 46 35 bf e2 03 fd 50 84 54  ...t..3F5....P.T
00000290  15 88 8b ea ea e4 7b 6f 6f 81 cb 53 98 98 6b 99  ......{oo..S..k.
000002a0  39 9a 29 0e 7d 0a 48 66 97 a2 a8 17 09 ec 51 81  9.).}.Hf......Q.
000002b0  af 34 cb 8f ec 16 49 aa 9e f6 f2 e6 67 15 10 d7  .4....I.....g...
000002c0  6f 7e 21 d1 d2 cc 1a b6 9f 9e 6e c4 97 5a f2 59  o~!.......n..Z.Y
000002d0  74 b5 f9 f4 de 43 46 79 fd 87 ff bc a8 f0 53 50  t....CFy......SP
000002e0  13 65 52 1b 63 29 78 45 a6 df 38 16 fa 35 e5 7f  .eR.c)xE..8..5..
000002f0  5c 29 bc 07 2d 65 e1 2b 55 f6 65 59 13 5f 80 d9  \)..-e.+U.eY._..
00000300  c2 14 53 a4 fa 78 e0 ed a2 d1 6a 0e 29 07 c0 b8  ..S..x....j.)...
00000310  e4 a2 9a 9f 0d 83 50 d1 75 ca 7b 78 8f 57 bb ae  ......P.u.{x.W..
00000320  eb b9 10 99 b1 40 0b 6e 77 da 34 6f f1 b1 51 df  .....@.nw.4o..Q.
00000330  05 3b 0b 1a b3 93 44 aa 83 9e d1 39 b8 57 7c c0  .;....D....9.W|.
00000340  e4 e5 00 13 16 24 53 2a 4e ac d9 8b c0 4f d2 14  .....$S*N....O..
00000350  6b b8 e5 55 bc 3e bf 68 4b 61 a6 d6 a1 86 c2 21  k..U.>.hKa.....!
00000360  48 bb 02 94 06 ca f8 df fe 18 52 32 db de 39 df  H.........R2..9.
00000370  27 c7 ca 79 47 16 c0 b4 ce ef b6 23 73 cd 51 69  '..yG......#s.Qi
00000380  d1 f0 ff 21 1d ca ea 13 bc 06 b7 6c 8a b1 ef 8f  ...!.......l....
00000390  b4 0a af d1 1e 7a 56 df 21 4b d3 78 fc cd 6d 6b  .....zV.!K.x..mk
000003a0  cb a1 e0 14 e0 6d 73 2e 04 5b d5 9d 33 7b 18 5c  .....ms..[..3{.\
000003b0  58 4d c8 21 e5 65 20 62 86 1d 54 f9 8e ce 4e f5  XM.!.e b..T...N.
000003c0  87 5f 28 3c 90 51 b4 19 c3 08 83 50 88 e7 e3 d4  ._(<.Q.....P....
000003d0  7e 69 af b1 f8 16 bd ea ce 1e 96 66 c0 13 5d a6  ~i.........f..].
000003e0  a3 4f 2e 71 ac d8 22 fa 19 7f 97 c9 a5 b5 cf cc  .O.q..".........
000003f0  f0 9c dc e1 17 f4 74 85 f7 21 10 49 7a 4b 74 08  ......t..!.IzKt.
00000400  02 63 f2 8a ae 2e 39 26 77 de 5f a0 fe 34 72 a8  .c....9&w._..4r.
00000410  e8 6d 4a e0 e0 59 ae e3 c7 b5 ad 37 a7 cb f5 32  .mJ..Y.....7...2
00000420  8e 87 87 15 f5 42 59 c4 5f 26 4c 69 c1 b8 1b bb  .....BY._&Li....
00000430  56 6f 9e 6a 60 fe 64 a5 86 80 be 49 15 47 32 90  Vo.j`.d....I.G2.
00000440  b8 04 84 29 26 53 24 d2 3a d0 4e 1f 01 30 a9 6e  ...)&S$.:.N..0.n
00000450  9f 09 f6 60 70 25 b3 eb d8 8e f2 67 c3 d2 f4 c2  ...`p%.....g....
00000460  14 5d 25 79 8e 68 d9 75 04 02 e1 e7 a5 05 fe 87  .]%y.h.u........
00000470  b4 8a e1 d6 5d d1 f2 8c 21 40 14 b4 eb 58 e3 1b  ....]...!@...X..
00000480  61 49 16 13 ca bc bb 8c 5a 1b b1 c9 db 6b 58 1a  aI......Z....kX.
00000490  c1 0c c0 8c 00 fd 3c 2b b0 26 86 bb 66 42 7a 98  ......<+.&..fBz.
000004a0  92 fc d9 fb ab 84 b3 a9 af 59 10 c3 16 07 b5 ed  .........Y......
000004b0  1a 45 ec 92 88 65 7f b8 3f 7c 3a 96 c1 cc 71 3c  .E...e..?|:...q<
000004c0  0f 37 dc 31 69 31 35 b8 77 7b 64 f7 d5 bb da de  .7.1i15.w{d.....
000004d0  01 d5 a0 91 0b 5e dc ce ba fe d1 3c 01 3f 05 08  .....^.....<.?..
000004e0  5e 4e f7 df c9 6f 0b b2 90 80 70 b1 24 0c a9 5a  ^N...o....p.$..Z
000004f0  ce a9 44 c2 d5 09 02 9f 9e 95 b0 88 bf bb c8 6a  ..D............j
00000500  e9 4f dc c5 de 13 8b 25 d1 2a 42 69 74 ef a7 da  .O.....%.*Bit...
00000510  eb ca ef a2 00 b6 33 8a fc 54 d2 c3 84 58 2e 6a  ......3..T...X.j
00000520  0e 03 9b 8c 2c 41 e8 55 4a 7e cb 2f 46 fa 9b cc  ....,A.UJ~./F...
00000530  89 72 35 2a 25 e1 e2 f9 82 07 8f 6e 45           .r5*%......nE
0x546C8 called
INPUT:
           0  1  2  3  4  5  6  7  8  9  A  B  C  D  E  F  0123456789ABCDEF
00000000  0a 03 70 74 63 12 51 0a 4d 54 47 54 2d xx xx xx  ..ptc.Q.MTGT-***
00000010  xx xx xx xx xx xx xx xx xx xx xx xx xx xx xx xx  ****************
00000020  xx xx xx xx xx xx xx xx xx xx xx xx xx xx xx xx  ****************
00000030  xx xx xx xx xx xx xx xx xx xx xx xx xx xx xx xx  ****************
00000040  xx xx xx xx xx xx 2d 73 73 6f 2e 70 6f 6b 65 6d  ******-sso.pokem
00000050  6f 6e 2e 63 6f 6d 10 3b                          on.com.;
0x546C8 returned
RETURN VALUE: 0xfbe6ea1d
0x546C8 called
INPUT:
           0  1  2  3  4  5  6  7  8  9  A  B  C  D  E  F  0123456789ABCDEF
00000000  08 02 12 08 0a 06 30 2e 33 31 2e 30              ......0.31.0
0x546C8 returned
RETURN VALUE: 0x7dfa8383
0x546C8 called
INPUT:
           0  1  2  3  4  5  6  7  8  9  A  B  C  D  E  F  0123456789ABCDEF
00000000  08 7e                                            .~
0x546C8 returned
RETURN VALUE: 0xd8182148
0x546C8 called
INPUT:
           0  1  2  3  4  5  6  7  8  9  A  B  C  D  E  F  0123456789ABCDEF
00000000  08 04 12 07 08 b3 fc e7 e2 e6 2a                 ..........*
0x546C8 returned
RETURN VALUE: 0x9dc5c5c0
0x546C8 called
INPUT:
           0  1  2  3  4  5  6  7  8  9  A  B  C  D  E  F  0123456789ABCDEF
00000000  08 81 01                                         ...
0x546C8 returned
RETURN VALUE: 0x5e29955a
0x546C8 called
INPUT:
           0  1  2  3  4  5  6  7  8  9  A  B  C  D  E  F  0123456789ABCDEF
00000000  08 05 12 2a 0a 28 xx xx xx xx xx xx xx xx xx xx  ...*.(**********
00000010  30 32 35 62 37 63 64 37 36 65 31 63 34 38 34 65  025b7cd76e1c484e
00000020  32 61 32 34 34 31 31 63 35 30 66 30 36 31        2a24411c50f061
0x546C8 returned
RETURN VALUE: 0xed87a237
0x87444 called
INPUT (438 BYTES):
           0  1  2  3  4  5  6  7  8  9  A  B  C  D  E  F  0123456789ABCDEF
00000000  10 90 9e 17 3a 91 01 08 8c 9c 17 19 00 00 00 00  ....:...........
00000010  ec 7b 96 bf 21 00 00 00 00 da 98 9f bf 29 00 00  .{..!........)..
00000020  00 00 68 8d cd 3f 31 00 00 00 00 00 e0 20 c0 39  ..h..?1...... .9
00000030  00 00 00 00 00 80 40 c0 41 00 00 00 00 00 90 47  ......@.A......G
00000040  c0 51 00 00 00 c0 3d 01 91 3f 59 00 00 00 20 76  .Q....=..?Y... v
00000050  ad 90 bf 61 00 00 00 e0 61 c1 ef bf 69 00 00 00  ...a....a...i...
00000060  20 4f 04 54 bf 71 00 00 00 c0 76 06 6e 3f 79 00   O.T.q....v.n?y.
00000070  00 00 20 4f 04 64 bf 81 01 00 00 00 80 42 35 d2  .. O.d.......B5.
00000080  bf 89 01 00 00 00 00 5f d0 d6 3f 91 01 00 00 00  ......._..?.....
00000090  60 92 97 23 40 98 01 03 42 c0 01 0a 10 65 65 34  `..#@...B....ee4
000000a0  62 64 66 39 65 32 65 61 30 34 37 35 31 12 07 4d  bdf9e2ea04751..M
000000b0  53 4d 38 39 36 30 1a 06 30 78 33 30 42 45 22 08  SM8960..0x30BE".
000000c0  6d 6f 74 6f 72 6f 6c 61 2a 05 67 68 6f 73 74 32  motorola*.ghost2
000000d0  10 4c 50 41 53 32 33 2e 31 32 2d 32 31 2e 37 2d  .LPAS23.12-21.7-
000000e0  31 3a 04 71 63 6f 6d 42 08 6d 6f 74 6f 72 6f 6c  1:.qcomB.motorol
000000f0  61 4a 06 58 54 31 30 35 38 52 09 67 68 6f 73 74  aJ.XT1058R.ghost
00000100  5f 61 74 74 62 0c 72 65 6c 65 61 73 65 2d 6b 65  _attb.release-ke
00000110  79 73 6a 04 75 73 65 72 72 41 6d 6f 74 6f 72 6f  ysj.userrAmotoro
00000120  6c 61 2f 67 68 6f 73 74 5f 61 74 74 2f 67 68 6f  la/ghost_att/gho
00000130  73 74 3a 35 2e 31 2f 4c 50 41 53 32 33 2e 31 32  st:5.1/LPAS23.12
00000140  2d 32 31 2e 37 2d 31 2f 31 3a 75 73 65 72 2f 72  -21.7-1/1:user/r
00000150  65 6c 65 61 73 65 2d 6b 65 79 73 4a 00 50 8f f9  elease-keysJ.P..
00000160  d9 c0 04 a0 01 a9 c6 fc bf 03 b2 01 10 42 46 77  .............BFw
00000170  7d 80 6b cc 9f d6 5e e7 b9 48 ff 23 a7 b8 01 e3  }.k...^..H.#....
00000180  c8 fd e2 e6 2a c2 01 2e 83 87 ea ef c7 d0 f9 8b  ....*...........
00000190  a1 01 c8 c2 e0 c0 9d 81 8d ab 20 c0 8b 97 ee d9  .......... .....
000001a0  9e e0 e4 08 da aa a6 f1 f5 da d3 bf 77 b7 c4 9e  ............w...
000001b0  ec ae a3 c4 e5 1f                                ......
0x87444 returned
RETURN VALUE: 0x97322520
RESULT (470 BYTES):
           0  1  2  3  4  5  6  7  8  9  A  B  C  D  E  F  0123456789ABCDEF
00000000  39 2f 4d 18 4b 51 dc a5 e5 03 eb a2 e6 9b bd 3d  9/M.KQ.........=
00000010  0e b0 cb 5c 8d d8 5c 34 25 8c bd fb fe 28 1e b5  ...\..\4%....(..
00000020  50 5c 57 a4 7d ed 63 6d ea 0d 25 60 5a 2b 72 79  P\W.}.cm..%`Z+ry
00000030  76 bb 93 08 a9 c8 8f d2 0f 43 6b 28 40 90 e9 65  v........Ck(@..e
00000040  3b 8c 94 22 a0 ba ad af 86 cb a2 d6 4c 7e 16 11  ;.."........L~..
00000050  89 43 23 89 7a 57 81 bb 7c 78 9e 30 3e 8a bf 4a  .C#.zW..|x.0>..J
00000060  4d 82 de 44 89 c7 b4 33 53 13 71 32 70 83 b6 da  M..D...3S.q2p...
00000070  c4 df 0d b9 b4 e5 ac 26 11 83 01 85 3c c5 4f 4b  .......&....<.OK
00000080  36 f1 6c 02 d1 30 20 1d 5d bb 95 8a 14 30 aa 7b  6.l..0 .]....0.{
00000090  65 9b 8b e3 81 25 5e a6 8b 07 c5 0b ed 0f 1f b2  e....%^.........
000000a0  da be 19 1b 4c a1 88 ae f4 62 45 2d 53 fe 87 97  ....L....bE-S...
000000b0  26 f4 7e 9d 69 2f 6f 3c 89 55 5d 28 79 b3 00 45  &.~.i/o<.U](y..E
000000c0  59 dc 41 9d a8 48 40 ac a5 88 b5 b8 f7 49 d7 d0  Y.A..H@......I..
000000d0  39 5d f3 60 41 27 6e 3f e3 3c d6 74 d3 95 19 45  9].`A'n?.<.t...E
000000e0  8b 15 3c c4 7c 84 00 90 a1 47 9b 98 e0 49 93 2a  ..<.|....G...I.*
000000f0  fc 53 91 6a 45 41 5c 81 b8 29 33 fc 43 69 46 94  .S.jEA\..)3.CiF.
00000100  f7 86 99 2c 0a be c1 94 1e 42 95 54 71 22 8d 82  ...,.....B.Tq"..
00000110  7d 2d 8a c5 a9 75 4b 9c 7a 88 7b af 8b c1 f3 d1  }-...uK.z.{.....
00000120  33 20 83 a8 77 f9 9c b1 32 09 b2 2e 34 3d a5 70  3 ..w...2...4=.p
00000130  cb d8 76 97 e5 c3 e8 28 5a 8a 17 59 c7 33 7b 6e  ..v....(Z..Y.3{n
00000140  d8 7c e1 87 4f 8f aa 14 05 36 fb 9d d1 4a 9c 6c  .|..O....6...J.l
00000150  45 3b dd 5e d1 72 d0 d5 1a 5b cd 84 24 14 8a d1  E;.^.r...[..$...
00000160  7a 50 8c 60 1e 48 64 f6 b5 d4 76 79 3d 54 46 b6  zP.`.Hd...vy=TF.
00000170  ed 85 aa 5e d0 f4 48 8f 3f 5f 3a c1 04 b3 c7 1f  ...^..H.?_:.....
00000180  d5 53 bc d3 fd 21 4c c5 ca af 5c 7a 58 c2 33 bc  .S...!L...\zX.3.
00000190  56 43 06 40 46 79 3f 2e 3b 54 f2 79 a4 a8 f2 1b  VC.@Fy?.;T.y....
000001a0  74 09 fb 6a b2 ef e2 8c ae 03 c2 93 41 85 24 3f  t..j........A.$?
000001b0  ba 26 50 33 18 16 36 47 f7 38 40 87 9a 94 e2 0e  .&P3..6G.8@.....
000001c0  aa 67 1c e9 15 b3 7e 67 cc 0c 41 c6 4b 43 c5 79  .g....~g..A.KC.y
000001d0  ec b1 d9 bc ba ea                                ......
0x546C8 called
INPUT:
           0  1  2  3  4  5  6  7  8  9  A  B  C  D  E  F  0123456789ABCDEF
00000000  0a 40 a4 e9 ec 59 5a 66 90 61 71 f7 1f ce 8d 5d  .@...YZf.aq....]
00000010  4b 64 17 7a 83 c3 3c d5 8c eb 7d 90 d7 b7 33 7f  Kd.z..<...}...3.
00000020  90 3f f5 b6 b9 3a 02 09 96 cc eb 9d db 3e fb ba  .?...:.......>..
00000030  b7 e6 1d 68 95 d4 85 a4 e4 b9 cc 13 c9 28 a2 66  ...h.........(.f
00000040  b6 43 10 99 c0 eb e3 e6 2a 1a 10 39 72 48 f6 e5  .C......*..9rH..
00000050  7c 76 50 5b e4 f5 8a 81 24 a0 1d                 |vP[....$..
0x546C8 returned
RETURN VALUE: 0xe41785c5
0x546C8 called
INPUT:
           0  1  2  3  4  5  6  7  8  9  A  B  C  D  E  F  0123456789ABCDEF
00000000  08 07 12 05 08 02 28 9c 18                       ......(..
0x546C8 returned
RETURN VALUE: 0x876bdf01
0x546C8 called
INPUT:
           0  1  2  3  4  5  6  7  8  9  A  B  C  D  E  F  0123456789ABCDEF
00000000  08 7e                                            .~
0x546C8 returned
RETURN VALUE: 0x703feb24
0x546C8 called
INPUT:
           0  1  2  3  4  5  6  7  8  9  A  B  C  D  E  F  0123456789ABCDEF
00000000  08 04 12 07 08 ae d1 fd e2 e6 2a                 ..........*
0x546C8 returned
RETURN VALUE: 0xadb910be
0x546C8 called
INPUT:
           0  1  2  3  4  5  6  7  8  9  A  B  C  D  E  F  0123456789ABCDEF
00000000  08 81 01                                         ...
0x546C8 returned
RETURN VALUE: 0xbd40b6f7
0x546C8 called
INPUT:
           0  1  2  3  4  5  6  7  8  9  A  B  C  D  E  F  0123456789ABCDEF
00000000  08 05 12 2a 0a 28 36 65 39 63 38 34 63 62 62 37  ...*.(6e9c84cbb7
00000010  36 31 65 63 37 35 30 37 38 62 62 38 66 37 38 37  61ec75078bb8f787
00000020  35 35 39 35 38 30 62 32 33 61 33 30 32 62        559580b23a302b
0x546C8 returned
RETURN VALUE: 0xdf2db46d
0x546C8 called
INPUT:
           0  1  2  3  4  5  6  7  8  9  A  B  C  D  E  F  0123456789ABCDEF
00000000  08 7e                                            .~
0x546C8 returned
RETURN VALUE: 0x703feb24
0x546C8 called
INPUT:
           0  1  2  3  4  5  6  7  8  9  A  B  C  D  E  F  0123456789ABCDEF
00000000  08 04                                            ..
0x546C8 returned
RETURN VALUE: 0x261f7e71
0x546C8 called
INPUT:
           0  1  2  3  4  5  6  7  8  9  A  B  C  D  E  F  0123456789ABCDEF
00000000  08 81 01                                         ...
0x546C8 returned
RETURN VALUE: 0xbd40b6f7
0x546C8 called
INPUT:
           0  1  2  3  4  5  6  7  8  9  A  B  C  D  E  F  0123456789ABCDEF
00000000  08 05                                            ..
0x546C8 returned
RETURN VALUE: 0x2484253a
0x87444 called
INPUT (714 BYTES):
           0  1  2  3  4  5  6  7  8  9  A  B  C  D  E  F  0123456789ABCDEF
00000000  10 a1 a6 17 22 24 0a 03 67 70 73 10 e9 9f 17 25  ...."$..gps....%
00000010  00 80 98 43 6d 3a c1 1c 42 75 ef 2b c1 c2 ad 01  ...Cm:..Bu.+....
00000020  00 00 80 40 d0 01 03 e0 01 01 2a d1 02 08 d7 57  ...@......*....W
00000030  12 14 02 05 0c 0d 0f 12 14 15 19 1a 1d 44 45 46  .............DEF
00000040  47 4b 53 54 55 56 1a 50 00 00 9a 42 00 00 48 42  GKSTUV.P...B..HB
00000050  00 00 44 43 00 00 02 43 00 00 27 43 00 00 63 43  ..DC...C..'C..cC
00000060  00 00 65 43 00 00 8d 43 00 00 68 43 00 00 a3 43  ..eC...C..hC...C
00000070  00 00 9b 43 00 00 e0 41 00 00 1c 42 00 00 36 43  ...C...A...B..6C
00000080  00 00 49 43 00 80 82 43 00 00 ee 42 00 00 b8 42  ..IC...C...B...B
00000090  00 80 ab 43 00 80 9c 43 22 50 00 00 08 42 00 00  ...C...C"P...B..
000000a0  82 42 00 00 60 41 00 00 d8 41 00 00 90 41 00 00  .B..`A...A...A..
000000b0  40 40 00 00 58 42 00 00 98 41 00 00 f0 41 00 00  @@..XB...A...A..
000000c0  40 40 00 00 86 42 00 00 00 40 00 00 44 42 00 00  @@...B...@..DB..
000000d0  7c 42 00 00 60 41 00 00 00 40 00 00 80 40 00 00  |B..`A...@...@..
000000e0  50 42 00 00 60 42 00 00 00 41 2a 50 66 66 ba 41  PB..`B...A*Pff.A
000000f0  00 00 78 41 66 66 9a 41 66 66 82 41 66 66 3e 41  ..xAff.Aff.Aff>A
00000100  00 00 00 00 66 66 a2 41 9a 99 a1 41 66 66 9e 41  ....ff.A...Aff.A
00000110  00 00 00 00 66 66 e6 41 00 00 00 00 33 33 af 41  ....ff.A....33.A
00000120  cd cc a0 41 00 00 00 00 00 00 00 00 00 00 00 00  ...A............
00000130  00 00 a4 41 9a 99 f1 41 66 66 66 41 32 14 01 01  ...A...AfffA2...
00000140  01 01 01 01 01 01 01 01 01 00 01 00 00 00 00 01  ................
00000150  01 00 3a 14 01 01 01 01 01 01 01 01 01 01 01 00  ..:.............
00000160  01 00 00 00 00 01 01 00 42 14 01 01 01 01 01 00  ........B.......
00000170  01 01 01 00 01 00 01 00 00 00 00 01 01 00 42 c0  ..............B.
00000180  01 0a 10 65 65 34 62 64 66 39 65 32 65 61 30 34  ...ee4bdf9e2ea04
00000190  37 35 31 12 07 4d 53 4d 38 39 36 30 1a 06 30 78  751..MSM8960..0x
000001a0  33 30 42 45 22 08 6d 6f 74 6f 72 6f 6c 61 2a 05  30BE".motorola*.
000001b0  67 68 6f 73 74 32 10 4c 50 41 53 32 33 2e 31 32  ghost2.LPAS23.12
000001c0  2d 32 31 2e 37 2d 31 3a 04 71 63 6f 6d 42 08 6d  -21.7-1:.qcomB.m
000001d0  6f 74 6f 72 6f 6c 61 4a 06 58 54 31 30 35 38 52  otorolaJ.XT1058R
000001e0  09 67 68 6f 73 74 5f 61 74 74 62 0c 72 65 6c 65  .ghost_attb.rele
000001f0  61 73 65 2d 6b 65 79 73 6a 04 75 73 65 72 72 41  ase-keysj.userrA
00000200  6d 6f 74 6f 72 6f 6c 61 2f 67 68 6f 73 74 5f 61  motorola/ghost_a
00000210  74 74 2f 67 68 6f 73 74 3a 35 2e 31 2f 4c 50 41  tt/ghost:5.1/LPA
00000220  53 32 33 2e 31 32 2d 32 31 2e 37 2d 31 2f 31 3a  S23.12-21.7-1/1:
00000230  75 73 65 72 2f 72 65 6c 65 61 73 65 2d 6b 65 79  user/release-key
00000240  73 4a 00 50 80 87 a9 81 fa ff ff ff ff 01 a0 01  sJ.P............
00000250  a9 c6 fc bf 03 b2 01 10 42 46 77 7d 80 6b cc 9f  ........BFw}.k..
00000260  d6 5e e7 b9 48 ff 23 a7 b8 01 cc d1 fd e2 e6 2a  .^..H.#........*
00000270  c2 01 57 81 be af bb c8 d3 e9 d0 19 a4 d6 ff 81  ..W.............
00000280  f7 99 88 cf ba 01 be a1 e4 ed da d5 c9 ce ab 01  ................
00000290  f7 ed 82 ea cb c5 bd b1 c0 01 ed e8 b6 f9 bd 8c  ................
000002a0  af ac 5a a4 d6 ff 81 f7 99 88 cf ba 01 f1 fc fd  ..Z.............
000002b0  b0 92 98 a4 c2 92 01 f7 ed 82 ea cb c5 bd b1 c0  ................
000002c0  01 ba ca 90 a4 92 b7 da 89 5d                    .........]
0x87444 returned
RETURN VALUE: 0x94fed920
RESULT (746 BYTES):
           0  1  2  3  4  5  6  7  8  9  A  B  C  D  E  F  0123456789ABCDEF
00000000  6f 64 a8 a0 6a 4e 5f 36 6c 47 15 bb 55 a7 0f 5d  od..jN_6lG..U..]
00000010  e5 04 c6 04 4b f5 7f e5 4c f1 88 34 0c 55 10 f6  ....K...L..4.U..
00000020  45 67 48 82 4c 9c e0 9f 8f a3 5f 50 0d 65 18 5f  EgH.L....._P.e._
00000030  40 01 fc 30 c6 a5 53 83 f7 31 04 2c 9c 0d 6f 14  @..0..S..1.,..o.
00000040  b9 0d be 73 82 7d a2 09 1a e2 a4 15 a1 cb ce 3a  ...s.}.........:
00000050  dc 13 e1 1e d8 15 ba bf bd fe 57 93 e6 6c 40 7b  ..........W..l@{
00000060  d7 97 91 18 db cf a7 47 19 65 5e 4a e1 24 45 f9  .......G.e^J.$E.
00000070  8a 51 21 8a b4 1a a1 9a 1d cd 32 70 a5 59 7b f2  .Q!.......2p.Y{.
00000080  72 28 c9 0d b2 79 d7 58 96 29 8c 2a 56 74 1c 89  r(...y.X.).*Vt..
00000090  1c db c9 9a d7 00 48 44 d0 49 f2 2b 37 42 4c db  ......HD.I.+7BL.
000000a0  4f 9c bd da 03 f9 51 73 bf 54 f9 39 e9 1c 41 b2  O.....Qs.T.9..A.
000000b0  19 97 e6 75 e1 1c 15 32 3b 2a 2d 99 0c 44 7c a0  ...u...2;*-..D|.
000000c0  0e a1 05 57 7a dd ff ab 81 f8 84 6c 08 93 c0 db  ...Wz......l....
000000d0  b1 f1 4b c9 d8 f4 7f 80 66 0a 33 15 31 f9 40 29  ..K.....f.3.1.@)
000000e0  8a 50 4f 68 1d a0 a8 16 b1 04 29 15 19 88 83 ae  .POh......).....
000000f0  62 50 f6 3f 81 f6 52 61 5a 7c 21 1d 2d 9e 8d a0  bP.?..RaZ|!.-...
00000100  d4 8b b5 3d c1 38 bc 61 f6 5e a1 b3 ff d3 e7 c4  ...=.8.a.^......
00000110  27 1c 3e 49 85 53 90 b5 52 23 8a 1e ff 2b 6d bf  '.>I.S..R#...+m.
00000120  b7 95 da 47 ab c8 da 95 52 7c 8a ea 71 11 85 04  ...G....R|..q...
00000130  07 7b 50 b1 38 e3 91 c3 84 b1 47 b0 62 94 3a 8a  .{P.8.....G.b.:.
00000140  fc de b3 bc da e3 57 89 91 02 ac 1f f2 64 ae 53  ......W......d.S
00000150  48 dd ab 7c da c5 5b b0 9b 3f db b7 84 b3 c6 29  H..|..[..?.....)
00000160  73 b4 c7 96 9f 1a 33 4a 41 c8 f0 ac e2 50 eb 95  s.....3JA....P..
00000170  ad 51 26 3b 89 ad fb 27 18 7c fc 10 32 e8 26 2b  .Q&;...'.|..2.&+
00000180  77 1f 30 78 8f e1 99 29 46 bd d5 74 78 6a 33 00  w.0x...)F..txj3.
00000190  b2 7b 7a c9 77 a3 22 8f d3 a1 3f cb 3b b5 a7 5e  .{z.w."...?.;..^
000001a0  dc 03 ee e6 5c be 99 5a f8 69 ae 67 f2 96 e9 64  ....\..Z.i.g...d
000001b0  55 d1 ca 21 05 0c 53 5d ac 26 95 c1 04 90 c1 dd  U..!..S].&......
000001c0  c2 b9 2d 8c 52 d6 22 36 e7 1d ec 6e 6e 2e 8b 4a  ..-.R."6...nn..J
000001d0  b1 dc 68 f6 35 6f 8c 2a 81 02 d0 98 c4 8b 97 10  ..h.5o.*........
000001e0  d9 ae 52 80 8c 39 69 f3 a9 6e 95 e0 c0 fb a6 42  ..R..9i..n.....B
000001f0  64 17 da 19 c7 92 f6 7e 39 95 50 c1 c2 cb a4 73  d......~9.P....s
00000200  c0 21 66 45 0e 57 3c c4 2a db d5 7e 54 03 32 91  .!fE.W<.*..~T.2.
00000210  54 29 7b e1 91 23 14 d7 b6 87 e7 cd 69 dc 6f 52  T){..#......i.oR
00000220  9d 3b 3c 2f 7f e6 11 82 09 67 bd 3d 4d 6a 11 c1  .;</.....g.=Mj..
00000230  37 54 37 b2 41 15 15 9a 14 f6 b9 1e 23 87 9c dd  7T7.A.......#...
00000240  66 af f4 4b e4 de 2c ea 2e f7 b1 bd 25 cc 19 d0  f..K..,.....%...
00000250  6a 5c c2 06 7c ab 69 21 b6 00 7e 55 aa 38 d5 0d  j\..|.i!..~U.8..
00000260  96 80 cd 29 ca 35 09 3d 9d 41 45 6d 2c f2 bc 1e  ...).5.=.AEm,...
00000270  cc 56 7e 52 c3 56 da 99 6b ff 01 e3 84 bf 2a be  .V~R.V..k.....*.
00000280  54 ab 9f 4f 9e d6 2f f0 bb e0 a1 2f 4e 7a 15 c4  T..O../..../Nz..
00000290  74 ef 6b 5c ac 63 b0 66 43 77 eb bb b2 55 b4 7f  t.k\.c.fCw...U..
000002a0  c0 47 6b 92 58 14 63 22 69 e9 54 95 72 33 cd 5c  .Gk.X.c"i.T.r3.\
000002b0  8b 12 65 1b 3f a4 36 69 32 73 90 54 fe 15 2a c0  ..e.?.6i2s.T..*.
000002c0  1e 12 2c 04 25 8f 3a 6a fd 78 c7 a8 b9 82 a6 fb  ..,.%.:j.x......
000002d0  69 e6 89 fa 99 91 ac cd b0 db 75 41 9c 9f fa d3  i.........uA....
000002e0  13 7c 83 1a cb ba 48 be 79 3e                    .|....H.y>
0x546C8 called
INPUT:
           0  1  2  3  4  5  6  7  8  9  A  B  C  D  E  F  0123456789ABCDEF
00000000  0a 40 a4 e9 ec 59 5a 66 90 61 71 f7 1f ce 8d 5d  .@...YZf.aq....]
00000010  4b 64 17 7a 83 c3 3c d5 8c eb 7d 90 d7 b7 33 7f  Kd.z..<...}...3.
00000020  90 3f f5 b6 b9 3a 02 09 96 cc eb 9d db 3e fb ba  .?...:.......>..
00000030  b7 e6 1d 68 95 d4 85 a4 e4 b9 cc 13 c9 28 a2 66  ...h.........(.f
00000040  b6 43 10 99 c0 eb e3 e6 2a 1a 10 39 72 48 f6 e5  .C......*..9rH..
00000050  7c 76 50 5b e4 f5 8a 81 24 a0 1d                 |vP[....$..
0x546C8 returned
RETURN VALUE: 0xe41785c5
0x546C8 called
INPUT:
           0  1  2  3  4  5  6  7  8  9  A  B  C  D  E  F  0123456789ABCDEF
00000000  08 ac 02 12 05 08 02 28 9c 18                    .......(..
0x546C8 returned
RETURN VALUE: 0xaf3cc7cc
0x546C8 called
INPUT:
           0  1  2  3  4  5  6  7  8  9  A  B  C  D  E  F  0123456789ABCDEF
00000000  08 7e                                            .~
0x546C8 returned
RETURN VALUE: 0x703feb24
0x546C8 called
INPUT:
           0  1  2  3  4  5  6  7  8  9  A  B  C  D  E  F  0123456789ABCDEF
00000000  08 04 12 07 08 ae d1 fd e2 e6 2a                 ..........*
0x546C8 returned
RETURN VALUE: 0xadb910be
0x546C8 called
INPUT:
           0  1  2  3  4  5  6  7  8  9  A  B  C  D  E  F  0123456789ABCDEF
00000000  08 81 01                                         ...
0x546C8 returned
RETURN VALUE: 0xbd40b6f7
0x546C8 called
INPUT:
           0  1  2  3  4  5  6  7  8  9  A  B  C  D  E  F  0123456789ABCDEF
00000000  08 05 12 2a 0a 28 36 65 39 63 38 34 63 62 62 37  ...*.(6e9c84cbb7
00000010  36 31 65 63 37 35 30 37 38 62 62 38 66 37 38 37  61ec75078bb8f787
00000020  35 35 39 35 38 30 62 32 33 61 33 30 32 62        559580b23a302b
0x546C8 returned
RETURN VALUE: 0xdf2db46d
0x546C8 called
INPUT:
           0  1  2  3  4  5  6  7  8  9  A  B  C  D  E  F  0123456789ABCDEF
00000000  08 7e                                            .~
0x546C8 returned
RETURN VALUE: 0x703feb24
0x546C8 called
INPUT:
           0  1  2  3  4  5  6  7  8  9  A  B  C  D  E  F  0123456789ABCDEF
00000000  08 04 12 07 08 ae d1 fd e2 e6 2a                 ..........*
0x546C8 returned
RETURN VALUE: 0xadb910be
0x546C8 called
INPUT:
           0  1  2  3  4  5  6  7  8  9  A  B  C  D  E  F  0123456789ABCDEF
00000000  08 81 01                                         ...
0x546C8 returned
RETURN VALUE: 0xbd40b6f7
0x546C8 called
INPUT:
           0  1  2  3  4  5  6  7  8  9  A  B  C  D  E  F  0123456789ABCDEF
00000000  08 05 12 2a 0a 28 36 65 39 63 38 34 63 62 62 37  ...*.(6e9c84cbb7
00000010  36 31 65 63 37 35 30 37 38 62 62 38 66 37 38 37  61ec75078bb8f787
00000020  35 35 39 35 38 30 62 32 33 61 33 30 32 62        559580b23a302b
0x546C8 returned
