{ status_code: 2,
  request_id: '4976630227087130633',
  requests: 
   [ { request_type: 'GET_PLAYER',
       request_message: <Buffer 0a 06 30 2e 33 31 2e 30> },
     { request_type: 'GET_HATCHED_EGGS' },
     { request_type: 'GET_INVENTORY',
       request_message: <Buffer 08 b3 fc e7 e2 e6 2a> },
     { request_type: 'CHECK_AWARDED_BADGES' },
     { request_type: 'DOWNLOAD_SETTINGS',
       request_message: <Buffer 0a 28 62 31 66 32 62 66 35 30 39 61 30 32 35 62 37 63 64 37 36 65 31 63 34 38 34 65 32 61 32 34 34 31 31 63 35 30 66 30 36 31> } ],
  unknown6: [ { request_type: 6, unknown2: [Object] } ],
  latitude: 39.18869400024414,
  longitude: -96.58580780029297,
  altitude: 5,
  auth_info: 
   { provider: 'ptc',
     token: 
      { contents: 'TGT-*********************************************************-sso.pokemon.com',
        unknown2: 59 } },
  unknown12: '1888',
  '$unknownFields': [] }
1470696994377: 7485b529bf7f3c4f1188c2644af88c962a6513cde0669c3e3172751d41e6cd6f
380349ac7369491723fece1cb127979928d1ab3c7310632fea3d8f526fcbc14f24c79516b2c37098ff2c3b33dffcb2f32a3b07fdbb3e5f1853d3088a16470ec4178305c3185367408763d38e4cbef9bbef9d5bb8b9b13e551e5785b7bf0248cc7d5db4e22fdc69e8b3f1393857fdd33b2fef9c09e8bdae847e0d38739ff237b14bfac5ef3e5c6abbc3db23766a272be870595c8d4695c3b55f56ce63c9a1f721812088bf2b0b7c92de7633e3471f080c2cf3c6ea79c345a2b238da8294556b21d65dec54cf32412f0001295f2553b97570df1edd9b59f09973d7524994fd70ca0edc8e0e1ab80553604cee61507d03758c578aa7b12589274f2988bc1747732a
8ecca2ba6cc3e93314a81643f9f24a91d75f64db3be814bbfcc7bf1644018812a7e4a37a4d852efabb7d68145e8fe04b28cdb1cd9bf6310e70313baa8e22821b5d39c45cea8861fecd7ca2a054d507c9b172de75d7e112e15a427a4b6a633e76f7ad6b7a31fe82bdca39774644f6d95368763ba28870cc639ee39fe3a415b65a8d5d25158436dea8925d8fbfdb7920ce4f4e7cb4f4e29af3e4ca90f5821824d97e7b8f8e7c2eaf5c883a29244fcfa661850060107f9861d72e9ca2de2e422020a6cf2a9152ce1732f11be9d0f77017f179afc4bd3c9a3a2d09e98ad450dd4f217708d3da16c285c46b05fa24a03074ce6adab04853169282b8571a0ba36014c4
cd5dc7776d43479bd0c2276dce3d7a65f742371f41418c93473761084844b185c18f8d0c757d5b9f1feea0990baf42efdbefce3979ddf3306bca728b61493692b51ceb11aca0e8448004ea6ae03d0ae7655b20d165e3f040acb8589acac827e4669233aff27fc94b232a7062726bba8167b079f7b41025d3ebf221654fb03c69beedb29e9f70fd3610bd4234137ec921cb6e654f1f41bbddee870763127741deba74805ccd10786e3d8fda4cbb81cbe2a1539243488599173a382fd6a56b52953638cd9aa2e8174a9f3022ba45affd071485db05c41e30efb2902cd20081dd02722fe4458727ec672c0a900cc87d06ef301f8317d37ae176ec2d813f36c60c5f
c9bdfdc4067878326c4feeda2f48c00c2531bc603b204ee74c68cda413b28789b7c1bdc8a6860d25da388d4989c198c23f13b816cbd8f21a428c7e531d215f5807e4a121faea898fb8335e4102e4726964b30ee85e20a25df7ef2020996cbb91ee824479515e65345f0ce85a9f11dbd9c059024c948b939d80ce3cd062881bb131ea444d9404d3c3d882a2475183da9b05a3e7ba10270fd02b6c9b659bc15417841c748e33be35b78867ab8a44778a0c26a222830571187cdd44426776c1ee5ab117ce154265e85f9686be54566e21694843765e3b4dd217a5a28acedbb44e05724353fdf479ef038388331473efe2d299e6e6dca9d1774117c6905e5cd41c4b
304e1233a603737d3c4ce351b33104ab6f2d6769645634d29c34cc8b9665000248740226b612ee15fef31e89e61cdca0b8f6a40378a96e21b6b234985635827580147b1a2d3145c9ed2cd87e7f98f147b239d21ba41ba79f9220741d0caec86c939fa99340ee7d72ddd06c6184c2089167457a7936035bea21a4cde89e0db2995f8c04a2f466820cdc780decc81e8ff0036bd7f1443f3f8bbae9e2aaf7177e7e034ab6ee86840cfde3291e2bf7a2cd5a0bd3b3e2f26e27686a84db58cf978ef51ec15017a6a12a2b77978cc0540d80870c6b9d31a5dd566bec9423c364611120623b2a8d19cc244c6fec79fa8b5f175ba5ad7a8a3abab050ff8c37647689c0f1
4d68314e385b45aaa5b37288ec580af7486ef90000de6faa21b78fdfe1c393e836bc5aa0ab638d4e8ba10b1e5f2771eecfca28e33997d1b9ff1a6d803a5851a45e4609b9bf236451e638f09e220fc2fd4ad95f7dd644562cc417a10e7fd5a8b389ca9bf33b06a0d4a7db4b557cc407a19bca130fa43a57ccc9934bb1c036b438845d4f53241d89ce17532311774f91a2b07d0c9d03791e5f46de571a9679033b18c3d9a2290552697155b4ce0a6a7a2692452e354f217ca3614dcab1d4ea15dda4342953a02ca8aa42b900abd9e13c1c40f09a6ed89769e3c9f8dc51b8bb34d152c3427af3f61096ede9376efc7dd90f8c5ca17c0ba24cba7eb876ec7c0c627e
870396cfd29018266ecaeadfd17f811d32260f882f197a838bcbbfa7dd19660952446f0c514d8a354aa5a4cd7633a553d7eed54f7dc8eed991565911ec3da63d72cf50b2e6be2686a8a053c0d580e4c3f033103943ccde9ecba51f7d53a1e4d9d5f7d66e24a282602589d0801a42566e9386b672832b442b7c64d5bf15d7016252e5e42909d0c66ce0528c880d0c5b3b8decc77afc05b67a013a749d4a88231d7055a1c7cd4ef73b4ef888e8712ece41fec42f61a357d579337e171adaf02685c785eff7c472ba84e27e48d705c2e6f10cb03776b6c9214163d1d4d9187e8a3dc2d214d7ba600ce73fab8b2892432566e3f22fee87cd354c8e556aa1ef2c4c09
42e389ec90ee33b632310ced3bfcb23f3e700643789788172d42f05b4b77687d3b0c0f2c7291bb742bbae084df120598a0822e4d616b99298f4a0392f8bfe4c9d0aebb0c40efb5f70425f731cac542e43f6bde8f12fcbb6cd7bd05a5e419d886de77f8607faa2a09c5cb58c020a133ece31001febf722c55ae7c1348d75b9a0d9108d654879e02706cd100ce8c677145d84ab3b308287142bd1b8963f83ac3b9d1952f7be19947cd73ddcfd8125a8deb8ff4c53b23266360379e276cbf0abf345257fb24d2d190281ac720990fc139ec04f8f4e7466e774ade173fc1a05c2d4f5b11cf184ff6b5c1d08cc5875022d4541ae056becb005dcf9b030d4c26117084

{ status_code: 2,
  request_id: '4976630227087130633',
  requests: 
   [ { request_type: 'GET_PLAYER',
       request_message: <Buffer 0a 06 30 2e 33 31 2e 30> },
     { request_type: 'GET_HATCHED_EGGS' },
     { request_type: 'GET_INVENTORY',
       request_message: <Buffer 08 b3 fc e7 e2 e6 2a> },
     { request_type: 'CHECK_AWARDED_BADGES' },
     { request_type: 'DOWNLOAD_SETTINGS',
       request_message: <Buffer 0a 28 62 31 66 32 62 66 35 30 39 61 30 32 35 62 37 63 64 37 36 65 31 63 34 38 34 65 32 61 32 34 34 31 31 63 35 30 66 30 36 31> } ],
  unknown6: [ { request_type: 6, unknown2: [Object] } ],
  latitude: 39.188697814941406,
  longitude: -96.58580780029297,
  altitude: 4,
  auth_info: 
   { provider: 'ptc',
     token: 
      { contents: 'TGT-*********************************************************-sso.pokemon.com',
        unknown2: 59 } },
  unknown12: '1108',
  '$unknownFields': [] }
1470697006420: 02fbf38f2d555a155fbec08a788e6a1c385bd1b3cebc3a84ff28f3c3effc2b75
3171a93efc3dba31f5900905925327d4b08e5457b57563b17919f31aca56f4e8a229b5277aa04f780d977c4fa86df412d918c833115454bb152b56dc5664aeeca404e96173d158a2d0798061d67d6b5c2a5f74fbae590fb905dd9a11eda255fbd7b07c1c2d7de2a7cc15193cb8fcc62a6420ab0d721110d9a2438a98184d492a108bd9d165f14a299fb09ac2f5c415297365ba8609fa815d2dd357bd7ede4e84d49a72374966bbd9ceb7ae84a0da9874f5abf3730ac4c3646b6e507e59f2e5d94d56c6336e3534e8fb1a63431b2a5fc859aa002dbe1d0c191a78019257f9b8a02750a79e72990cb4fb2fb76b7b14dc03db47f8f9cc3b9e9d1e0f72e67b7e3021
7310a350caa2feeee886f71ad924dd621510a1868afc3a7bc339e702c863c1d0af179cd238c8b0a2e0cdaf431b1203c089c554082de6df38ad42b5174a153b54da51d2ba07f596ba44a2337f213a56bfd6750d8dbc484d6e74d039cab06597494e35c510896c5e57710d4e7318cad9850a12bfc35bfd0114ca01e1250d28288fbe6b5ae14fbe2307262939a8dc09805e04bf1888bd998120abc14926e0f941b26fede3ea8d275d0425190125c8e205d5c3d0c73e086be1b5a2d7adcbac79afa958452545101709e35bb234a791608d61a3043beb1b92706cc261b15548b1e42ba8712a246624fd66b04203d6e6e48eda1e1e4efba9392888f39e26ad8b334480
1755416fb59be2676527b1331e80cd19dc7d0cccd1d16efac90025a019b6eae0a04fbdf9565679fbad5dc93b96f7458749f6d0260cb57952c7af8486d8cd42e456621101d6fd1b8a09c609958009180c4dbf6ac8b1a90d9679beb817a81f03e4c9f9db74d1b0334635bfe203fd50845415888beaeae47b6f6f81cb5398986b99399a290e7d0a486697a2a81709ec5181af34cb8fec1649aa9ef6f2e6671510d76f7e21d1d2cc1ab69f9e6ec4975af25974b5f9f4de434679fd87ffbca8f053501365521b63297845a6df3816fa35e57f5c29bc072d65e12b55f66559135f80d9c21453a4fa78e0eda2d16a0e2907c0b8e4a29a9f0d8350d175ca7b788f57bbae
ebb91099b1400b6e77da346ff1b151df053b0b1ab39344aa839ed139b8577cc0e4e500131624532a4eacd98bc04fd2146bb8e555bc3ebf684b61a6d6a186c22148bb029406caf8dffe185232dbde39df27c7ca794716c0b4ceefb62373cd5169d1f0ff211dcaea13bc06b76c8ab1ef8fb40aafd11e7a56df214bd378fccd6d6bcba1e014e06d732e045bd59d337b185c584dc821e5652062861d54f98ece4ef5875f283c9051b419c308835088e7e3d47e69afb1f816bdeace1e9666c0135da6a34f2e71acd822fa197f97c9a5b5cfccf09cdce117f47485f72110497a4b74080263f28aae2e392677de5fa0fe3472a8e86d4ae0e059aee3c7b5ad37a7cbf532
8e878715f54259c45f264c69c1b81bbb566f9e6a60fe64a58680be4915473290b8048429265324d23ad04e1f0130a96e9f09f6607025b3ebd88ef267c3d2f4c2145d25798e68d9750402e1e7a505fe87b48ae1d65dd1f28c214014b4eb58e31b61491613cabcbb8c5a1bb1c9db6b581ac10cc08c00fd3c2bb02686bb66427a9892fcd9fbab84b3a9af5910c31607b5ed1a45ec9288657fb83f7c3a96c1cc713c0f37dc31693135b8777b64f7d5bbdade01d5a0910b5edccebafed13c013f05085e4ef7dfc96f0bb2908070b1240ca95acea944c2d509029f9e95b088bfbbc86ae94fdcc5de138b25d12a426974efa7daebcaefa200b6338afc54d2c384582e6a
0e039b8c2c41e8554a7ecb2f46fa9bcc8972352a25e1e2f982078f6e45f1858712e28bbed1850873b0925b7793fbfd7f2ab215246eca892f92194682693fde8465da2a544e4e1f97b9b02b4ac933989d807a8c02e409e53e422ba91136ac8560508460702dd836c66594119a82212dd67eb5e0294b4164b2f155569c9186b49dedc3a875db9543a00b94d690a48516fa45ca6590844d3bcb9945825c0773351196f3d645331acba95a3238590f1db9ef4e8de9e4c59bae8b0f1e6015ac914e4632d2fdb1969b024b7281f0d150fb92b69e300d739c60adf490ad2f5d8049bdb48423efc1f2204395925b53a07a4c4e222fa5155b365ceedbe239ff2e5805669e

{ status_code: 2,
  request_id: '4976630227087130633',
  requests: 
   [ { request_type: 'GET_PLAYER',
       request_message: <Buffer 0a 06 30 2e 33 31 2e 30> },
     { request_type: 'GET_HATCHED_EGGS' },
     { request_type: 'GET_INVENTORY',
       request_message: <Buffer 08 b3 fc e7 e2 e6 2a> },
     { request_type: 'CHECK_AWARDED_BADGES' },
     { request_type: 'DOWNLOAD_SETTINGS',
       request_message: <Buffer 0a 28 62 31 66 32 62 66 35 30 39 61 30 32 35 62 37 63 64 37 36 65 31 63 34 38 34 65 32 61 32 34 34 31 31 63 35 30 66 30 36 31> } ],
  unknown6: [ { request_type: 6, unknown2: [Object] } ],
  latitude: 39.188697814941406,
  longitude: -96.58580780029297,
  altitude: 4,
  auth_info: 
   { provider: 'ptc',
     token: 
      { contents: 'TGT-*********************************************************-sso.pokemon.com',
        unknown2: 59 } },
  unknown12: '1747',
  '$unknownFields': [] }
1470697006965: 392f4d184b51dca5e503eba2e69bbd3d0eb0cb5c8dd85c34258cbdfbfe281eb5
505c57a47ded636dea0d25605a2b727976bb9308a9c88fd20f436b284090e9653b8c9422a0baadaf86cba2d64c7e1611894323897a5781bb7c789e303e8abf4a4d82de4489c7b433531371327083b6dac4df0db9b4e5ac26118301853cc54f4b36f16c02d130201d5dbb958a1430aa7b659b8be381255ea68b07c50bed0f1fb2dabe191b4ca188aef462452d53fe879726f47e9d692f6f3c89555d2879b3004559dc419da84840aca588b5b8f749d7d0395df36041276e3fe33cd674d39519458b153cc47c840090a1479b98e049932afc53916a45415c81b82933fc43694694f786992c0abec1941e42955471228d827d2d8ac5a9754b9c7a887baf8bc1f3d1
332083a877f99cb13209b22e343da570cbd87697e5c3e8285a8a1759c7337b6ed87ce1874f8faa140536fb9dd14a9c6c453bdd5ed172d0d51a5bcd8424148ad17a508c601e4864f6b5d476793d5446b6ed85aa5ed0f4488f3f5f3ac104b3c71fd553bcd3fd214cc5caaf5c7a58c233bc5643064046793f2e3b54f279a4a8f21b7409fb6ab2efe28cae03c2934185243fba26503318163647f73840879a94e20eaa671ce915b37e67cc0c41c64b43c579ecb1d9bcbaea8b12d6996f8a37894f82de790c8a2b3d5cf332042e0edb7ae7b5b9dece69f0d99091b23b4a6e7442c5c9a60a12d5e83c70cd55a4d78b0a6cae9241258a166cc066872a598003699bc562

{ status_code: 2,
  request_id: '5101309567162122250',
  requests: 
   [ { request_type: 'DOWNLOAD_REMOTE_CONFIG_VERSION',
       request_message: <Buffer 08 02 28 9c 18> },
     { request_type: 'GET_HATCHED_EGGS' },
     { request_type: 'GET_INVENTORY',
       request_message: <Buffer 08 ae d1 fd e2 e6 2a> },
     { request_type: 'CHECK_AWARDED_BADGES' },
     { request_type: 'DOWNLOAD_SETTINGS',
       request_message: <Buffer 0a 28 36 65 39 63 38 34 63 62 62 37 36 31 65 63 37 35 30 37 38 62 62 38 66 37 38 37 35 35 39 35 38 30 62 32 33 61 33 30 32 62> },
     { request_type: 'GET_HATCHED_EGGS' },
     { request_type: 'GET_INVENTORY' },
     { request_type: 'CHECK_AWARDED_BADGES' },
     { request_type: 'DOWNLOAD_SETTINGS' } ],
  unknown6: [ { request_type: 6, unknown2: [Object] } ],
  latitude: 39.188697814941406,
  longitude: -96.58580780029297,
  altitude: 4,
  auth_ticket: 
   { start: <Buffer a4 e9 ec 59 5a 66 90 61 71 f7 1f ce 8d 5d 4b 64 17 7a 83 c3 3c d5 8c eb 7d 90 d7 b7 33 7f 90 3f f5 b6 b9 3a 02 09 96 cc eb 9d db 3e fb ba b7 e6 1d 68 ... >,
     expire_timestamp_ms: '1470698807321',
     end: <Buffer 39 72 48 f6 e5 7c 76 50 5b e4 f5 8a 81 24 a0 1d> },
  unknown12: '824',
  '$unknownFields': [] }
1470697008122: 6f64a8a06a4e5f366c4715bb55a70f5de504c6044bf57fe54cf188340c5510f6
456748824c9ce09f8fa35f500d65185f4001fc30c6a55383f731042c9c0d6f14b90dbe73827da2091ae2a415a1cbce3adc13e11ed815babfbdfe5793e66c407bd7979118dbcfa74719655e4ae12445f98a51218ab41aa19a1dcd3270a5597bf27228c90db279d75896298c2a56741c891cdbc99ad7004844d049f22b37424cdb4f9cbdda03f95173bf54f939e91c41b21997e675e11c15323b2a2d990c447ca00ea105577addffab81f8846c0893c0dbb1f14bc9d8f47f80660a331531f940298a504f681da0a816b1042915198883ae6250f63f81f652615a7c211d2d9e8da0d48bb53dc138bc61f65ea1b3ffd3e7c4271c3e49855390b552238a1eff2b6dbf
b795da47abc8da95527c8aea71118504077b50b138e391c384b147b062943a8afcdeb3bcdae357899102ac1ff264ae5348ddab7cdac55bb09b3fdbb784b3c62973b4c7969f1a334a41c8f0ace250eb95ad51263b89adfb27187cfc1032e8262b771f30788fe1992946bdd574786a3300b27b7ac977a3228fd3a13fcb3bb5a75edc03eee65cbe995af869ae67f296e96455d1ca21050c535dac2695c10490c1ddc2b92d8c52d62236e71dec6e6e2e8b4ab1dc68f6356f8c2a8102d098c48b9710d9ae52808c3969f3a96e95e0c0fba6426417da19c792f67e399550c1c2cba473c02166450e573cc42adbd57e5403329154297be1912314d7b687e7cd69dc6f52
9d3b3c2f7fe611820967bd3d4d6a11c1375437b24115159a14f6b91e23879cdd66aff44be4de2cea2ef7b1bd25cc19d06a5cc2067cab6921b6007e55aa38d50d9680cd29ca35093d9d41456d2cf2bc1ecc567e52c356da996bff01e384bf2abe54ab9f4f9ed62ff0bbe0a12f4e7a15c474ef6b5cac63b0664377ebbbb255b47fc0476b925814632269e954957233cd5c8b12651b3fa4366932739054fe152ac01e122c04258f3a6afd78c7a8b982a6fb69e689fa9991accdb0db75419c9ffad3137c831acbba48be793ef2fcca3628d6259ac2e408f158af808e202edfd3b6409f32fcc2d5f09f6c65c39e2e8465e647b96364872e2eef86f95bb8b45e9630d1

{ status_code: 2,
  request_id: '6696938944677806091',
  requests: 
   [ { request_type: 'GET_ASSET_DIGEST',
       request_message: <Buffer 08 02 28 9c 18> },
     { request_type: 'GET_HATCHED_EGGS' },
     { request_type: 'GET_INVENTORY',
       request_message: <Buffer 08 ae d1 fd e2 e6 2a> },
     { request_type: 'CHECK_AWARDED_BADGES' },
     { request_type: 'DOWNLOAD_SETTINGS',
       request_message: <Buffer 0a 28 36 65 39 63 38 34 63 62 62 37 36 31 65 63 37 35 30 37 38 62 62 38 66 37 38 37 35 35 39 35 38 30 62 32 33 61 33 30 32 62> },
     { request_type: 'GET_HATCHED_EGGS' },
     { request_type: 'GET_INVENTORY',
       request_message: <Buffer 08 ae d1 fd e2 e6 2a> },
     { request_type: 'CHECK_AWARDED_BADGES' },
     { request_type: 'DOWNLOAD_SETTINGS',
       request_message: <Buffer 0a 28 36 65 39 63 38 34 63 62 62 37 36 31 65 63 37 35 30 37 38 62 62 38 66 37 38 37 35 35 39 35 38 30 62 32 33 61 33 30 32 62> } ],
  unknown6: [ { request_type: 6, unknown2: [Object] } ],
  latitude: 39.188697814941406,
  longitude: -96.58580780029297,
  altitude: 4,
  auth_ticket: 
   { start: <Buffer a4 e9 ec 59 5a 66 90 61 71 f7 1f ce 8d 5d 4b 64 17 7a 83 c3 3c d5 8c eb 7d 90 d7 b7 33 7f 90 3f f5 b6 b9 3a 02 09 96 cc eb 9d db 3e fb ba b7 e6 1d 68 ... >,
     expire_timestamp_ms: '1470698807321',
     end: <Buffer 39 72 48 f6 e5 7c 76 50 5b e4 f5 8a 81 24 a0 1d> },
  unknown12: '1688',
  '$unknownFields': [] }
1470697008986: a6980229884ae1c6f28c40d3c3b4627ebb59c0ad0a11a1957255526c1b810336
ccb128261f23211108c98c463548b104218d096725b452bf5190f326cabbaac751b2ae28ecf43b2a810e28f939acc8756649f2502780789c14d603218160f7b5eb142c6ba7030934f620fcaf6ba72fc071754898754c062379d091014cfc00a7950ff6b7a7de30157edca3e4244e5966f52676bdae5603880115e4d0008f5cfa61e3e16cf48a6081a0984be2b6ce95dfc3a22424b8aee2e068e4e084b6b711e53d3f87b62ef965556905ea8298f0729779ecd05720877adc015ad4521fb2ca9047a46d89428b9544e2491e5bee7b13619990a6042847c261e252aa6293acd79d7f94fd664183b3585420615341f4e9e9798a042615fc9719a844e76cfbd5d5bf
90418f7e12eb4c251268cfabb51adcb4fce38b31ff87076ca65afbd4954ad99eb71a9c6de95a9dd1b7eda2becab094159ea23165513e218c9c6a2fa07463294d50d9377b0f2651861caed18047fdf51ce412e6faa8b23808e1357dccf8ec0547a8b98c5930d182caafa6fa6e2272d04c6a6c449ae63889446c9742226388cd56f3e99e0d67e99d3701cb00575cd3e05c01df78d1b2cd1e59bee500acc19454c397b358ad46d85fbb0da214536990ddb13e6a7ed33569ebe7de938d4291265b2ff71f4cfdb54ea0e9f5d95342ce27cef2d73e34590e8f5811b844cc333ee76e5f1c19674a0ccb1fa002ee196beb9e3bf0dee8aa9a2f468e1144dc24dd4953863d
e7e34bdff5b0ddbf7ba5a76618e38ff863d96d7927e4428ee35c96525244a0296f5e13eb75b6ceaca061a919f0068e1f920a5310632ac4914e091023eef974cfda13f89f23d4164e6663d83ee0021c1ec33311ad61d38966139b9c01cf87460529abb025d8f45de1bfcb8eda802dce8c99ef1e674932b4c6997e6775c5c6d9b98ef6fed08273f3b8c341094cbb0284d51b46c9849518e1be999238cbe0775c41de1fde9d646cf1e09fda9856014d0bec411969eb1ce98bab6454d5e0b22ce60bc1bdf9644436b5f4409f6b28ab114e25e3c0da8af8d3f20cc7081291785cc8c0b28d8ebd6a6a4c4665b03d5c3bfe60cc2920d44c293b9319a5bc24dce5ebadbd

