[+++] PokemonGo MITM Proxy listening on 8081
[!] Make sure to have the CA cert .http-mitm-proxy/certs/ca.pem installed on your device
[+] Request to stats.unity3d.com
[+] Request to appload.ingest.crittercism.com
[+] Request to pgorelease.nianticlabs.com
[+] RequestEnvelope found:  { status_code: 2,
  request_id: '6032429073588813826',
  requests: 
   [ { request_type: 'GET_PLAYER',
       request_message: <Buffer 0a 06 30 2e 33 31 2e 30> } ],
  unknown6: 
   { unknown1: 6,
     unknown2: { unknown1: <Buffer d3 c1 77 fa 85 03 a6 a7 bf d5 55 c4 60 8d c7 7f 28 c2 75 be 47 0a a6 b6 7f de a7 9d f8 9a a8 77 2d 30 1f a8 ef 78 96 6f 72 19 b9 9e e9 d5 14 30 44 98 ... > } },
  latitude: 39.18873977661133,
  longitude: -96.58572387695312,
  altitude: 19.805999755859375,
  auth_info: 
   { provider: 'ptc',
     token: 
      { contents: 'TGT-XXX-sso.pokemon.com',
        unknown2: 13 } },
  unknown12: '320',
  '$unknownFields': [] }
[+] Request GetPlayer found:  { '$unknownFields': [ { number: 1, type: 'TYPE_LENGTH_DELIMITED' } ] }
[+] Modified RequestEnvelope:  { status_code: 2,
  request_id: '6032429073588813826',
  requests: 
   [ { request_type: 'GET_PLAYER',
       request_message: <Buffer 0a 06 30 2e 33 31 2e 30> } ],
  unknown6: 
   { unknown1: 6,
     unknown2: { unknown1: <Buffer ce ce ce ce ce ce ce ce ce ce ce ce ce ce ce ce ce ce ce ce ce ce ce ce ce ce ce ce ce ce ce ce ce ce ce ce ce ce ce ce ce ce ce ce ce ce ce ce ce ce ... > } },
  latitude: 39.18873977661133,
  longitude: -96.58572387695312,
  altitude: 19.805999755859375,
  auth_info: 
   { provider: 'ptc',
     token: 
      { contents: 'TGT-XXX-sso.pokemon.com',
        unknown2: 13 } },
  unknown12: '320',
  '$unknownFields': [] }
[+] Waiting for response...
[+] ResponseEnvelope found:  { status_code: 53,
  request_id: '6032429073588813826',
  api_url: 'pgorelease.nianticlabs.com/plfe/118',
  auth_ticket: 
   { start: <Buffer 30 54 54 7f 4a 87 f4 52 44 50 0d c8 bc e6 03 16 cf 16 a5 06 44 9d e7 c1 a3 05 03 2f 6b 81 22 6d 9d d0 fd 19 70 f7 cd 6b a6 85 69 5f c0 df 57 c6 91 74 ... >,
     expire_timestamp_ms: '1470274238792',
     end: <Buffer f5 da b7 a9 f1 03 e5 2f 6b 89 db 4a c1 3c ed e7> },
  returns: [ <Buffer >, <Buffer > ],
  '$unknownFields': [] }
[+] Response GetPlayer found:  { '$unknownFields': [] }
[+] Request to pgorelease.nianticlabs.com
[+] RequestEnvelope found:  { status_code: 2,
  request_id: '6032429073588813826',
  requests: 
   [ { request_type: 'GET_PLAYER',
       request_message: <Buffer 0a 06 30 2e 33 31 2e 30> } ],
  unknown6: 
   { unknown1: 6,
     unknown2: { unknown1: <Buffer 40 2a 2c 0b c2 fc ab c8 cc 5e aa f5 3d a6 6c c0 d5 6b 6a 0f c4 43 eb 17 cc a7 3c 0e 15 f3 8d f8 17 c4 64 72 7d 1b 68 0d 1a 02 fb 42 1a 5a 88 da 51 7c ... > } },
  latitude: 39.18873977661133,
  longitude: -96.58572387695312,
  altitude: 19.805999755859375,
  auth_info: 
   { provider: 'ptc',
     token: 
      { contents: 'TGT-XXX-sso.pokemon.com',
        unknown2: 13 } },
  unknown12: '2047',
  '$unknownFields': [] }
[+] Request GetPlayer found:  { '$unknownFields': [ { number: 1, type: 'TYPE_LENGTH_DELIMITED' } ] }
[+] Modified RequestEnvelope:  { status_code: 2,
  request_id: '6032429073588813826',
  requests: 
   [ { request_type: 'GET_PLAYER',
       request_message: <Buffer 0a 06 30 2e 33 31 2e 30> } ],
  unknown6: 
   { unknown1: 6,
     unknown2: { unknown1: <Buffer ce ce ce ce ce ce ce ce ce ce ce ce ce ce ce ce ce ce ce ce ce ce ce ce ce ce ce ce ce ce ce ce ce ce ce ce ce ce ce ce ce ce ce ce ce ce ce ce ce ce ... > } },
  latitude: 39.18873977661133,
  longitude: -96.58572387695312,
  altitude: 19.805999755859375,
  auth_info: 
   { provider: 'ptc',
     token: 
      { contents: 'TGT-XXX-sso.pokemon.com',
        unknown2: 13 } },
  unknown12: '2047',
  '$unknownFields': [] }
[+] Waiting for response...
[+] ResponseEnvelope found:  { status_code: 1,
  request_id: '6032429073588813826',
  unknown6: { unknown1: 6, unknown2: { unknown1: '1' } },
  auth_ticket: 
   { start: <Buffer b2 3c 15 e7 76 f6 cc 8d a0 1d e6 55 f3 db e6 c7 9e 45 2a 88 3e fb 16 fa b3 40 61 85 b7 1e bc 7f c5 73 76 25 ef 60 90 aa 02 11 a1 33 cf f2 b9 72 a8 7f ... >,
     expire_timestamp_ms: '1470274240349',
     end: <Buffer 25 b9 cb 79 58 42 c3 96 d1 a1 f6 d4 91 9a 3a 83> },
  returns: [ <Buffer 08 01 12 5f 08 fb 8d cb f3 dc 2a 12 0a 74 72 69 73 6b 65 6c 69 6f 73 28 03 3a 05 00 01 03 04 07 42 0e 10 02 18 02 20 01 28 02 30 01 48 03 50 01 48 fa ... > ],
  '$unknownFields': [] }
[+] Response GetPlayer found:  { success: true,
  player_data: 
   { creation_timestamp_ms: '1468047476475',
     username: 'XXXXXXXXXX',
     team: 'YELLOW',
     tutorial_state: 
      [ 'LEGAL_SCREEN',
        'AVATAR_SELECTION',
        'POKEMON_CAPTURE',
        'NAME_SELECTION',
        'FIRST_TIME_EXPERIENCE_COMPLETE' ],
     avatar: 
      { skin: 2,
        hair: 2,
        shirt: 1,
        pants: 2,
        hat: 1,
        eyes: 3,
        backpack: 1 },
     max_pokemon_storage: 250,
     max_item_storage: 350,
     daily_bonus: { next_defender_bonus_collect_timestamp_ms: '1470174535972' },
     equipped_badge: {},
     contact_settings: { send_marketing_emails: true },
     currencies: [ [Object], [Object] ] },
  '$unknownFields': [] }
[+] Request to pgorelease.nianticlabs.com
[+] RequestEnvelope found:  { status_code: 2,
  request_id: '5413516473689702403',
  requests: 
   [ { request_type: 'DOWNLOAD_REMOTE_CONFIG_VERSION',
       request_message: <Buffer 08 02 28 9c 18> },
     { request_type: 'GET_HATCHED_EGGS' },
     { request_type: 'GET_INVENTORY' },
     { request_type: 'CHECK_AWARDED_BADGES' },
     { request_type: 'DOWNLOAD_SETTINGS' } ],
  unknown6: 
   { unknown1: 6,
     unknown2: { unknown1: <Buffer ad 93 e1 1c ff f5 b0 e9 d9 e7 ff 26 1a bf 11 01 82 14 5f 60 41 7c 30 78 19 70 d1 7f 32 4c 72 79 39 46 9c d6 b2 37 e0 dd a7 0d a7 ce 23 53 ee e0 a1 a4 ... > } },
  latitude: 39.18873977661133,
  longitude: -96.58572387695312,
  altitude: 19.805999755859375,
  auth_ticket: 
   { start: <Buffer b2 3c 15 e7 76 f6 cc 8d a0 1d e6 55 f3 db e6 c7 9e 45 2a 88 3e fb 16 fa b3 40 61 85 b7 1e bc 7f c5 73 76 25 ef 60 90 aa 02 11 a1 33 cf f2 b9 72 a8 7f ... >,
     expire_timestamp_ms: '1470274240349',
     end: <Buffer 25 b9 cb 79 58 42 c3 96 d1 a1 f6 d4 91 9a 3a 83> },
  unknown12: '3687',
  '$unknownFields': [] }
[+] Request DownloadRemoteConfigVersion found:  { platform: 'ANDROID', app_version: 3100, '$unknownFields': [] }
[+] Request GetHatchedEggs found:  {}
[+] Request GetInventory found:  {}
[+] Request CheckAwardedBadges found:  {}
[+] Request DownloadSettings found:  {}
[+] Modified RequestEnvelope:  { status_code: 2,
  request_id: '5413516473689702403',
  requests: 
   [ { request_type: 'DOWNLOAD_REMOTE_CONFIG_VERSION',
       request_message: <Buffer 08 02 28 9c 18> },
     { request_type: 'GET_HATCHED_EGGS' },
     { request_type: 'GET_INVENTORY' },
     { request_type: 'CHECK_AWARDED_BADGES' },
     { request_type: 'DOWNLOAD_SETTINGS' } ],
  unknown6: 
   { unknown1: 6,
     unknown2: { unknown1: <Buffer ce ce ce ce ce ce ce ce ce ce ce ce ce ce ce ce ce ce ce ce ce ce ce ce ce ce ce ce ce ce ce ce ce ce ce ce ce ce ce ce ce ce ce ce ce ce ce ce ce ce ... > } },
  latitude: 39.18873977661133,
  longitude: -96.58572387695312,
  altitude: 19.805999755859375,
  auth_ticket: 
   { start: <Buffer b2 3c 15 e7 76 f6 cc 8d a0 1d e6 55 f3 db e6 c7 9e 45 2a 88 3e fb 16 fa b3 40 61 85 b7 1e bc 7f c5 73 76 25 ef 60 90 aa 02 11 a1 33 cf f2 b9 72 a8 7f ... >,
     expire_timestamp_ms: '1470274240349',
     end: <Buffer 25 b9 cb 79 58 42 c3 96 d1 a1 f6 d4 91 9a 3a 83> },
  unknown12: '3687',
  '$unknownFields': [] }
[+] Waiting for response...
[+] ResponseEnvelope found:  { status_code: 1,
  request_id: '5413516473689702403',
  unknown6: { unknown1: 6, unknown2: { unknown1: '1' } },
  returns: 
   [ <Buffer 08 01 10 85 d1 e5 c5 e3 2a 18 e8 c0 f5 85 95 d1 cd 02>,
     <Buffer 08 01>,
     <Buffer 08 01 12 c2 a0 01 10 bc 8b c2 98 e5 2a 1a 52 1a 50 0a 4e 09 cb ac 72 6e 7f b1 9d 31 10 7f 18 92 03 20 31 28 31 30 f1 01 38 64 7d 9b f3 af 3f 85 01 c5 ... >,
     <Buffer 08 01>,
     <Buffer 12 28 35 34 62 33 35 39 63 39 37 65 34 36 39 30 30 66 38 37 32 31 31 65 66 36 65 36 64 64 30 62 37 66 32 61 33 65 61 31 66 35 1a 8e 01 12 1f 09 00 00 ... > ],
  '$unknownFields': [] }
[+] Response DownloadRemoteConfigVersion found:  { result: 'SUCCESS',
  item_templates_timestamp_ms: '1469830490245',
  asset_digest_timestamp_ms: '1467338276561000',
  '$unknownFields': [] }
[+] Response GetHatchedEggs found:  { success: true,
  pokemon_id: [],
  experience_awarded: [],
  candy_awarded: [],
  stardust_awarded: [],
  '$unknownFields': [] }
[+] Response GetInventory found:  { success: true,
  inventory_delta: 
   { new_timestamp_ms: '1470272406972',
     inventory_items: 
      [ [Object],
        [Object],
        [Object],
        [Object],
        [Object],
        [Object],
        [Object],
        [Object],
        [Object],
        [Object],
        [Object],
        [Object],
        [Object],
        [Object],
        [Object],
        [Object],
        [Object],
        [Object],
        [Object],
        [Object],
        [Object],
        [Object],
        [Object],
        [Object],
        [Object],
        [Object],
        [Object],
        [Object],
        [Object],
        [Object],
        [Object],
        [Object],
        [Object],
        [Object],
        [Object],
        [Object],
        [Object],
        [Object],
        [Object],
        [Object],
        [Object],
        [Object],
        [Object],
        [Object],
        [Object],
        [Object],
        [Object],
        [Object],
        [Object],
        [Object],
        [Object],
        [Object],
        [Object],
        [Object],
        [Object],
        [Object],
        [Object],
        [Object],
        [Object],
        [Object],
        [Object],
        [Object],
        [Object],
        [Object],
        [Object],
        [Object],
        [Object],
        [Object],
        [Object],
        [Object],
        [Object],
        [Object],
        [Object],
        [Object],
        [Object],
        [Object],
        [Object],
        [Object],
        [Object],
        [Object],
        [Object],
        [Object],
        [Object],
        [Object],
        [Object],
        [Object],
        [Object],
        [Object],
        [Object],
        [Object],
        [Object],
        [Object],
        [Object],
        [Object],
        [Object],
        [Object],
        [Object],
        [Object],
        [Object],
        [Object],
        [Object],
        [Object],
        [Object],
        [Object],
        [Object],
        [Object],
        [Object],
        [Object],
        [Object],
        [Object],
        [Object],
        [Object],
        [Object],
        [Object],
        [Object],
        [Object],
        [Object],
        [Object],
        [Object],
        [Object],
        [Object],
        [Object],
        [Object],
        [Object],
        [Object],
        [Object],
        [Object],
        [Object],
        [Object],
        [Object],
        [Object],
        [Object],
        [Object],
        [Object],
        [Object],
        [Object],
        [Object],
        [Object],
        [Object],
        [Object],
        [Object],
        [Object],
        [Object],
        [Object],
        [Object],
        [Object],
        [Object],
        [Object],
        [Object],
        [Object],
        [Object],
        [Object],
        [Object],
        [Object],
        [Object],
        [Object],
        [Object],
        [Object],
        [Object],
        [Object],
        [Object],
        [Object],
        [Object],
        [Object],
        [Object],
        [Object],
        [Object],
        [Object],
        [Object],
        [Object],
        [Object],
        [Object],
        [Object],
        [Object],
        [Object],
        [Object],
        [Object],
        [Object],
        [Object],
        [Object],
        [Object],
        [Object],
        [Object],
        [Object],
        [Object],
        [Object],
        [Object],
        [Object],
        [Object],
        [Object],
        [Object],
        [Object],
        [Object],
        [Object],
        [Object],
        [Object],
        [Object],
        [Object],
        [Object],
        [Object],
        [Object],
        [Object],
        [Object],
        [Object],
        [Object],
        [Object],
        [Object],
        [Object],
        [Object],
        [Object],
        [Object],
        [Object],
        [Object],
        [Object],
        [Object],
        [Object],
        [Object],
        [Object],
        [Object],
        [Object],
        [Object],
        [Object],
        [Object],
        [Object],
        [Object],
        [Object],
        [Object],
        [Object],
        [Object],
        [Object],
        [Object],
        [Object],
        [Object],
        [Object],
        [Object],
        [Object],
        [Object],
        [Object],
        [Object],
        [Object],
        [Object],
        [Object],
        [Object],
        [Object],
        [Object],
        [Object],
        [Object],
        [Object],
        [Object],
        [Object],
        [Object],
        [Object],
        [Object],
        [Object],
        [Object],
        [Object],
        [Object],
        [Object],
        [Object],
        [Object],
        [Object],
        [Object],
        [Object],
        [Object],
        [Object],
        [Object],
        [Object],
        [Object],
        [Object],
        [Object],
        [Object],
        [Object],
        [Object],
        [Object],
        [Object],
        [Object],
        [Object],
        [Object],
        [Object],
        [Object],
        [Object],
        [Object],
        [Object],
        [Object],
        [Object],
        [Object],
        [Object],
        [Object],
        [Object],
        [Object],
        [Object],
        [Object],
        [Object],
        [Object],
        [Object],
        [Object],
        [Object],
        [Object],
        [Object],
        [Object],
        [Object],
        [Object],
        [Object],
        [Object],
        [Object],
        [Object],
        [Object],
        [Object],
        [Object],
        [Object],
        [Object],
        [Object],
        [Object],
        [Object],
        [Object],
        [Object],
        [Object],
        [Object],
        [Object],
        [Object],
        [Object],
        [Object],
        [Object],
        [Object],
        [Object],
        [Object],
        [Object],
        [Object],
        [Object],
        [Object],
        [Object],
        [Object],
        [Object],
        [Object],
        [Object],
        [Object],
        [Object],
        [Object],
        [Object],
        [Object],
        [Object],
        [Object],
        [Object],
        [Object],
        [Object],
        [Object],
        [Object],
        [Object],
        [Object],
        [Object],
        [Object],
        [Object],
        [Object],
        [Object],
        [Object],
        [Object],
        [Object],
        [Object],
        [Object],
        [Object],
        [Object],
        [Object],
        [Object],
        [Object],
        [Object],
        [Object],
        [Object],
        [Object],
        [Object],
        [Object],
        [Object] ] },
  '$unknownFields': [] }
[+] Response CheckAwardedBadges found:  { success: true,
  awarded_badges: [],
  awarded_badge_levels: [],
  '$unknownFields': [] }
[+] Response DownloadSettings found:  { hash: '54b359c97e46900f87211ef6e6dd0b7f2a3ea1f5',
  settings: 
   { fort_settings: 
      { interaction_range_meters: 40,
        max_total_deployed_pokemon: 10,
        max_player_deployed_pokemon: 1,
        deploy_stamina_multiplier: 2,
        far_interaction_range_meters: 1000 },
     map_settings: 
      { pokemon_visible_range: 70,
        poke_nav_range_meters: 201,
        encounter_range_meters: 50,
        get_map_objects_min_refresh_seconds: 5,
        get_map_objects_max_refresh_seconds: 30,
        get_map_objects_min_distance_meters: 10,
        google_maps_api_key: 'AIzaSyDF9rkP8lhcddBtvH9gVFzjnNo13WtmJIM' },
     inventory_settings: 
      { max_pokemon: 1000,
        max_bag_items: 1000,
        base_pokemon: 250,
        base_bag_items: 350,
        base_eggs: 9 },
     minimum_client_version: '0.31.0' },
  '$unknownFields': [] }
[+] Request to single.upsight-api.com
[+] Request to pgorelease.nianticlabs.com
[+] RequestEnvelope found:  { status_code: 2,
  request_id: '8604775224426102788',
  requests: 
   [ { request_type: 'GET_ASSET_DIGEST',
       request_message: <Buffer 08 02 28 9c 18> },
     { request_type: 'GET_HATCHED_EGGS' },
     { request_type: 'GET_INVENTORY',
       request_message: <Buffer 08 bc 8b c2 98 e5 2a> },
     { request_type: 'CHECK_AWARDED_BADGES' },
     { request_type: 'DOWNLOAD_SETTINGS',
       request_message: <Buffer 0a 28 35 34 62 33 35 39 63 39 37 65 34 36 39 30 30 66 38 37 32 31 31 65 66 36 65 36 64 64 30 62 37 66 32 61 33 65 61 31 66 35> } ],
  unknown6: 
   { unknown1: 6,
     unknown2: { unknown1: <Buffer 1a fc 96 2d 3c ee b5 0a e6 70 54 57 f7 d8 b6 42 2f bd 54 b1 be b5 75 d9 66 39 66 f0 4f a5 57 fa 25 e1 f9 2d d4 30 d7 36 30 ea 1f 84 e5 d1 ff 87 61 bb ... > } },
  latitude: 39.18873977661133,
  longitude: -96.58572387695312,
  altitude: 19.805999755859375,
  auth_ticket: 
   { start: <Buffer b2 3c 15 e7 76 f6 cc 8d a0 1d e6 55 f3 db e6 c7 9e 45 2a 88 3e fb 16 fa b3 40 61 85 b7 1e bc 7f c5 73 76 25 ef 60 90 aa 02 11 a1 33 cf f2 b9 72 a8 7f ... >,
     expire_timestamp_ms: '1470274240349',
     end: <Buffer 25 b9 cb 79 58 42 c3 96 d1 a1 f6 d4 91 9a 3a 83> },
  unknown12: '5607',
  '$unknownFields': [] }
[+] Request GetAssetDigest found:  { platform: 'ANDROID', app_version: 3100, '$unknownFields': [] }
[+] Request GetHatchedEggs found:  {}
[+] Request GetInventory found:  { last_timestamp_ms: '1470272406972', '$unknownFields': [] }
[+] Request CheckAwardedBadges found:  {}
[+] Request DownloadSettings found:  { hash: '54b359c97e46900f87211ef6e6dd0b7f2a3ea1f5',
  '$unknownFields': [] }
[+] Modified RequestEnvelope:  { status_code: 2,
  request_id: '8604775224426102788',
  requests: 
   [ { request_type: 'GET_ASSET_DIGEST',
       request_message: <Buffer 08 02 28 9c 18> },
     { request_type: 'GET_HATCHED_EGGS' },
     { request_type: 'GET_INVENTORY',
       request_message: <Buffer 08 bc 8b c2 98 e5 2a> },
     { request_type: 'CHECK_AWARDED_BADGES' },
     { request_type: 'DOWNLOAD_SETTINGS',
       request_message: <Buffer 0a 28 35 34 62 33 35 39 63 39 37 65 34 36 39 30 30 66 38 37 32 31 31 65 66 36 65 36 64 64 30 62 37 66 32 61 33 65 61 31 66 35> } ],
  unknown6: 
   { unknown1: 6,
     unknown2: { unknown1: <Buffer ce ce ce ce ce ce ce ce ce ce ce ce ce ce ce ce ce ce ce ce ce ce ce ce ce ce ce ce ce ce ce ce ce ce ce ce ce ce ce ce ce ce ce ce ce ce ce ce ce ce ... > } },
  latitude: 39.18873977661133,
  longitude: -96.58572387695312,
  altitude: 19.805999755859375,
  auth_ticket: 
   { start: <Buffer b2 3c 15 e7 76 f6 cc 8d a0 1d e6 55 f3 db e6 c7 9e 45 2a 88 3e fb 16 fa b3 40 61 85 b7 1e bc 7f c5 73 76 25 ef 60 90 aa 02 11 a1 33 cf f2 b9 72 a8 7f ... >,
     expire_timestamp_ms: '1470274240349',
     end: <Buffer 25 b9 cb 79 58 42 c3 96 d1 a1 f6 d4 91 9a 3a 83> },
  unknown12: '5607',
  '$unknownFields': [] }
[+] Waiting for response...
[+] ResponseEnvelope found:  { status_code: 1,
  request_id: '8604775224426102788',
  unknown6: { unknown1: 6, unknown2: { unknown1: '1' } },
  returns: 
   [ <Buffer 0a 63 0a 35 30 33 30 61 33 34 37 36 2d 36 36 38 61 2d 34 37 66 62 2d 39 35 65 64 2d 32 62 63 66 63 35 63 31 35 36 33 37 2f 31 34 36 37 33 33 38 31 32 ... >,
     <Buffer 08 01>,
     <Buffer 08 01 12 0e 08 bc 8b c2 98 e5 2a 10 bc 8b c2 98 e5 2a>,
     <Buffer 08 01>,
     <Buffer 12 28 35 34 62 33 35 39 63 39 37 65 34 36 39 30 30 66 38 37 32 31 31 65 66 36 65 36 64 64 30 62 37 66 32 61 33 65 61 31 66 35> ],
  '$unknownFields': [] }
[+] Response GetAssetDigest found:  { digest: 
   [ { asset_id: '030a3476-668a-47fb-95ed-2bcfc5c15637/1467338129695000',
       bundle_name: 'pm0094',
       version: '1467338129695000',
       checksum: 1091692581,
       size: 401141,
       key: <Buffer 0d 0c 92 4d ed 93 af 92 f6 12 32 80 47 22 b7 a4> },
     { asset_id: '0425019c-3e6a-4317-960d-2e7324b3e744/1467337885130000',
       bundle_name: 'pm0002',
       version: '1467337885130000',
       checksum: 1262180282,
       size: 538117,
       key: <Buffer 24 73 86 27 53 b1 b2 ca 67 f3 9f 6a 68 e0 c5 3f> },
     { asset_id: '075f80e6-760e-4553-96ef-6e117b933969/1467337919227000',
       bundle_name: 'pm0015',
       version: '1467337919227000',
       checksum: 2902084886,
       size: 320309,
       key: <Buffer b4 9e 6b 97 c3 cd 55 6a 08 4b d0 15 fd 68 63 6e> },
     { asset_id: '0788eb46-368c-480c-bec2-f9709a25caf0/1467338000489000',
       bundle_name: 'pm0045',
       version: '1467338000489000',
       checksum: 3950266309,
       size: 317685,
       key: <Buffer 6c fa f5 25 06 94 b0 ba aa 1e de 3e 59 dd 6a 31> },
     { asset_id: '09493d46-29b4-476d-8b4d-fdb152251ec6/1467338194462000',
       bundle_name: 'pm0120',
       version: '1467338194462000',
       checksum: 1682924312,
       size: 241797,
       key: <Buffer 6f 5d a2 f0 d7 a1 22 f1 8c 6b e2 94 84 21 38 a3> },
     { asset_id: '0bd50fd0-3d5f-4a1c-98af-88b6ec74a1bd/1467337882194000',
       bundle_name: 'pm0001',
       version: '1467337882194000',
       checksum: 3445822759,
       size: 539253,
       key: <Buffer a5 eb 6b c2 f8 ae fe 8b 8c a5 dd 83 25 ea d8 a8> },
     { asset_id: '0d68da6c-ab76-4c31-b3df-4068a8764a12/1467338113910000',
       bundle_name: 'pm0088',
       version: '1467338113910000',
       checksum: 1851466744,
       size: 867109,
       key: <Buffer 9c 8c 6b 30 d5 e9 e6 86 26 6f 48 f9 12 09 f8 83> },
     { asset_id: '0ddf030f-2060-4982-a31c-6b90bcc36918/1467337909222000',
       bundle_name: 'pm0011',
       version: '1467337909222000',
       checksum: 3452525069,
       size: 187093,
       key: <Buffer 96 47 6f 20 e1 31 47 3f 25 f3 9d 2d 60 6b 72 db> },
     { asset_id: '0fc10c28-3391-496b-bf21-4998855cc68d/1467338266042000',
       bundle_name: 'pm0147',
       version: '1467338266042000',
       checksum: 590985285,
       size: 309877,
       key: <Buffer 34 89 a6 67 dc bb 6f 7f 9c aa e3 0e 9f ed cc 72> },
     { asset_id: '10531b61-bb47-41d2-8a8e-1d1639112419/1467337976073000',
       bundle_name: 'pm0036',
       version: '1467337976073000',
       checksum: 1083344592,
       size: 434533,
       key: <Buffer ec 69 de 2d e7 21 91 03 9f 9e 31 02 2b 04 86 8a> },
     { asset_id: '10d55042-2573-4150-881d-24ce2104c821/1467338091293000',
       bundle_name: 'pm0079',
       version: '1467338091293000',
       checksum: 1886181521,
       size: 374117,
       key: <Buffer 0e 96 81 9b fc fb 71 f9 80 39 19 17 80 65 3f 87> },
     { asset_id: '113c720a-2bac-4417-b1cf-e095b7ded5f9/1467338069977000',
       bundle_name: 'pm0071',
       version: '1467338069977000',
       checksum: 2021977114,
       size: 678213,
       key: <Buffer 80 74 a9 9a 3f 17 b9 60 3f ed 64 d4 f0 f4 38 ec> },
     { asset_id: '13cfc96d-78a5-4c2e-b7da-bcb12b96aaf8/1467338174844000',
       bundle_name: 'pm0112',
       version: '1467338174844000',
       checksum: 363541638,
       size: 452261,
       key: <Buffer 5d e1 9b 0d ad 79 21 87 16 4b 8a c7 eb 19 cd b4> },
     { asset_id: '144e2ec2-4ce6-4c0c-8fca-fa7e2ae3322c/1467338268569000',
       bundle_name: 'pm0148',
       version: '1467338268569000',
       checksum: 3037878969,
       size: 301029,
       key: <Buffer 5a a6 2a 58 a6 6e 63 61 1c ea 2f 43 0f 68 d2 7d> },
     { asset_id: '1512005a-ca80-443d-b1e3-db95bb786718/1467337987049000',
       bundle_name: 'pm0040',
       version: '1467337987049000',
       checksum: 2688163078,
       size: 374613,
       key: <Buffer 16 b7 6a c8 8b f8 03 f7 3f bd 2c e9 17 eb 8f a7> },
     { asset_id: '17e94739-b461-45b2-bba2-254e8b6ebe0e/1467337899180000',
       bundle_name: 'pm0007',
       version: '1467337899180000',
       checksum: 2891475622,
       size: 431269,
       key: <Buffer f9 2c de c0 f4 88 a6 60 5d cf fd ee ea b6 c5 59> },
     { asset_id: '192d950c-765e-426c-8861-f60d0f7883f3/1467338008565000',
       bundle_name: 'pm0048',
       version: '1467338008565000',
       checksum: 3345575021,
       size: 518213,
       key: <Buffer 68 65 fc 3c e7 96 e6 3a a2 6b ea b3 c7 9f 70 f0> },
     { asset_id: '1a8d8b21-83e5-47e9-8d80-9523f3ad202d/1467337964453000',
       bundle_name: 'pm0032',
       version: '1467337964453000',
       checksum: 630362926,
       size: 405957,
       key: <Buffer 6d e5 f1 ae 4a 33 a5 b6 fe 8d 4c 51 1a 21 9a 1d> },
     { asset_id: '1cab52c2-fd34-42f5-81fb-160d559ec52c/1467338086041000',
       bundle_name: 'pm0077',
       version: '1467338086041000',
       checksum: 3581097280,
       size: 696005,
       key: <Buffer 13 af 33 fe 4a 77 ce 48 3e 1c 56 35 19 21 69 d8> },
     { asset_id: '1de61775-066c-467b-9d15-bba848613582/1467338189393000',
       bundle_name: 'pm0118',
       version: '1467338189393000',
       checksum: 1121624648,
       size: 519717,
       key: <Buffer f7 c5 d4 d9 1d 26 8f 09 5a 77 c3 22 aa 2c 81 72> },
     { asset_id: '1e15c63a-9a35-4089-b89e-ac43a7acd75f/1467337951277000',
       bundle_name: 'pm0027',
       version: '1467337951277000',
       checksum: 1335393334,
       size: 425797,
       key: <Buffer 5d 3e 5e 9a e0 ec 23 e3 c7 3e cf 7f 87 e8 5b e9> },
     { asset_id: '1e4961be-4396-42ee-b40d-1a2fb5ec5a80/1467337971773000',
       bundle_name: 'pm0035',
       version: '1467337971773000',
       checksum: 4191243538,
       size: 362949,
       key: <Buffer 87 57 73 7a 53 28 fd e7 16 bf 2c 6c ca 20 d1 75> },
     { asset_id: '1e564e4d-a0ff-44fb-928a-23c0f1f5848a/1467337958911000',
       bundle_name: 'pm0030',
       version: '1467337958911000',
       checksum: 2285618556,
       size: 337397,
       key: <Buffer 37 47 a6 35 13 bb 67 67 17 8d 65 15 3c 38 86 86> },
     { asset_id: '22104024-0f79-4adb-9b0e-c710e0a7301f/1467338229269000',
       bundle_name: 'pm0133',
       version: '1467338229269000',
       checksum: 2667934853,
       size: 551221,
       key: <Buffer 51 07 8d 0c e2 89 e9 c9 11 fd 3b e0 ea 17 bd 8b> },
     { asset_id: '253d320c-a865-4dac-b7fc-65b48f51104c/1467338202540000',
       bundle_name: 'pm0123',
       version: '1467338202540000',
       checksum: 3550620028,
       size: 415301,
       key: <Buffer 12 38 24 f0 29 e5 c3 e4 67 3e fe e8 5d dc ae 22> },
     { asset_id: '2727cac4-4bfe-4021-b15f-01e4ac5b66a3/1467337916776000',
       bundle_name: 'pm0014',
       version: '1467337916776000',
       checksum: 1789690601,
       size: 172309,
       key: <Buffer fe e1 c8 92 61 45 dc 15 39 26 73 5e b0 0e 2d c2> },
     { asset_id: '2a17e985-e3be-4e32-bebd-3d9c21a080bc/1467338205053000',
       bundle_name: 'pm0124',
       version: '1467338205053000',
       checksum: 475671429,
       size: 773397,
       key: <Buffer d4 39 28 54 cd 10 d1 85 14 b4 bb 26 e6 89 cb 51> },
     { asset_id: '2b57e336-fd00-4f4b-9ff8-fe0b39c1b2ad/1467338213134000',
       bundle_name: 'pm0127',
       version: '1467338213134000',
       checksum: 2991925804,
       size: 468997,
       key: <Buffer 0e 1c b2 f3 f9 a8 57 6b 0e 23 65 60 ec 5a 3b 11> },
     { asset_id: '2f001c1d-5f65-416a-a062-bbd53b5dcc36/1467338052077000',
       bundle_name: 'pm0064',
       version: '1467338052077000',
       checksum: 1381302082,
       size: 461909,
       key: <Buffer fc 72 e3 ad 8f 77 d6 97 7a 56 ea e9 6c 3c 7c f9> },
     { asset_id: '2fbef411-bc29-44c4-b988-fb2b37227082/1467338172347000',
       bundle_name: 'pm0111',
       version: '1467338172347000',
       checksum: 1601575968,
       size: 481557,
       key: <Buffer 84 10 dc f9 7a 36 cb c3 52 65 e6 35 05 66 44 81> },
     { asset_id: '3106cff7-3cbb-488b-87de-851782cf7514/1467338096154000',
       bundle_name: 'pm0081',
       version: '1467338096154000',
       checksum: 74226018,
       size: 216421,
       key: <Buffer b6 60 c6 d5 d6 fe 0b 5c 28 00 99 54 c1 b2 08 a6> },
     { asset_id: '31e4001a-6636-4e37-8f4f-83ec44efabaf/1467337984615000',
       bundle_name: 'pm0039',
       version: '1467337984615000',
       checksum: 2862335009,
       size: 466789,
       key: <Buffer f7 06 8f 45 05 1a fb 72 84 ef 7c 7d 02 26 f8 fb> },
     { asset_id: '324622df-707d-4916-8498-427306552469/1467338098389000',
       bundle_name: 'pm0082',
       version: '1467338098389000',
       checksum: 3074157279,
       size: 328885,
       key: <Buffer 62 45 95 3e e5 32 84 78 f9 c0 88 60 e8 bc 22 95> },
     { asset_id: '373af218-ca36-4648-a72b-b0f7ae8bf2e9/1467338135579000',
       bundle_name: 'pm0096',
       version: '1467338135579000',
       checksum: 115675938,
       size: 538661,
       key: <Buffer 15 f2 b3 20 b4 c6 e7 ff 0a ba d4 13 df 3e 19 49> },
     { asset_id: '3918f249-3ad9-4dee-a073-9d1ecada65d1/1467338240434000',
       bundle_name: 'pm0137',
       version: '1467338240434000',
       checksum: 1906115008,
       size: 137909,
       key: <Buffer f8 ab f2 bf ad b8 b7 bf 94 20 a5 cd 62 ba 2d e2> },
     { asset_id: '3a5b0f0a-bfac-4009-a263-60f5cbd52a0f/1467337904532000',
       bundle_name: 'pm0009',
       version: '1467337904532000',
       checksum: 256607364,
       size: 581717,
       key: <Buffer 71 a8 b2 ca af 16 3a 68 1a 40 7e 88 a9 a7 13 84> },
     { asset_id: '3c50d5e8-a587-42a6-bb9b-37fba81cf199/1467338020497000',
       bundle_name: 'pm0052',
       version: '1467338020497000',
       checksum: 1233924138,
       size: 523829,
       key: <Buffer 25 39 df ec b4 1b 11 b5 30 88 21 e0 7e 0b 71 25> },
     { asset_id: '3c75b9ce-d9c0-4646-b175-fe25f1dc9d9d/1467338207442000',
       bundle_name: 'pm0125',
       version: '1467338207442000',
       checksum: 211798875,
       size: 572037,
       key: <Buffer 7a 7b e6 1b 7e ed d7 16 66 96 5c 2d 2d e5 85 c6> },
     { asset_id: '3d1a2fbe-0223-488c-a0f0-aca878917bf4/1467337997895000',
       bundle_name: 'pm0044',
       version: '1467337997895000',
       checksum: 730430449,
       size: 412613,
       key: <Buffer d1 0c d9 3f 70 46 f0 01 3e ef cc 5b ac 38 87 c5> },
     { asset_id: '3d3f7e51-d1a2-4697-9644-5c935e781b8f/1467338011578000',
       bundle_name: 'pm0049',
       version: '1467338011578000',
       checksum: 1305345479,
       size: 302901,
       key: <Buffer b1 dd cf ed 1c 72 91 ee a6 29 5f f8 46 05 3f 12> },
     { asset_id: '445b414e-c2ac-4e4f-b038-d4370e0f0197/1467337961777000',
       bundle_name: 'pm0031',
       version: '1467337961777000',
       checksum: 4283404323,
       size: 370069,
       key: <Buffer 8c 18 2b 71 bd 98 a6 bb 82 93 97 cb fb 81 69 54> },
     { asset_id: '4d9a5912-a0f7-4bb2-8248-b0021e54d471/1467338165109000',
       bundle_name: 'pm0108',
       version: '1467338165109000',
       checksum: 1328162472,
       size: 510453,
       key: <Buffer 92 3c 29 ea 4a c3 38 38 45 2b d4 4d 6b 9b b7 22> },
     { asset_id: '4fbc5a41-fa6f-4b6a-aaa1-19028c3d80ff/1467338177160000',
       bundle_name: 'pm0113',
       version: '1467338177160000',
       checksum: 2240794369,
       size: 361109,
       key: <Buffer 35 ae 90 b9 4d 65 5b 45 a3 e2 8b 4a f1 85 0a 9c> },
     { asset_id: '5052b740-eb53-4d43-b626-7a8446c209a4/1467338044503000',
       bundle_name: 'pm0061',
       version: '1467338044503000',
       checksum: 2130499044,
       size: 338309,
       key: <Buffer 26 9f 2b e1 5e 5c 84 02 88 87 03 c2 78 8c b6 bc> },
     { asset_id: '509a4b03-21bb-4648-8ec9-13acaa6acd2a/1467338248318000',
       bundle_name: 'pm0140',
       version: '1467338248318000',
       checksum: 3970891003,
       size: 236869,
       key: <Buffer 50 dc b7 df 60 3a 98 2c a7 57 d3 e0 84 4b 47 0e> },
     { asset_id: '5150fb96-23b5-4e13-b700-14d34a91c609/1467338002945000',
       bundle_name: 'pm0046',
       version: '1467338002945000',
       checksum: 902196895,
       size: 377765,
       key: <Buffer d7 f9 9c 77 4f e4 01 c2 99 8f ad fe d4 ea fd af> },
     { asset_id: '539ce0fa-01f9-4800-b3f5-52ea25038c6e/1467337943229000',
       bundle_name: 'pm0024',
       version: '1467337943229000',
       checksum: 3828810246,
       size: 367957,
       key: <Buffer d7 00 89 7f 2a b1 75 ea b4 8b 8c fa 7b 20 ea dd> },
     { asset_id: '53b9b877-3496-499f-9268-f493fe6fb423/1467338215957000',
       bundle_name: 'pm0128',
       version: '1467338215957000',
       checksum: 2194994395,
       size: 547237,
       key: <Buffer ed 20 76 24 8b 30 6e 05 b2 d1 51 d8 28 34 bd e7> },
     { asset_id: '586bafd6-675a-4799-9ea3-529f205db205/1467338046999000',
       bundle_name: 'pm0062',
       version: '1467338046999000',
       checksum: 436642340,
       size: 441125,
       key: <Buffer e5 5e 1d e2 7e 06 7b 6f c0 eb d6 3b ee dd 90 d9> },
     { asset_id: '5a1ad400-947b-468f-aff5-4ee74b488da1/1467338162694000',
       bundle_name: 'pm0107',
       version: '1467338162694000',
       checksum: 2858354579,
       size: 381301,
       key: <Buffer 57 c3 09 b0 bf 7d b9 c5 52 c2 e9 69 d4 6d 94 4e> },
     { asset_id: '5be4c90f-8b4b-49ce-92a1-6e1ffd591fda/1467338152232000',
       bundle_name: 'pm0103',
       version: '1467338152232000',
       checksum: 1142938153,
       size: 588149,
       key: <Buffer 80 91 78 62 1a 23 f4 ee 40 81 81 e0 79 f4 ac 6c> },
     { asset_id: '5c0a5e50-9ea2-4a9a-b450-313faa60fc30/1467337906920000',
       bundle_name: 'pm0010',
       version: '1467337906920000',
       checksum: 4264333702,
       size: 218277,
       key: <Buffer 2a c7 53 44 c6 0d c0 03 9d 03 a0 6d 8b a0 12 88> },
     { asset_id: '5cbcb961-13dc-440c-a474-50212e6ff120/1467338119418000',
       bundle_name: 'pm0090',
       version: '1467338119418000',
       checksum: 260237632,
       size: 236341,
       key: <Buffer a6 fa 50 0b 9f 0d 56 4c f8 9c ee ad 0b 44 54 cc> },
     { asset_id: '5f96120d-3c3d-49f0-9e37-a32ea310c90f/1467338179500000',
       bundle_name: 'pm0114',
       version: '1467338179500000',
       checksum: 3388493016,
       size: 492309,
       key: <Buffer 2b a6 fa e5 46 b7 8d 7d 45 31 d0 35 54 63 b5 3f> },
     { asset_id: '60f5f204-b8ef-4ebe-9bdd-e22f5e201ac6/1467338080582000',
       bundle_name: 'pm0075',
       version: '1467338080582000',
       checksum: 163117988,
       size: 477029,
       key: <Buffer 49 5f b0 0b 56 40 22 5d 60 fc cd 97 b0 d0 7d b3> },
     { asset_id: '656e67b5-45c5-4a97-bf61-ccd460fd0711/1467338026213000',
       bundle_name: 'pm0054',
       version: '1467338026213000',
       checksum: 2938158766,
       size: 343813,
       key: <Buffer 76 29 71 ed ec 05 ad b5 a4 00 d4 14 0f cf de 79> },
     { asset_id: '65c79d4f-ce78-492f-9f44-39a387e8e06d/1467337935414000',
       bundle_name: 'pm0021',
       version: '1467337935414000',
       checksum: 2412734403,
       size: 477333,
       key: <Buffer c0 ea 17 fc db 72 60 66 ce 9a a0 21 c7 79 9f 69> },
     { asset_id: '6650afba-2aa8-45b3-874c-e54983595633/1467338088555000',
       bundle_name: 'pm0078',
       version: '1467338088555000',
       checksum: 3498661415,
       size: 973781,
       key: <Buffer cb bc fa 8c 36 41 1b 20 87 3b 50 6d 44 4b 85 16> },
     { asset_id: '668a3f63-9fd5-41b4-9964-532f467ad1c4/1467338039593000',
       bundle_name: 'pm0059',
       version: '1467338039593000',
       checksum: 1067980017,
       size: 685941,
       key: <Buffer 11 be e1 d4 98 89 de 9d aa 52 3b 95 36 83 57 e9> },
     { asset_id: '67bd4c6f-dcff-4f03-b90b-4a3713284945/1467337932685000',
       bundle_name: 'pm0020',
       version: '1467337932685000',
       checksum: 4211794890,
       size: 537749,
       key: <Buffer 21 6b 40 1b 08 65 96 45 79 d5 56 70 01 b2 29 ef> },
     { asset_id: '68d7da67-b04a-43e8-82bf-6b5b414c5c15/1467338157779000',
       bundle_name: 'pm0105',
       version: '1467338157779000',
       checksum: 3595829723,
       size: 384405,
       key: <Buffer 32 96 74 45 c0 11 ec 36 2f 83 00 a8 33 fa f2 26> },
     { asset_id: '6a30858b-c6a8-4e4c-a353-4cfc8f4433d4/1467338167524000',
       bundle_name: 'pm0109',
       version: '1467338167524000',
       checksum: 3471746952,
       size: 280085,
       key: <Buffer 11 9f 91 34 96 4f 8a bc 00 a7 59 0e 93 e3 ae d8> },
     { asset_id: '6a7f5aad-3513-4a84-b106-d1e739929e7c/1467338160277000',
       bundle_name: 'pm0106',
       version: '1467338160277000',
       checksum: 3063475515,
       size: 494101,
       key: <Buffer 5a 2a f8 59 f6 65 8a 8a e6 24 06 60 2b 1a 07 e3> },
     { asset_id: '6d2993b7-7fb3-43b2-8a33-0605c11b0f22/1467338124329000',
       bundle_name: 'pm0092',
       version: '1467338124329000',
       checksum: 1499681981,
       size: 221701,
       key: <Buffer dc 84 da 09 ef 7d fc 62 0a b8 c8 2f 17 d0 1c a6> },
     { asset_id: '6e6b531b-e153-4f70-831a-afed68fdafdb/1467337992497000',
       bundle_name: 'pm0042',
       version: '1467337992497000',
       checksum: 2197171195,
       size: 389589,
       key: <Buffer a2 04 dc de 02 08 70 76 5e c0 c4 c9 14 ee f3 c0> },
     { asset_id: '6f941a3b-9802-4357-bc8e-b5e5dbec4c15/1467338258380000',
       bundle_name: 'pm0144',
       version: '1467338258380000',
       checksum: 3142672630,
       size: 657237,
       key: <Buffer 3f b6 73 bd 2e 39 fa 84 cb 7a 0f 41 35 c7 08 6c> },
     { asset_id: '7085574b-c71c-41f4-a698-9099b00bb8e7/1467338263523000',
       bundle_name: 'pm0146',
       version: '1467338263523000',
       checksum: 1469916896,
       size: 773781,
       key: <Buffer 74 9d 0d 8c c5 72 07 26 4d 48 3b e7 d5 d5 ca c1> },
     { asset_id: '71adbf99-2bd1-441f-91b4-ae9a1a8150d6/1467338145315000',
       bundle_name: 'pm0100',
       version: '1467338145315000',
       checksum: 1050692229,
       size: 210725,
       key: <Buffer 03 b4 4f e7 11 c4 a4 fa 39 60 f7 7e 52 12 03 e8> },
     { asset_id: '75f18b3a-b8ce-43f4-a964-3d6f634a9ffb/1467338067552000',
       bundle_name: 'pm0070',
       version: '1467338067552000',
       checksum: 465239564,
       size: 229285,
       key: <Buffer 93 4f 45 93 ce 80 62 1c 03 e7 c9 b3 62 ca e9 a4> },
     { asset_id: '761bb130-8d7e-49fa-b8f0-9350cfec3b75/1467337966785000',
       bundle_name: 'pm0033',
       version: '1467337966785000',
       checksum: 2273269788,
       size: 356965,
       key: <Buffer 91 f3 cf c4 93 b3 42 75 12 54 7b c6 27 ed 42 f6> },
     { asset_id: '7b212dc7-0fe9-4ffd-b817-f84f8c736c1e/1467337995444000',
       bundle_name: 'pm0043',
       version: '1467337995444000',
       checksum: 811231416,
       size: 460997,
       key: <Buffer d6 cc 7f 6e 2d f7 9a de 4e aa 3e eb db b9 30 d7> },
     { asset_id: '7e362dac-1743-49e9-a8e2-090b179d7554/1467338186871000',
       bundle_name: 'pm0117',
       version: '1467338186871000',
       checksum: 3633190742,
       size: 292725,
       key: <Buffer 49 b0 a0 49 c3 79 e2 98 8c 13 c7 91 b2 93 70 c4> },
     { asset_id: '7e8de255-1002-4a48-9f5a-84f9fd5510f0/1467338126821000',
       bundle_name: 'pm0093',
       version: '1467338126821000',
       checksum: 714286475,
       size: 298277,
       key: <Buffer 68 60 f7 c2 71 2c 29 d8 42 1e ae 72 82 9d 23 c4> },
     { asset_id: '7fd908f9-dc2a-44a5-81fd-ebb5b8092b75/1467337927308000',
       bundle_name: 'pm0018',
       version: '1467337927308000',
       checksum: 3065838426,
       size: 613173,
       key: <Buffer ce ca 4f 33 ac 5d 77 7d 8b 1d ef 51 a0 dd 83 e7> },
     { asset_id: '82749335-10dc-4c1f-8fae-c49f4bfb852a/1467338142911000',
       bundle_name: 'pm0099',
       version: '1467338142911000',
       checksum: 3276185780,
       size: 406133,
       key: <Buffer e5 ef 86 cd 41 83 47 bb fa 96 19 78 a3 78 f3 a8> },
     { asset_id: '83086d0b-cd24-4d3f-9bb3-f749c7e650db/1467337945855000',
       bundle_name: 'pm0025',
       version: '1467337945855000',
       checksum: 120139418,
       size: 465717,
       key: <Buffer 04 9d dd 9e ff 0b 0d 24 62 c8 c0 e4 83 0c b6 73> },
     { asset_id: '849a5f10-3566-4614-984e-b80ed981cd8a/1467338234893000',
       bundle_name: 'pm0135',
       version: '1467338234893000',
       checksum: 2515864049,
       size: 583493,
       key: <Buffer be c6 de 2c 4a 71 2c 8d e8 83 60 a3 f9 8b c7 98> },
     { asset_id: '867591c6-7692-42d4-a0a8-4222f23b7862/1467338093814000',
       bundle_name: 'pm0080',
       version: '1467338093814000',
       checksum: 1501075165,
       size: 488149,
       key: <Buffer 47 1a 57 f0 52 5f bd db f2 c1 66 4a b6 f2 43 8a> },
     { asset_id: '8677857d-a049-4da0-930c-66368372b8a9/1467337981363000',
       bundle_name: 'pm0038',
       version: '1467337981363000',
       checksum: 2031469732,
       size: 782421,
       key: <Buffer 37 ae 76 69 9c 22 74 da 5a 59 87 3e 19 cf 5f c3> },
     { asset_id: '86c68f51-75a7-460b-9874-b3b3b21305b0/1467338181900000',
       bundle_name: 'pm0115',
       version: '1467338181900000',
       checksum: 929500556,
       size: 567957,
       key: <Buffer 13 e4 5f 76 87 19 c8 9f 90 45 2f 7e 5d 3b 34 76> },
     { asset_id: '86f48900-288a-4ec4-be07-2f3594bd3e4b/1467338034062000',
       bundle_name: 'pm0057',
       version: '1467338034062000',
       checksum: 878165086,
       size: 399509,
       key: <Buffer 4a 6c 01 f6 72 d4 5c 41 74 b3 68 1a ca ad f9 89> },
     { asset_id: '872f637f-ff47-42de-a3c1-6d3b59f27462/1467338138100000',
       bundle_name: 'pm0097',
       version: '1467338138100000',
       checksum: 2296406127,
       size: 471381,
       key: <Buffer 3f c2 42 c3 43 02 df 9a d2 9e 59 2c d5 01 c0 12> },
     { asset_id: '88cac46d-1a49-4856-b032-1aebd7c6b381/1467337896420000',
       bundle_name: 'pm0006',
       version: '1467337896420000',
       checksum: 1853949044,
       size: 572885,
       key: <Buffer 15 bf 20 2f 57 f1 52 af 52 1f d8 61 14 17 60 2c> },
     { asset_id: '8cc5523b-411e-46fd-a9e5-ff23a99a3ab8/1467338100922000',
       bundle_name: 'pm0083',
       version: '1467338100922000',
       checksum: 2480815007,
       size: 522549,
       key: <Buffer f8 3a e8 e1 37 c8 57 5c c7 59 b2 fa d6 7f 6e 83> },
     { asset_id: '90f8eb5d-c398-4e9e-a53d-82c6367521db/1467338255908000',
       bundle_name: 'pm0143',
       version: '1467338255908000',
       checksum: 4281405046,
       size: 374549,
       key: <Buffer 82 56 66 43 80 2b 45 cb cf 31 19 7b 67 07 c6 64> },
     { asset_id: '91bf0b0e-f0b9-44cf-bc2d-aae6521238aa/1467338017489000',
       bundle_name: 'pm0051',
       version: '1467338017489000',
       checksum: 2406519212,
       size: 383461,
       key: <Buffer 1f 2e d3 76 1b 99 41 e1 43 23 ca b2 6a cc 5a 71> },
     { asset_id: '9204b839-1500-4081-9636-92da623bc180/1467338036790000',
       bundle_name: 'pm0058',
       version: '1467338036790000',
       checksum: 1455762000,
       size: 648405,
       key: <Buffer 1c b1 88 c8 ac 54 e3 9c fd 38 23 77 26 e1 11 4b> },
     { asset_id: '95f269e8-dcbf-4b44-b119-3778a3ca01a8/1467338116951000',
       bundle_name: 'pm0089',
       version: '1467338116951000',
       checksum: 3522806455,
       size: 982613,
       key: <Buffer b0 07 61 3e 79 c9 c5 e3 11 f6 e5 0f 63 85 d8 3d> },
     { asset_id: '9649e04b-ccd8-4b1c-b066-cc75ed4c0976/1467338147687000',
       bundle_name: 'pm0101',
       version: '1467338147687000',
       checksum: 3190872357,
       size: 169205,
       key: <Buffer 08 87 ac fb 65 7f cf 94 2a 90 f7 c7 0e 59 18 7b> },
     { asset_id: '9782fac9-55ef-4e4d-be9a-81817056c1cb/1467337940860000',
       bundle_name: 'pm0023',
       version: '1467337940860000',
       checksum: 1298886450,
       size: 297333,
       key: <Buffer 09 f9 92 15 69 42 41 b3 32 79 5c e7 7f 74 55 64> },
     { asset_id: '9798a501-8ad0-485f-8cd4-709551b3758d/1467337969283000',
       bundle_name: 'pm0034',
       version: '1467337969283000',
       checksum: 3066867897,
       size: 446389,
       key: <Buffer fd 7e b2 b6 ea 74 6b 5b 57 57 81 ec cd 0f 97 3e> },
     { asset_id: '982db0ce-e85c-4991-a7ea-c6bfc431d6df/1467338232272000',
       bundle_name: 'pm0134',
       version: '1467338232272000',
       checksum: 2283576118,
       size: 499925,
       key: <Buffer b7 57 52 9f 3f ad d3 c5 00 43 e5 5d b0 a3 7d 09> },
     { asset_id: '9a7d43d7-f59e-4187-8fe5-d9b51512f73b/1467338149748000',
       bundle_name: 'pm0102',
       version: '1467338149748000',
       checksum: 1284870369,
       size: 322629,
       key: <Buffer 3f 9e 67 a7 f7 56 f8 03 79 38 6a aa b0 49 91 63> },
     { asset_id: '9f845f0c-f0b5-4c54-bc6a-de6b3724dac6/1467337978708000',
       bundle_name: 'pm0037',
       version: '1467337978708000',
       checksum: 3666665656,
       size: 505445,
       key: <Buffer 0e 1e d0 4a 93 b9 5b 63 26 96 95 98 5b 9c b2 d7> },
     { asset_id: '9ffa2321-4d32-49d3-925e-655eb95b1dab/1467338062038000',
       bundle_name: 'pm0068',
       version: '1467338062038000',
       checksum: 732215516,
       size: 746341,
       key: <Buffer 03 95 50 25 db 01 36 31 5b da 12 a9 10 bc 85 42> },
     { asset_id: 'a2199b3b-8e52-4cdb-b6a6-fb24cc682d03/1467338140520000',
       bundle_name: 'pm0098',
       version: '1467338140520000',
       checksum: 469557019,
       size: 381685,
       key: <Buffer 3e 8d 49 be da f7 e6 1b 56 f3 9b 65 00 d5 dc b1> },
     { asset_id: 'a3ce2768-59fd-4bd4-8401-91fdae046c41/1467338014401000',
       bundle_name: 'pm0050',
       version: '1467338014401000',
       checksum: 910041377,
       size: 176885,
       key: <Buffer 9a 56 e4 75 ed 02 67 06 41 85 e6 e5 01 8c 3f b2> },
     { asset_id: 'a3fafe10-33e1-43f1-8535-711d81918852/1467338108798000',
       bundle_name: 'pm0086',
       version: '1467338108798000',
       checksum: 2535874066,
       size: 341781,
       key: <Buffer 65 32 ae 04 85 a0 67 02 0b 0a 04 1e d8 c8 71 d7> },
     { asset_id: 'a6d5d201-4e4c-4d71-9319-56f62e25882f/1467338054656000',
       bundle_name: 'pm0065',
       version: '1467338054656000',
       checksum: 1016610242,
       size: 598069,
       key: <Buffer f9 e6 16 91 9c cf cb c4 9a 73 99 c8 d7 e6 dd 93> },
     { asset_id: 'a6eb9e98-0aa3-48bb-998a-6b329801b2ad/1467337911447000',
       bundle_name: 'pm0012',
       version: '1467337911447000',
       checksum: 1850275216,
       size: 261829,
       key: <Buffer 13 b6 23 39 3e 34 b1 b8 43 cf 94 58 4c f1 e0 f1> },
     { asset_id: 'a7083104-fe2b-44c9-9155-4decaababcfc/1467338271291000',
       bundle_name: 'pm0149',
       version: '1467338271291000',
       checksum: 2540801543,
       size: 444901,
       key: <Buffer c2 6d 55 e8 48 37 35 b9 63 bd 3e 43 c7 79 66 80> },
     { asset_id: 'a915ef31-bbfb-4fc9-a035-fdc38bd58a24/1467337930032000',
       bundle_name: 'pm0019',
       version: '1467337930032000',
       checksum: 3904900246,
       size: 512853,
       key: <Buffer 30 91 48 d0 96 2f 10 a3 ed 65 36 6b 4a e2 db f3> },
     { asset_id: 'a9d06dc8-0750-4629-bc8f-9a11345b558f/1467337948760000',
       bundle_name: 'pm0026',
       version: '1467337948760000',
       checksum: 2332695828,
       size: 579349,
       key: <Buffer 9f 5e 0d 3f 6a d9 eb bc 7f fe 43 14 9b c6 87 d1> },
     { asset_id: 'ae51a22a-731b-49d2-950e-449fa67f6927/1467338192115000',
       bundle_name: 'pm0119',
       version: '1467338192115000',
       checksum: 2587982253,
       size: 348981,
       key: <Buffer 1c 88 f7 33 e3 ef f3 4a 90 8e cc 05 96 02 f0 15> },
     { asset_id: 'b1ff5ff8-1824-4d58-8cc7-29935f3bc4c6/1467337953914000',
       bundle_name: 'pm0028',
       version: '1467337953914000',
       checksum: 1031722435,
       size: 494469,
       key: <Buffer 4f 35 c7 92 2b 8a fe 25 1f 3a 14 4f 93 0f 55 95> },
     { asset_id: 'b446137a-d9b4-4d0b-b70f-f0b0b7e289e8/1467337901908000',
       bundle_name: 'pm0008',
       version: '1467337901908000',
       checksum: 2338263571,
       size: 388821,
       key: <Buffer fe 3f 0e 23 2e 35 86 e0 02 5f d3 89 3a cf fd 00> },
     { asset_id: 'b4fedf0e-bfd0-42c9-b264-6730b279bd1c/1467338111327000',
       bundle_name: 'pm0087',
       version: '1467338111327000',
       checksum: 199691426,
       size: 306757,
       key: <Buffer e4 52 74 2b d8 c9 54 51 1c a1 9f 2f b7 28 45 c6> },
     { asset_id: 'b621414f-3577-4b98-b082-67c308be6bef/1467338028928000',
       bundle_name: 'pm0055',
       version: '1467338028928000',
       checksum: 711230727,
       size: 419365,
       key: <Buffer d5 00 b3 c3 7b b2 2f 5f 4d 63 a9 95 db 9c 09 51> },
     { asset_id: 'b641049d-2f98-4b2d-9a6d-002d881c1baf/1467338049783000',
       bundle_name: 'pm0063',
       version: '1467338049783000',
       checksum: 993896222,
       size: 351109,
       key: <Buffer e7 22 21 21 42 d3 c8 30 80 23 4f 21 e2 f6 05 aa> },
     { asset_id: 'b8ee4922-043e-428f-badc-29086d57e469/1467338106393000',
       bundle_name: 'pm0085',
       version: '1467338106393000',
       checksum: 4073312204,
       size: 640005,
       key: <Buffer c1 06 a5 04 73 f1 63 fa 4f 85 59 c4 54 f9 30 10> },
     { asset_id: 'bd1d3e66-2bee-4d16-92c1-a8a4379b5450/1467338250695000',
       bundle_name: 'pm0141',
       version: '1467338250695000',
       checksum: 779316821,
       size: 438645,
       key: <Buffer 24 8f 6f 27 4d a0 a1 f5 b0 0f 00 35 1d 11 94 10> },
     { asset_id: 'be18774d-1d92-42eb-8115-fe9188b396be/1467338169880000',
       bundle_name: 'pm0110',
       version: '1467338169880000',
       checksum: 3792637673,
       size: 489013,
       key: <Buffer f5 9f 37 1d 46 2c 8f 5d 68 b5 06 4d a1 e5 8f 08> },
     { asset_id: 'be947b4a-0ed8-46de-a204-b72527691591/1467338005667000',
       bundle_name: 'pm0047',
       version: '1467338005667000',
       checksum: 561670117,
       size: 452853,
       key: <Buffer 25 24 ab 44 46 c2 af f6 36 f0 e3 06 88 84 5c e0> },
     { asset_id: 'c181116c-751a-486f-b0b4-b011a8185896/1467338155179000',
       bundle_name: 'pm0104',
       version: '1467338155179000',
       checksum: 2162023416,
       size: 425333,
       key: <Buffer f3 f2 89 16 f9 25 f3 f6 75 1b 61 8b 76 89 ae 68> },
     { asset_id: 'c202565e-effb-41bd-8c5a-af3cd7c2eaf3/1467338276561000',
       bundle_name: 'pm0151',
       version: '1467338276561000',
       checksum: 1673533849,
       size: 375925,
       key: <Buffer 3e 69 9e 6e 36 76 3e 79 07 19 7d 9e 03 1d c9 ac> },
     { asset_id: 'c2fcd247-eb50-4aff-a1f6-986efc110547/1467338078050000',
       bundle_name: 'pm0074',
       version: '1467338078050000',
       checksum: 4036019335,
       size: 339061,
       key: <Buffer 21 e0 b9 90 25 1f d1 d4 b3 b9 c6 38 45 4b 72 5d> },
     { asset_id: 'c3fa7137-ad8e-4bcf-afde-420236d60577/1467337914235000',
       bundle_name: 'pm0013',
       version: '1467337914235000',
       checksum: 3505463589,
       size: 227525,
       key: <Buffer b1 75 82 a8 bd e9 be 2e 99 98 62 61 4d ce ca 85> },
     { asset_id: 'c6348525-ea4e-4b89-a3ed-6a8c65dc74bf/1467338121786000',
       bundle_name: 'pm0091',
       version: '1467338121786000',
       checksum: 3790931487,
       size: 257141,
       key: <Buffer 00 14 e0 34 0d d7 1c 3b 37 41 48 34 f8 6a 40 cb> },
     { asset_id: 'c8d5aa13-d467-4564-97d7-ea5d51b1f4bf/1467338184556000',
       bundle_name: 'pm0116',
       version: '1467338184556000',
       checksum: 2330836158,
       size: 268613,
       key: <Buffer 90 77 9b 83 17 93 9e a3 87 25 9d 6c 49 a1 01 d4> },
     { asset_id: 'c8e96216-f9cd-4982-94f9-c41f0e0494b2/1467338065163000',
       bundle_name: 'pm0069',
       version: '1467338065163000',
       checksum: 1482305660,
       size: 522949,
       key: <Buffer ed 2d 86 3c 7f 41 e8 2b b4 4c c5 c1 64 eb 17 fb> },
     { asset_id: 'c918d441-8f37-4155-b824-0ed67f64cb5b/1467338237623000',
       bundle_name: 'pm0136',
       version: '1467338237623000',
       checksum: 1311375318,
       size: 579397,
       key: <Buffer 31 15 9d 3e 49 16 51 a5 0a c1 9f 53 8f 66 f4 05> },
     { asset_id: 'ca81f72e-4db5-44c9-a293-087344b9ed2c/1467338226487000',
       bundle_name: 'pm0132',
       version: '1467338226487000',
       checksum: 3432597999,
       size: 311317,
       key: <Buffer bf a4 52 6a ce 4b 3a 89 5a d3 e8 06 17 70 20 be> },
     { asset_id: 'cabf7f29-494e-4ef6-8f8f-0faa1b504316/1467338253248000',
       bundle_name: 'pm0142',
       version: '1467338253248000',
       checksum: 2359376288,
       size: 548421,
       key: <Buffer 53 4a fd e2 f2 55 43 05 d6 c4 a7 4b f3 02 40 b6> },
     { asset_id: 'cc508127-5b49-4ca8-9cf7-8201ba4a0c40/1467337887933000',
       bundle_name: 'pm0003',
       version: '1467337887933000',
       checksum: 1178323715,
       size: 470597,
       key: <Buffer ff a0 20 1e 90 e4 67 ca f1 ba 7b 51 dd 5a d7 ef> },
     { asset_id: 'ce9f53bb-fb8d-4f6a-bd14-b45e6d8d29b6/1467337921866000',
       bundle_name: 'pm0016',
       version: '1467337921866000',
       checksum: 3886671188,
       size: 462501,
       key: <Buffer fd cc 70 0a b4 c7 27 6c 8c fb a5 45 46 3d 3b d7> },
     { asset_id: 'cec1b247-61a2-44ca-a4ca-8ff5563d6c80/1467338031373000',
       bundle_name: 'pm0056',
       version: '1467338031373000',
       checksum: 2642995446,
       size: 450053,
       key: <Buffer e6 6a 44 b9 22 b0 14 4f 53 da a6 65 fd 36 3e ed> },
     { asset_id: 'cf10bb9b-cde8-40b4-b48f-8cf7250ccb8f/1467338260989000',
       bundle_name: 'pm0145',
       version: '1467338260989000',
       checksum: 746525283,
       size: 524981,
       key: <Buffer 11 75 0b 50 00 99 1e 47 4d 81 76 a8 39 77 06 7e> },
     { asset_id: 'd31f77fd-da42-4b98-807d-578b3297a155/1467338132818000',
       bundle_name: 'pm0095',
       version: '1467338132818000',
       checksum: 3479299263,
       size: 385061,
       key: <Buffer db 51 15 80 f4 cd 50 9e 0f 97 c3 f5 23 d8 e9 98> },
     { asset_id: 'd449b9b0-2f5b-4148-9de5-a7cc45483d39/1467338057204000',
       bundle_name: 'pm0066',
       version: '1467338057204000',
       checksum: 905613009,
       size: 496773,
       key: <Buffer f2 ec 0d cb d4 74 b2 53 bc 5d 8e 69 9f 83 3e 8a> },
     { asset_id: 'd86c65f7-d521-4aa1-9324-d2690d8a61a0/1467337989725000',
       bundle_name: 'pm0041',
       version: '1467337989725000',
       checksum: 1904595890,
       size: 250725,
       key: <Buffer ca 05 53 1e c8 00 dd 34 98 08 e6 df ff 5e 4a 1d> },
     { asset_id: 'd9e0e2c6-eead-4037-b387-b004446ae72e/1467338218551000',
       bundle_name: 'pm0129',
       version: '1467338218551000',
       checksum: 980125566,
       size: 288885,
       key: <Buffer d1 04 3d 0b c7 2e e3 3d 8f 95 2e a2 75 84 9f 4c> },
     { asset_id: 'dcd89218-66fa-4ea3-a549-7d49df98b5d1/1467338199666000',
       bundle_name: 'pm0122',
       version: '1467338199666000',
       checksum: 2280286951,
       size: 603957,
       key: <Buffer 7f 1e c8 d7 a6 8c cd eb 2b 78 9c ec 47 51 a6 05> },
     { asset_id: 'df8ecae4-0e86-4a72-863c-7d77b6616082/1467337893350000',
       bundle_name: 'pm0005',
       version: '1467337893350000',
       checksum: 1457352906,
       size: 533077,
       key: <Buffer 51 23 0b f1 9b a8 21 45 16 f5 7c 15 ba e7 0f 1c> },
     { asset_id: 'e43f5bcd-e16e-47aa-aca3-10f3d1933c6f/1467338042090000',
       bundle_name: 'pm0060',
       version: '1467338042090000',
       checksum: 383772761,
       size: 265429,
       key: <Buffer 2a 37 12 41 fe 4f 6b 18 1e 0f 47 0d d4 3a 86 e8> },
     { asset_id: 'e5804dfa-9982-4930-8ef3-2a97d09531b3/1467338210041000',
       bundle_name: 'pm0126',
       version: '1467338210041000',
       checksum: 670604132,
       size: 784165,
       key: <Buffer 75 07 39 3d 32 dc e2 de aa b6 78 38 9a d9 fe 62> },
     { asset_id: 'e6e133f7-fd03-458b-90d7-f870346afd9d/1467338075280000',
       bundle_name: 'pm0073',
       version: '1467338075280000',
       checksum: 349393447,
       size: 502805,
       key: <Buffer 64 0a 7b 42 95 f7 69 0c 9e b1 d0 bf de 30 32 e6> },
     { asset_id: 'eb7ef4bc-25b0-4421-a41e-782c3c22a931/1467338223728000',
       bundle_name: 'pm0131',
       version: '1467338223728000',
       checksum: 1211254127,
       size: 479029,
       key: <Buffer bf 82 73 93 16 18 42 9b 6f ef 3d bb e6 b7 9d 15> },
     { asset_id: 'eba66e6c-ae77-4e10-8441-375219929090/1467338072670000',
       bundle_name: 'pm0072',
       version: '1467338072670000',
       checksum: 249041989,
       size: 250837,
       key: <Buffer 14 cf f1 82 4d db 24 f2 11 94 72 90 59 45 a4 72> },
     { asset_id: 'ebbd93a9-ee72-4a43-bd45-a69d68e52082/1467338245369000',
       bundle_name: 'pm0139',
       version: '1467338245369000',
       checksum: 1978528497,
       size: 467253,
       key: <Buffer 7e 76 93 ad e8 da 1a 27 af 09 b0 27 92 18 60 4a> },
     { asset_id: 'ecc76b6a-25de-4aa8-a5f0-2c1271986c9c/1467337938081000',
       bundle_name: 'pm0022',
       version: '1467337938081000',
       checksum: 3886647129,
       size: 694853,
       key: <Buffer b5 d9 2f 5a 45 4c 8c d5 1b 08 e1 dc 1d e3 34 e7> },
     { asset_id: 'ece95758-618b-40f4-92b8-97015de97e12/1467338083406000',
       bundle_name: 'pm0076',
       version: '1467338083406000',
       checksum: 1255437993,
       size: 582533,
       key: <Buffer 55 75 5d c8 de 10 7f 59 26 c4 46 92 ac ff 81 d7> },
     { asset_id: 'ed66ce66-3013-4a4e-99ea-564351cdddd1/1467338023538000',
       bundle_name: 'pm0053',
       version: '1467338023538000',
       checksum: 2415520234,
       size: 424917,
       key: <Buffer 04 68 40 ac 19 6b b8 f9 18 e7 73 86 aa 89 f3 b7> },
     { asset_id: 'ef4b7240-51a4-4e6a-aba2-c50b3db87e8a/1467338220999000',
       bundle_name: 'pm0130',
       version: '1467338220999000',
       checksum: 3564448918,
       size: 474165,
       key: <Buffer 83 af 5b 44 cb a7 7c f5 2a 0e 6a 21 fe 69 8a 71> },
     { asset_id: 'f03b2196-af8b-48cc-b908-33726f87c2cb/1467338196940000',
       bundle_name: 'pm0121',
       version: '1467338196940000',
       checksum: 1945191842,
       size: 286293,
       key: <Buffer 0d fe 78 28 86 ac e4 6e 79 6c 68 d0 18 f7 8b 91> },
     { asset_id: 'f1e99bfb-f316-473d-a587-88fbeed3c61d/1467337924726000',
       bundle_name: 'pm0017',
       version: '1467337924726000',
       checksum: 927906204,
       size: 472037,
       key: <Buffer cd 22 a3 35 bf 49 ef 5e ca a7 92 47 3f c3 b5 6e> },
     { asset_id: 'f2e3b179-4d37-493e-a5ee-2504d8cd4c7f/1467338059623000',
       bundle_name: 'pm0067',
       version: '1467338059623000',
       checksum: 409184053,
       size: 523733,
       key: <Buffer 8c 18 d8 55 47 bc 2c 02 71 af a9 37 36 be 01 99> },
     { asset_id: 'f3a3150a-9cf9-4adf-9b9c-1fc1dd88a31a/1467337890581000',
       bundle_name: 'pm0004',
       version: '1467337890581000',
       checksum: 2546864236,
       size: 471957,
       key: <Buffer 13 a7 15 e2 57 df 92 1c fd da 5e b4 cb 5a 27 62> },
     { asset_id: 'f65cd1c3-d38c-4eaf-a6d0-731c679a51c9/1467338103657000',
       bundle_name: 'pm0084',
       version: '1467338103657000',
       checksum: 3074575148,
       size: 435141,
       key: <Buffer b5 39 71 25 65 61 62 9b 4d 8f 3c c5 c7 7c 2c db> },
     { asset_id: 'f9196986-24e0-4ed6-9ab4-da74c18df074/1467337956406000',
       bundle_name: 'pm0029',
       version: '1467337956406000',
       checksum: 3735682586,
       size: 376181,
       key: <Buffer f4 0d 9e da 12 cc 9d f0 51 58 53 bb 46 e6 cf f6> },
     { asset_id: 'faab237d-cf8a-4c73-b5fe-4c04a7acb77e/1467338242729000',
       bundle_name: 'pm0138',
       version: '1467338242729000',
       checksum: 3838369959,
       size: 370773,
       key: <Buffer 7e df 9d b2 49 2a 6a a4 51 f9 74 05 2c 91 4e 3c> },
     { asset_id: 'fc7d2574-7176-4c18-ba33-9090a0df84d0/1467338274036000',
       bundle_name: 'pm0150',
       version: '1467338274036000',
       checksum: 2612302599,
       size: 474229,
       key: <Buffer f3 27 2c 5b 2c f2 d8 06 ce 6f ef f2 56 ae 3c c8> } ],
  timestamp_ms: '1467338276561000',
  '$unknownFields': [] }
[+] Response GetHatchedEggs found:  { success: true,
  pokemon_id: [],
  experience_awarded: [],
  candy_awarded: [],
  stardust_awarded: [],
  '$unknownFields': [] }
[+] Response GetInventory found:  { success: true,
  inventory_delta: 
   { original_timestamp_ms: '1470272406972',
     new_timestamp_ms: '1470272406972',
     inventory_items: [] },
  '$unknownFields': [] }
[+] Response CheckAwardedBadges found:  { success: true,
  awarded_badges: [],
  awarded_badge_levels: [],
  '$unknownFields': [] }
[+] Response DownloadSettings found:  { hash: '54b359c97e46900f87211ef6e6dd0b7f2a3ea1f5',
  '$unknownFields': [] }
[+] Request to pgorelease.nianticlabs.com
[+] RequestEnvelope found:  { status_code: 2,
  request_id: '2572661938307727365',
  requests: 
   [ { request_type: 'LEVEL_UP_REWARDS',
       request_message: <Buffer 08 14> },
     { request_type: 'GET_HATCHED_EGGS' },
     { request_type: 'GET_INVENTORY',
       request_message: <Buffer 08 bc 8b c2 98 e5 2a> },
     { request_type: 'CHECK_AWARDED_BADGES' },
     { request_type: 'DOWNLOAD_SETTINGS',
       request_message: <Buffer 0a 28 35 34 62 33 35 39 63 39 37 65 34 36 39 30 30 66 38 37 32 31 31 65 66 36 65 36 64 64 30 62 37 66 32 61 33 65 61 31 66 35> },
     { request_type: 'GET_INCENSE_POKEMON',
       request_message: <Buffer 09 00 00 00 c0 28 98 43 40 11 00 00 00 e0 7c 25 58 c0> } ],
  unknown6: 
   { unknown1: 6,
     unknown2: { unknown1: <Buffer bd 9a a6 c6 98 e4 3d bc 7a 3d d3 a1 43 fd ad a3 b3 ba 44 aa f9 0b dd eb da 67 c6 9a 7a 2b 2e bc ec a5 b6 22 85 c6 2b 93 cf 56 e4 99 33 17 8b 73 9b de ... > } },
  latitude: 39.188743591308594,
  longitude: -96.58574676513672,
  altitude: 7,
  auth_ticket: 
   { start: <Buffer b2 3c 15 e7 76 f6 cc 8d a0 1d e6 55 f3 db e6 c7 9e 45 2a 88 3e fb 16 fa b3 40 61 85 b7 1e bc 7f c5 73 76 25 ef 60 90 aa 02 11 a1 33 cf f2 b9 72 a8 7f ... >,
     expire_timestamp_ms: '1470274240349',
     end: <Buffer 25 b9 cb 79 58 42 c3 96 d1 a1 f6 d4 91 9a 3a 83> },
  unknown12: '1446',
  '$unknownFields': [] }
[+] Request LevelUpRewards found:  { level: 20, '$unknownFields': [] }
[+] Request GetHatchedEggs found:  {}
[+] Request GetInventory found:  { last_timestamp_ms: '1470272406972', '$unknownFields': [] }
[+] Request CheckAwardedBadges found:  {}
[+] Request DownloadSettings found:  { hash: '54b359c97e46900f87211ef6e6dd0b7f2a3ea1f5',
  '$unknownFields': [] }
[+] Request GetIncensePokemon found:  { player_latitude: 39.188743591308594,
  player_longitude: -96.58574676513672,
  '$unknownFields': [] }
[+] Modified RequestEnvelope:  { status_code: 2,
  request_id: '2572661938307727365',
  requests: 
   [ { request_type: 'LEVEL_UP_REWARDS',
       request_message: <Buffer 08 14> },
     { request_type: 'GET_HATCHED_EGGS' },
     { request_type: 'GET_INVENTORY',
       request_message: <Buffer 08 bc 8b c2 98 e5 2a> },
     { request_type: 'CHECK_AWARDED_BADGES' },
     { request_type: 'DOWNLOAD_SETTINGS',
       request_message: <Buffer 0a 28 35 34 62 33 35 39 63 39 37 65 34 36 39 30 30 66 38 37 32 31 31 65 66 36 65 36 64 64 30 62 37 66 32 61 33 65 61 31 66 35> },
     { request_type: 'GET_INCENSE_POKEMON',
       request_message: <Buffer 09 00 00 00 c0 28 98 43 40 11 00 00 00 e0 7c 25 58 c0> } ],
  unknown6: 
   { unknown1: 6,
     unknown2: { unknown1: <Buffer ce ce ce ce ce ce ce ce ce ce ce ce ce ce ce ce ce ce ce ce ce ce ce ce ce ce ce ce ce ce ce ce ce ce ce ce ce ce ce ce ce ce ce ce ce ce ce ce ce ce ... > } },
  latitude: 39.188743591308594,
  longitude: -96.58574676513672,
  altitude: 7,
  auth_ticket: 
   { start: <Buffer b2 3c 15 e7 76 f6 cc 8d a0 1d e6 55 f3 db e6 c7 9e 45 2a 88 3e fb 16 fa b3 40 61 85 b7 1e bc 7f c5 73 76 25 ef 60 90 aa 02 11 a1 33 cf f2 b9 72 a8 7f ... >,
     expire_timestamp_ms: '1470274240349',
     end: <Buffer 25 b9 cb 79 58 42 c3 96 d1 a1 f6 d4 91 9a 3a 83> },
  unknown12: '1446',
  '$unknownFields': [] }
[+] Waiting for response...
[+] ResponseEnvelope found:  { status_code: 1,
  request_id: '2572661938307727365',
  unknown6: { unknown1: 6, unknown2: { unknown1: '1' } },
  returns: 
   [ <Buffer 08 02>,
     <Buffer 08 01>,
     <Buffer 08 01 12 0e 08 bc 8b c2 98 e5 2a 10 96 c2 c4 98 e5 2a>,
     <Buffer 08 01>,
     <Buffer 12 28 35 34 62 33 35 39 63 39 37 65 34 36 39 30 30 66 38 37 32 31 31 65 66 36 65 36 64 64 30 62 37 66 32 61 33 65 61 31 66 35>,
     <Buffer 08 02> ],
  '$unknownFields': [] }
[+] Response LevelUpRewards found:  { result: 'AWARDED_ALREADY',
  items_awarded: [],
  items_unlocked: [],
  '$unknownFields': [] }
[+] Response GetHatchedEggs found:  { success: true,
  pokemon_id: [],
  experience_awarded: [],
  candy_awarded: [],
  stardust_awarded: [],
  '$unknownFields': [] }
[+] Response GetInventory found:  { success: true,
  inventory_delta: 
   { original_timestamp_ms: '1470272406972',
     new_timestamp_ms: '1470272446742',
     inventory_items: [] },
  '$unknownFields': [] }
[+] Response CheckAwardedBadges found:  { success: true,
  awarded_badges: [],
  awarded_badge_levels: [],
  '$unknownFields': [] }
[+] Response DownloadSettings found:  { hash: '54b359c97e46900f87211ef6e6dd0b7f2a3ea1f5',
  '$unknownFields': [] }
[+] Response GetIncensePokemon found:  { result: 'INCENSE_ENCOUNTER_NOT_AVAILABLE',
  '$unknownFields': [] }
[+] Request to pgorelease.nianticlabs.com
[+] RequestEnvelope found:  { status_code: 2,
  request_id: '7359550066559811590',
  requests: 
   [ { request_type: 'GET_MAP_OBJECTS',
       request_message: <Buffer 0a be 01 80 80 80 80 d4 b0 f3 de 87 01 80 80 80 80 dc b0 f3 de 87 01 80 80 80 80 e4 b0 f3 de 87 01 80 80 80 80 fc b0 f3 de 87 01 80 80 80 80 84 b1 f3 ... > },
     { request_type: 'GET_HATCHED_EGGS' },
     { request_type: 'GET_INVENTORY',
       request_message: <Buffer 08 bc 8b c2 98 e5 2a> },
     { request_type: 'CHECK_AWARDED_BADGES' },
     { request_type: 'DOWNLOAD_SETTINGS',
       request_message: <Buffer 0a 28 35 34 62 33 35 39 63 39 37 65 34 36 39 30 30 66 38 37 32 31 31 65 66 36 65 36 64 64 30 62 37 66 32 61 33 65 61 31 66 35> } ],
  unknown6: 
   { unknown1: 6,
     unknown2: { unknown1: <Buffer bd 9a a6 c6 98 e4 3d bc 7a 3d d3 a1 43 fd ad a3 b3 ba 44 aa f9 0b dd eb da 67 c6 9a 7a 2b 2e bc ab e7 a8 e8 ff 29 37 e0 e8 8c c5 1a dd e2 22 b2 5c 02 ... > } },
  latitude: 39.188743591308594,
  longitude: -96.58574676513672,
  altitude: 7,
  auth_ticket: 
   { start: <Buffer b2 3c 15 e7 76 f6 cc 8d a0 1d e6 55 f3 db e6 c7 9e 45 2a 88 3e fb 16 fa b3 40 61 85 b7 1e bc 7f c5 73 76 25 ef 60 90 aa 02 11 a1 33 cf f2 b9 72 a8 7f ... >,
     expire_timestamp_ms: '1470274240349',
     end: <Buffer 25 b9 cb 79 58 42 c3 96 d1 a1 f6 d4 91 9a 3a 83> },
  unknown12: '1642',
  '$unknownFields': [] }
[+] Request GetMapObjects found:  { cell_id: 
   [ '9781199937906671616',
     '9781199940054155264',
     '9781199942201638912',
     '9781199948644089856',
     '9781199950791573504',
     '9781199952939057152',
     '9781199955086540800',
     '9781199957234024448',
     '9781199965823959040',
     '9781199967971442688',
     '9781199974413893632',
     '9781199976561377280',
     '9781199978708860928',
     '9781199980856344576',
     '9781199983003828224',
     '9781199985151311872',
     '9781199991593762816',
     '9781199993741246464',
     '9781200030248468480' ],
  since_timestamp_ms: 
   [ '0',
     '0',
     '0',
     '0',
     '0',
     '0',
     '0',
     '0',
     '0',
     '0',
     '0',
     '0',
     '0',
     '0',
     '0',
     '0',
     '0',
     '0',
     '0' ],
  latitude: 39.188743591308594,
  longitude: -96.58574676513672,
  '$unknownFields': [] }
[+] Request GetHatchedEggs found:  {}
[+] Request GetInventory found:  { last_timestamp_ms: '1470272406972', '$unknownFields': [] }
[+] Request CheckAwardedBadges found:  {}
[+] Request DownloadSettings found:  { hash: '54b359c97e46900f87211ef6e6dd0b7f2a3ea1f5',
  '$unknownFields': [] }
[+] Modified RequestEnvelope:  { status_code: 2,
  request_id: '7359550066559811590',
  requests: 
   [ { request_type: 'GET_MAP_OBJECTS',
       request_message: <Buffer 0a be 01 80 80 80 80 d4 b0 f3 de 87 01 80 80 80 80 dc b0 f3 de 87 01 80 80 80 80 e4 b0 f3 de 87 01 80 80 80 80 fc b0 f3 de 87 01 80 80 80 80 84 b1 f3 ... > },
     { request_type: 'GET_HATCHED_EGGS' },
     { request_type: 'GET_INVENTORY',
       request_message: <Buffer 08 bc 8b c2 98 e5 2a> },
     { request_type: 'CHECK_AWARDED_BADGES' },
     { request_type: 'DOWNLOAD_SETTINGS',
       request_message: <Buffer 0a 28 35 34 62 33 35 39 63 39 37 65 34 36 39 30 30 66 38 37 32 31 31 65 66 36 65 36 64 64 30 62 37 66 32 61 33 65 61 31 66 35> } ],
  unknown6: 
   { unknown1: 6,
     unknown2: { unknown1: <Buffer ce ce ce ce ce ce ce ce ce ce ce ce ce ce ce ce ce ce ce ce ce ce ce ce ce ce ce ce ce ce ce ce ce ce ce ce ce ce ce ce ce ce ce ce ce ce ce ce ce ce ... > } },
  latitude: 39.188743591308594,
  longitude: -96.58574676513672,
  altitude: 7,
  auth_ticket: 
   { start: <Buffer b2 3c 15 e7 76 f6 cc 8d a0 1d e6 55 f3 db e6 c7 9e 45 2a 88 3e fb 16 fa b3 40 61 85 b7 1e bc 7f c5 73 76 25 ef 60 90 aa 02 11 a1 33 cf f2 b9 72 a8 7f ... >,
     expire_timestamp_ms: '1470274240349',
     end: <Buffer 25 b9 cb 79 58 42 c3 96 d1 a1 f6 d4 91 9a 3a 83> },
  unknown12: '1642',
  '$unknownFields': [] }
[+] Waiting for response...
[+] ResponseEnvelope found:  { status_code: 1,
  request_id: '7359550066559811590',
  unknown6: { unknown1: 6, unknown2: { unknown1: '1' } },
  returns: 
   [ <Buffer 0a 12 08 80 80 80 80 ac b3 f3 de 87 01 10 87 c5 c4 98 e5 2a 0a 12 08 80 80 80 80 9c b2 f3 de 87 01 10 87 c5 c4 98 e5 2a 0a 12 08 80 80 80 80 84 b2 f3 ... >,
     <Buffer 08 01>,
     <Buffer 08 01 12 0e 08 bc 8b c2 98 e5 2a 10 96 c2 c4 98 e5 2a>,
     <Buffer 08 01>,
     <Buffer 12 28 35 34 62 33 35 39 63 39 37 65 34 36 39 30 30 66 38 37 32 31 31 65 66 36 65 36 64 64 30 62 37 66 32 61 33 65 61 31 66 35> ],
  '$unknownFields': [] }
[+] Response GetMapObjects found:  { map_cells: 
   [ { s2_cell_id: '9781200030248468480',
       current_timestamp_ms: '1470272447111',
       forts: [],
       spawn_points: [],
       deleted_objects: [],
       fort_summaries: [],
       decimated_spawn_points: [],
       wild_pokemons: [],
       catchable_pokemons: [],
       nearby_pokemons: [] },
     { s2_cell_id: '9781199991593762816',
       current_timestamp_ms: '1470272447111',
       forts: [],
       spawn_points: [],
       deleted_objects: [],
       fort_summaries: [],
       decimated_spawn_points: [],
       wild_pokemons: [],
       catchable_pokemons: [],
       nearby_pokemons: [] },
     { s2_cell_id: '9781199985151311872',
       current_timestamp_ms: '1470272447111',
       forts: [],
       spawn_points: [],
       deleted_objects: [],
       fort_summaries: [],
       decimated_spawn_points: [],
       wild_pokemons: [],
       catchable_pokemons: [],
       nearby_pokemons: [] },
     { s2_cell_id: '9781199993741246464',
       current_timestamp_ms: '1470272447111',
       forts: [],
       spawn_points: [],
       deleted_objects: [],
       fort_summaries: [],
       decimated_spawn_points: [],
       wild_pokemons: [],
       catchable_pokemons: [],
       nearby_pokemons: [] },
     { s2_cell_id: '9781199974413893632',
       current_timestamp_ms: '1470272447111',
       forts: [],
       spawn_points: [],
       deleted_objects: [],
       fort_summaries: [],
       decimated_spawn_points: [],
       wild_pokemons: [],
       catchable_pokemons: [],
       nearby_pokemons: [] },
     { s2_cell_id: '9781199967971442688',
       current_timestamp_ms: '1470272447111',
       forts: [],
       spawn_points: [],
       deleted_objects: [],
       fort_summaries: [],
       decimated_spawn_points: [],
       wild_pokemons: [],
       catchable_pokemons: [],
       nearby_pokemons: [] },
     { s2_cell_id: '9781199980856344576',
       current_timestamp_ms: '1470272447111',
       forts: [],
       spawn_points: [],
       deleted_objects: [],
       fort_summaries: [],
       decimated_spawn_points: [],
       wild_pokemons: [],
       catchable_pokemons: [],
       nearby_pokemons: [] },
     { s2_cell_id: '9781199983003828224',
       current_timestamp_ms: '1470272447111',
       forts: [],
       spawn_points: [],
       deleted_objects: [],
       fort_summaries: [],
       decimated_spawn_points: [],
       wild_pokemons: [],
       catchable_pokemons: [],
       nearby_pokemons: [] },
     { s2_cell_id: '9781199976561377280',
       current_timestamp_ms: '1470272447111',
       forts: [],
       spawn_points: [],
       deleted_objects: [],
       fort_summaries: [],
       decimated_spawn_points: [],
       wild_pokemons: [],
       catchable_pokemons: [],
       nearby_pokemons: [] },
     { s2_cell_id: '9781199978708860928',
       current_timestamp_ms: '1470272447111',
       forts: [],
       spawn_points: [],
       deleted_objects: [],
       fort_summaries: [],
       decimated_spawn_points: [],
       wild_pokemons: [],
       catchable_pokemons: [],
       nearby_pokemons: [] },
     { s2_cell_id: '9781199955086540800',
       current_timestamp_ms: '1470272447111',
       forts: [],
       spawn_points: [],
       deleted_objects: [],
       fort_summaries: [],
       decimated_spawn_points: [],
       wild_pokemons: [],
       catchable_pokemons: [],
       nearby_pokemons: [] },
     { s2_cell_id: '9781199957234024448',
       current_timestamp_ms: '1470272447111',
       forts: [],
       spawn_points: [],
       deleted_objects: [],
       fort_summaries: [],
       decimated_spawn_points: [],
       wild_pokemons: [],
       catchable_pokemons: [],
       nearby_pokemons: [] },
     { s2_cell_id: '9781199950791573504',
       current_timestamp_ms: '1470272447111',
       forts: [],
       spawn_points: [],
       deleted_objects: [],
       fort_summaries: [],
       decimated_spawn_points: [],
       wild_pokemons: [],
       catchable_pokemons: [],
       nearby_pokemons: [] },
     { s2_cell_id: '9781199952939057152',
       current_timestamp_ms: '1470272447111',
       forts: [],
       spawn_points: [],
       deleted_objects: [],
       fort_summaries: [],
       decimated_spawn_points: [],
       wild_pokemons: [],
       catchable_pokemons: [],
       nearby_pokemons: [] },
     { s2_cell_id: '9781199965823959040',
       current_timestamp_ms: '1470272447111',
       forts: [],
       spawn_points: [],
       deleted_objects: [],
       fort_summaries: [],
       decimated_spawn_points: [],
       wild_pokemons: [],
       catchable_pokemons: [],
       nearby_pokemons: [] },
     { s2_cell_id: '9781199937906671616',
       current_timestamp_ms: '1470272447111',
       forts: [],
       spawn_points: [],
       deleted_objects: [],
       fort_summaries: [],
       decimated_spawn_points: [],
       wild_pokemons: [],
       catchable_pokemons: [],
       nearby_pokemons: [] },
     { s2_cell_id: '9781199940054155264',
       current_timestamp_ms: '1470272447111',
       forts: [],
       spawn_points: [],
       deleted_objects: [],
       fort_summaries: [],
       decimated_spawn_points: [],
       wild_pokemons: [],
       catchable_pokemons: [],
       nearby_pokemons: [] },
     { s2_cell_id: '9781199948644089856',
       current_timestamp_ms: '1470272447111',
       forts: [],
       spawn_points: [],
       deleted_objects: [],
       fort_summaries: [],
       decimated_spawn_points: [],
       wild_pokemons: [],
       catchable_pokemons: [],
       nearby_pokemons: [] },
     { s2_cell_id: '9781199942201638912',
       current_timestamp_ms: '1470272447111',
       forts: [],
       spawn_points: [],
       deleted_objects: [],
       fort_summaries: [],
       decimated_spawn_points: [],
       wild_pokemons: [],
       catchable_pokemons: [],
       nearby_pokemons: [] } ],
  status: 'SUCCESS',
  '$unknownFields': [] }
[+] Response GetHatchedEggs found:  { success: true,
  pokemon_id: [],
  experience_awarded: [],
  candy_awarded: [],
  stardust_awarded: [],
  '$unknownFields': [] }
[+] Response GetInventory found:  { success: true,
  inventory_delta: 
   { original_timestamp_ms: '1470272406972',
     new_timestamp_ms: '1470272446742',
     inventory_items: [] },
  '$unknownFields': [] }
[+] Response CheckAwardedBadges found:  { success: true,
  awarded_badges: [],
  awarded_badge_levels: [],
  '$unknownFields': [] }
[+] Response DownloadSettings found:  { hash: '54b359c97e46900f87211ef6e6dd0b7f2a3ea1f5',
  '$unknownFields': [] }
[+] Request to pgorelease.nianticlabs.com
[+] RequestEnvelope found:  { status_code: 2,
  request_id: '7359550066559811591',
  requests: 
   [ { request_type: 'GET_MAP_OBJECTS',
       request_message: <Buffer 0a 14 80 80 80 80 8c b2 f3 de 87 01 80 80 80 80 94 b2 f3 de 87 01 12 02 00 00 19 00 00 00 80 27 98 43 40 21 00 00 00 00 80 25 58 c0> },
     { request_type: 'GET_HATCHED_EGGS' },
     { request_type: 'GET_INVENTORY',
       request_message: <Buffer 08 96 c2 c4 98 e5 2a> },
     { request_type: 'CHECK_AWARDED_BADGES' },
     { request_type: 'DOWNLOAD_SETTINGS',
       request_message: <Buffer 0a 28 35 34 62 33 35 39 63 39 37 65 34 36 39 30 30 66 38 37 32 31 31 65 66 36 65 36 64 64 30 62 37 66 32 61 33 65 61 31 66 35> } ],
  unknown6: 
   { unknown1: 6,
     unknown2: { unknown1: <Buffer ce a0 6a 71 30 d2 c9 8e 1a 94 a8 1b 6b 3c 4a 46 e3 61 28 f5 b2 99 89 5d 9a 5d ba b4 c3 09 eb fe 08 96 08 13 21 5d ea ab 07 b7 18 60 ff eb 2c a1 eb 5f ... > } },
  latitude: 39.18870544433594,
  longitude: -96.5859375,
  altitude: 6,
  auth_ticket: 
   { start: <Buffer b2 3c 15 e7 76 f6 cc 8d a0 1d e6 55 f3 db e6 c7 9e 45 2a 88 3e fb 16 fa b3 40 61 85 b7 1e bc 7f c5 73 76 25 ef 60 90 aa 02 11 a1 33 cf f2 b9 72 a8 7f ... >,
     expire_timestamp_ms: '1470274240349',
     end: <Buffer 25 b9 cb 79 58 42 c3 96 d1 a1 f6 d4 91 9a 3a 83> },
  unknown12: '691',
  '$unknownFields': [] }
[+] Request GetMapObjects found:  { cell_id: [ '9781199987298795520', '9781199989446279168' ],
  since_timestamp_ms: [ '0', '0' ],
  latitude: 39.18870544433594,
  longitude: -96.5859375,
  '$unknownFields': [] }
[+] Request GetHatchedEggs found:  {}
[+] Request GetInventory found:  { last_timestamp_ms: '1470272446742', '$unknownFields': [] }
[+] Request CheckAwardedBadges found:  {}
[+] Request DownloadSettings found:  { hash: '54b359c97e46900f87211ef6e6dd0b7f2a3ea1f5',
  '$unknownFields': [] }
[+] Modified RequestEnvelope:  { status_code: 2,
  request_id: '7359550066559811591',
  requests: 
   [ { request_type: 'GET_MAP_OBJECTS',
       request_message: <Buffer 0a 14 80 80 80 80 8c b2 f3 de 87 01 80 80 80 80 94 b2 f3 de 87 01 12 02 00 00 19 00 00 00 80 27 98 43 40 21 00 00 00 00 80 25 58 c0> },
     { request_type: 'GET_HATCHED_EGGS' },
     { request_type: 'GET_INVENTORY',
       request_message: <Buffer 08 96 c2 c4 98 e5 2a> },
     { request_type: 'CHECK_AWARDED_BADGES' },
     { request_type: 'DOWNLOAD_SETTINGS',
       request_message: <Buffer 0a 28 35 34 62 33 35 39 63 39 37 65 34 36 39 30 30 66 38 37 32 31 31 65 66 36 65 36 64 64 30 62 37 66 32 61 33 65 61 31 66 35> } ],
  unknown6: 
   { unknown1: 6,
     unknown2: { unknown1: <Buffer ce ce ce ce ce ce ce ce ce ce ce ce ce ce ce ce ce ce ce ce ce ce ce ce ce ce ce ce ce ce ce ce ce ce ce ce ce ce ce ce ce ce ce ce ce ce ce ce ce ce ... > } },
  latitude: 39.18870544433594,
  longitude: -96.5859375,
  altitude: 6,
  auth_ticket: 
   { start: <Buffer b2 3c 15 e7 76 f6 cc 8d a0 1d e6 55 f3 db e6 c7 9e 45 2a 88 3e fb 16 fa b3 40 61 85 b7 1e bc 7f c5 73 76 25 ef 60 90 aa 02 11 a1 33 cf f2 b9 72 a8 7f ... >,
     expire_timestamp_ms: '1470274240349',
     end: <Buffer 25 b9 cb 79 58 42 c3 96 d1 a1 f6 d4 91 9a 3a 83> },
  unknown12: '691',
  '$unknownFields': [] }
[+] Waiting for response...
[+] ResponseEnvelope found:  { status_code: 1,
  request_id: '7359550066559811591',
  unknown6: { unknown1: 6, unknown2: { unknown1: '1' } },
  returns: 
   [ <Buffer 0a 12 08 80 80 80 80 94 b2 f3 de 87 01 10 86 ec c4 98 e5 2a 0a 12 08 80 80 80 80 8c b2 f3 de 87 01 10 86 ec c4 98 e5 2a 10 01>,
     <Buffer 08 01>,
     <Buffer 08 01 12 0e 08 96 c2 c4 98 e5 2a 10 96 c2 c4 98 e5 2a>,
     <Buffer 08 01>,
     <Buffer 12 28 35 34 62 33 35 39 63 39 37 65 34 36 39 30 30 66 38 37 32 31 31 65 66 36 65 36 64 64 30 62 37 66 32 61 33 65 61 31 66 35> ],
  '$unknownFields': [] }
[+] Response GetMapObjects found:  { map_cells: 
   [ { s2_cell_id: '9781199989446279168',
       current_timestamp_ms: '1470272452102',
       forts: [],
       spawn_points: [],
       deleted_objects: [],
       fort_summaries: [],
       decimated_spawn_points: [],
       wild_pokemons: [],
       catchable_pokemons: [],
       nearby_pokemons: [] },
     { s2_cell_id: '9781199987298795520',
       current_timestamp_ms: '1470272452102',
       forts: [],
       spawn_points: [],
       deleted_objects: [],
       fort_summaries: [],
       decimated_spawn_points: [],
       wild_pokemons: [],
       catchable_pokemons: [],
       nearby_pokemons: [] } ],
  status: 'SUCCESS',
  '$unknownFields': [] }
[+] Response GetHatchedEggs found:  { success: true,
  pokemon_id: [],
  experience_awarded: [],
  candy_awarded: [],
  stardust_awarded: [],
  '$unknownFields': [] }
[+] Response GetInventory found:  { success: true,
  inventory_delta: 
   { original_timestamp_ms: '1470272446742',
     new_timestamp_ms: '1470272446742',
     inventory_items: [] },
  '$unknownFields': [] }
[+] Response CheckAwardedBadges found:  { success: true,
  awarded_badges: [],
  awarded_badge_levels: [],
  '$unknownFields': [] }
[+] Response DownloadSettings found:  { hash: '54b359c97e46900f87211ef6e6dd0b7f2a3ea1f5',
  '$unknownFields': [] }
